This file contains any messages produced by compilers while
running configure, to aid debugging if configure makes a mistake.

It was created by tcpdump configure 4.99.1, which was
generated by GNU Autoconf 2.69.  Invocation command line was

  $ ../configure --host=arm-linux CC=arm-fullhanv3-linux-uclibcgnueabi-gcc CFLAGS=-I./libpcap/include/ -L./libpcap/lib/ -static

## --------- ##
## Platform. ##
## --------- ##

hostname = l-VirtualBox
uname -m = x86_64
uname -r = 5.4.0-122-generic
uname -s = Linux
uname -v = #138~18.04.1-Ubuntu SMP Fri Jun 24 14:14:03 UTC 2022

/usr/bin/uname -p = unknown
/bin/uname -X     = unknown

/bin/arch              = unknown
/usr/bin/arch -k       = unknown
/usr/convex/getsysinfo = unknown
/usr/bin/hostinfo      = unknown
/bin/machine           = unknown
/usr/bin/oslevel       = unknown
/bin/universe          = unknown

PATH: /opt/fuhan/toolchain/arm-fullhanv2-linux-uclibcgnueabi-b2/bin
PATH: /opt/fuhan/toolchain/arm-fullhanv3-linux-uclibcgnueabi-b6/bin
PATH: /usr/local/sbin
PATH: /usr/local/bin
PATH: /usr/sbin
PATH: /usr/bin
PATH: /sbin
PATH: /bin
PATH: /usr/games
PATH: /usr/local/games
PATH: /snap/bin


## ----------- ##
## Core tests. ##
## ----------- ##

configure:2290: checking build system type
configure:2304: result: x86_64-pc-linux-uclibc
configure:2324: checking host system type
configure:2337: result: arm-unknown-linux-gnu
configure:2442: checking for arm-linux-gcc
configure:2469: result: arm-fullhanv3-linux-uclibcgnueabi-gcc
configure:2738: checking for C compiler version
configure:2747: arm-fullhanv3-linux-uclibcgnueabi-gcc --version >&5
arm-fullhanv3-linux-uclibcgnueabi-gcc (arm_multilib_uclibc_20200924) 6.5.0
Copyright (C) 2017 Free Software Foundation, Inc.
This is free software; see the source for copying conditions.  There is NO
warranty; not even for MERCHANTABILITY or FITNESS FOR A PARTICULAR PURPOSE.

configure:2758: $? = 0
configure:2747: arm-fullhanv3-linux-uclibcgnueabi-gcc -v >&5
Using built-in specs.
COLLECT_GCC=arm-fullhanv3-linux-uclibcgnueabi-gcc
COLLECT_LTO_WRAPPER=/opt/fuhan/toolchain/arm-fullhanv3-linux-uclibcgnueabi-b6/bin/../libexec/gcc/arm-fullhanv3-linux-uclibcgnueabi/6.5.0/lto-wrapper
Target: arm-fullhanv3-linux-uclibcgnueabi
Configured with: /home/panzm/works/gcc/arm-fullhanv3-linux-uclibcgnueabi/arm-fullhanv3-linux-uclibcgnueabi/src/gcc/configure --build=i686-build_pc-linux-gnu --host=i686-build_pc-linux-gnu --target=arm-fullhanv3-linux-uclibcgnueabi --prefix=/home/panzm/projects/toolchains/arm-fullhanv3-linux-uclibcgnueabi-b6 --with-sysroot=/home/panzm/projects/toolchains/arm-fullhanv3-linux-uclibcgnueabi-b6/arm-fullhanv3-linux-uclibcgnueabi/sysroot --enable-languages=c,c++ --with-pkgversion=arm_multilib_uclibc_20200924 --with-bugurl=http://www.fullhan.com --enable-__cxa_atexit --disable-libmudflap --disable-libgomp --disable-libssp --disable-libquadmath --disable-libquadmath-support --disable-libsanitizer --disable-libmpx --with-gmp=/home/panzm/works/gcc/arm-fullhanv3-linux-uclibcgnueabi/arm-fullhanv3-linux-uclibcgnueabi/buildtools --with-mpfr=/home/panzm/works/gcc/arm-fullhanv3-linux-uclibcgnueabi/arm-fullhanv3-linux-uclibcgnueabi/buildtools --with-mpc=/home/panzm/works/gcc/arm-fullhanv3-linux-uclibcgnueabi/arm-fullhanv3-linux-uclibcgnueabi/buildtools --with-isl=/home/panzm/works/gcc/arm-fullhanv3-linux-uclibcgnueabi/arm-fullhanv3-linux-uclibcgnueabi/buildtools --enable-lto --enable-threads=posix --enable-target-optspace --disable-libstdcxx-pch --disable-plugin --disable-nls --enable-multiarch --with-multilib-list=aprofile --with-local-prefix=/home/panzm/projects/toolchains/arm-fullhanv3-linux-uclibcgnueabi-b6/arm-fullhanv3-linux-uclibcgnueabi/sysroot --enable-long-long
Thread model: posix
gcc version 6.5.0 (arm_multilib_uclibc_20200924) 
configure:2758: $? = 0
configure:2747: arm-fullhanv3-linux-uclibcgnueabi-gcc -V >&5
arm-fullhanv3-linux-uclibcgnueabi-gcc: error: unrecognized command line option '-V'
arm-fullhanv3-linux-uclibcgnueabi-gcc: fatal error: no input files
compilation terminated.
configure:2758: $? = 1
configure:2747: arm-fullhanv3-linux-uclibcgnueabi-gcc -qversion >&5
arm-fullhanv3-linux-uclibcgnueabi-gcc: error: unrecognized command line option '-qversion'; did you mean '--version'?
arm-fullhanv3-linux-uclibcgnueabi-gcc: fatal error: no input files
compilation terminated.
configure:2758: $? = 1
configure:2778: checking whether the C compiler works
configure:2800: arm-fullhanv3-linux-uclibcgnueabi-gcc -I./libpcap/include/ -L./libpcap/lib/ -static   conftest.c  >&5
configure:2804: $? = 0
configure:2852: result: yes
configure:2855: checking for C compiler default output file name
configure:2857: result: a.out
configure:2863: checking for suffix of executables
configure:2870: arm-fullhanv3-linux-uclibcgnueabi-gcc -o conftest -I./libpcap/include/ -L./libpcap/lib/ -static   conftest.c  >&5
configure:2874: $? = 0
configure:2896: result: 
configure:2918: checking whether we are cross compiling
configure:2926: arm-fullhanv3-linux-uclibcgnueabi-gcc -o conftest -I./libpcap/include/ -L./libpcap/lib/ -static   conftest.c  >&5
configure:2930: $? = 0
configure:2937: ./conftest
../configure: line 2939: ./conftest: cannot execute binary file: Exec format error
configure:2941: $? = 126
configure:2956: result: yes
configure:2961: checking for suffix of object files
configure:2983: arm-fullhanv3-linux-uclibcgnueabi-gcc -c -I./libpcap/include/ -L./libpcap/lib/ -static  conftest.c >&5
configure:2987: $? = 0
configure:3008: result: o
configure:3012: checking whether we are using the GNU C compiler
configure:3031: arm-fullhanv3-linux-uclibcgnueabi-gcc -c -I./libpcap/include/ -L./libpcap/lib/ -static  conftest.c >&5
configure:3031: $? = 0
configure:3040: result: yes
configure:3049: checking whether arm-fullhanv3-linux-uclibcgnueabi-gcc accepts -g
configure:3069: arm-fullhanv3-linux-uclibcgnueabi-gcc -c -g  conftest.c >&5
configure:3069: $? = 0
configure:3110: result: yes
configure:3127: checking for arm-fullhanv3-linux-uclibcgnueabi-gcc option to accept ISO C89
configure:3190: arm-fullhanv3-linux-uclibcgnueabi-gcc  -c -I./libpcap/include/ -L./libpcap/lib/ -static  conftest.c >&5
configure:3190: $? = 0
configure:3203: result: none needed
configure:3223: checking for arm-fullhanv3-linux-uclibcgnueabi-gcc option to accept ISO C99
configure:3372: arm-fullhanv3-linux-uclibcgnueabi-gcc  -c -I./libpcap/include/ -L./libpcap/lib/ -static  conftest.c >&5
configure:3372: $? = 0
configure:3385: result: none needed
configure:3540: checking for inline
configure:3576: arm-fullhanv3-linux-uclibcgnueabi-gcc -c   conftest.c >&5
configure:3576: $? = 0
configure:3591: result: inline
configure:3608: checking how to run the C preprocessor
configure:3639: arm-fullhanv3-linux-uclibcgnueabi-gcc -E  conftest.c
configure:3639: $? = 0
configure:3653: arm-fullhanv3-linux-uclibcgnueabi-gcc -E  conftest.c
conftest.c:10:28: fatal error: ac_nonexistent.h: No such file or directory
 #include <ac_nonexistent.h>
                            ^
compilation terminated.
configure:3653: $? = 1
configure: failed program was:
| /* confdefs.h */
| #define PACKAGE_NAME "tcpdump"
| #define PACKAGE_TARNAME "tcpdump"
| #define PACKAGE_VERSION "4.99.1"
| #define PACKAGE_STRING "tcpdump 4.99.1"
| #define PACKAGE_BUGREPORT ""
| #define PACKAGE_URL ""
| #define inline inline
| /* end confdefs.h.  */
| #include <ac_nonexistent.h>
configure:3678: result: arm-fullhanv3-linux-uclibcgnueabi-gcc -E
configure:3698: arm-fullhanv3-linux-uclibcgnueabi-gcc -E  conftest.c
configure:3698: $? = 0
configure:3712: arm-fullhanv3-linux-uclibcgnueabi-gcc -E  conftest.c
conftest.c:10:28: fatal error: ac_nonexistent.h: No such file or directory
 #include <ac_nonexistent.h>
                            ^
compilation terminated.
configure:3712: $? = 1
configure: failed program was:
| /* confdefs.h */
| #define PACKAGE_NAME "tcpdump"
| #define PACKAGE_TARNAME "tcpdump"
| #define PACKAGE_VERSION "4.99.1"
| #define PACKAGE_STRING "tcpdump 4.99.1"
| #define PACKAGE_BUGREPORT ""
| #define PACKAGE_URL ""
| #define inline inline
| /* end confdefs.h.  */
| #include <ac_nonexistent.h>
configure:3741: checking for grep that handles long lines and -e
configure:3799: result: /bin/grep
configure:3804: checking for egrep
configure:3866: result: /bin/grep -E
configure:3871: checking for ANSI C header files
configure:3891: arm-fullhanv3-linux-uclibcgnueabi-gcc -c -I./libpcap/include/ -L./libpcap/lib/ -static  conftest.c >&5
configure:3891: $? = 0
configure:3975: result: yes
configure:3988: checking for sys/types.h
configure:3988: arm-fullhanv3-linux-uclibcgnueabi-gcc -c -I./libpcap/include/ -L./libpcap/lib/ -static  conftest.c >&5
configure:3988: $? = 0
configure:3988: result: yes
configure:3988: checking for sys/stat.h
configure:3988: arm-fullhanv3-linux-uclibcgnueabi-gcc -c -I./libpcap/include/ -L./libpcap/lib/ -static  conftest.c >&5
configure:3988: $? = 0
configure:3988: result: yes
configure:3988: checking for stdlib.h
configure:3988: arm-fullhanv3-linux-uclibcgnueabi-gcc -c -I./libpcap/include/ -L./libpcap/lib/ -static  conftest.c >&5
configure:3988: $? = 0
configure:3988: result: yes
configure:3988: checking for string.h
configure:3988: arm-fullhanv3-linux-uclibcgnueabi-gcc -c -I./libpcap/include/ -L./libpcap/lib/ -static  conftest.c >&5
configure:3988: $? = 0
configure:3988: result: yes
configure:3988: checking for memory.h
configure:3988: arm-fullhanv3-linux-uclibcgnueabi-gcc -c -I./libpcap/include/ -L./libpcap/lib/ -static  conftest.c >&5
configure:3988: $? = 0
configure:3988: result: yes
configure:3988: checking for strings.h
configure:3988: arm-fullhanv3-linux-uclibcgnueabi-gcc -c -I./libpcap/include/ -L./libpcap/lib/ -static  conftest.c >&5
configure:3988: $? = 0
configure:3988: result: yes
configure:3988: checking for inttypes.h
configure:3988: arm-fullhanv3-linux-uclibcgnueabi-gcc -c -I./libpcap/include/ -L./libpcap/lib/ -static  conftest.c >&5
configure:3988: $? = 0
configure:3988: result: yes
configure:3988: checking for stdint.h
configure:3988: arm-fullhanv3-linux-uclibcgnueabi-gcc -c -I./libpcap/include/ -L./libpcap/lib/ -static  conftest.c >&5
configure:3988: $? = 0
configure:3988: result: yes
configure:3988: checking for unistd.h
configure:3988: arm-fullhanv3-linux-uclibcgnueabi-gcc -c -I./libpcap/include/ -L./libpcap/lib/ -static  conftest.c >&5
configure:3988: $? = 0
configure:3988: result: yes
configure:4003: checking fcntl.h usability
configure:4003: arm-fullhanv3-linux-uclibcgnueabi-gcc -c -I./libpcap/include/ -L./libpcap/lib/ -static  conftest.c >&5
configure:4003: $? = 0
configure:4003: result: yes
configure:4003: checking fcntl.h presence
configure:4003: arm-fullhanv3-linux-uclibcgnueabi-gcc -E  conftest.c
configure:4003: $? = 0
configure:4003: result: yes
configure:4003: checking for fcntl.h
configure:4003: result: yes
configure:4003: checking rpc/rpc.h usability
configure:4003: arm-fullhanv3-linux-uclibcgnueabi-gcc -c -I./libpcap/include/ -L./libpcap/lib/ -static  conftest.c >&5
configure:4003: $? = 0
configure:4003: result: yes
configure:4003: checking rpc/rpc.h presence
configure:4003: arm-fullhanv3-linux-uclibcgnueabi-gcc -E  conftest.c
configure:4003: $? = 0
configure:4003: result: yes
configure:4003: checking for rpc/rpc.h
configure:4003: result: yes
configure:4003: checking rpc/rpcent.h usability
configure:4003: arm-fullhanv3-linux-uclibcgnueabi-gcc -c -I./libpcap/include/ -L./libpcap/lib/ -static  conftest.c >&5
conftest.c:55:24: fatal error: rpc/rpcent.h: No such file or directory
 #include <rpc/rpcent.h>
                        ^
compilation terminated.
configure:4003: $? = 1
configure: failed program was:
| /* confdefs.h */
| #define PACKAGE_NAME "tcpdump"
| #define PACKAGE_TARNAME "tcpdump"
| #define PACKAGE_VERSION "4.99.1"
| #define PACKAGE_STRING "tcpdump 4.99.1"
| #define PACKAGE_BUGREPORT ""
| #define PACKAGE_URL ""
| #define inline inline
| #define STDC_HEADERS 1
| #define HAVE_SYS_TYPES_H 1
| #define HAVE_SYS_STAT_H 1
| #define HAVE_STDLIB_H 1
| #define HAVE_STRING_H 1
| #define HAVE_MEMORY_H 1
| #define HAVE_STRINGS_H 1
| #define HAVE_INTTYPES_H 1
| #define HAVE_STDINT_H 1
| #define HAVE_UNISTD_H 1
| #define HAVE_FCNTL_H 1
| #define HAVE_RPC_RPC_H 1
| /* end confdefs.h.  */
| #include <stdio.h>
| #ifdef HAVE_SYS_TYPES_H
| # include <sys/types.h>
| #endif
| #ifdef HAVE_SYS_STAT_H
| # include <sys/stat.h>
| #endif
| #ifdef STDC_HEADERS
| # include <stdlib.h>
| # include <stddef.h>
| #else
| # ifdef HAVE_STDLIB_H
| #  include <stdlib.h>
| # endif
| #endif
| #ifdef HAVE_STRING_H
| # if !defined STDC_HEADERS && defined HAVE_MEMORY_H
| #  include <memory.h>
| # endif
| # include <string.h>
| #endif
| #ifdef HAVE_STRINGS_H
| # include <strings.h>
| #endif
| #ifdef HAVE_INTTYPES_H
| # include <inttypes.h>
| #endif
| #ifdef HAVE_STDINT_H
| # include <stdint.h>
| #endif
| #ifdef HAVE_UNISTD_H
| # include <unistd.h>
| #endif
| #include <rpc/rpcent.h>
configure:4003: result: no
configure:4003: checking rpc/rpcent.h presence
configure:4003: arm-fullhanv3-linux-uclibcgnueabi-gcc -E  conftest.c
conftest.c:22:24: fatal error: rpc/rpcent.h: No such file or directory
 #include <rpc/rpcent.h>
                        ^
compilation terminated.
configure:4003: $? = 1
configure: failed program was:
| /* confdefs.h */
| #define PACKAGE_NAME "tcpdump"
| #define PACKAGE_TARNAME "tcpdump"
| #define PACKAGE_VERSION "4.99.1"
| #define PACKAGE_STRING "tcpdump 4.99.1"
| #define PACKAGE_BUGREPORT ""
| #define PACKAGE_URL ""
| #define inline inline
| #define STDC_HEADERS 1
| #define HAVE_SYS_TYPES_H 1
| #define HAVE_SYS_STAT_H 1
| #define HAVE_STDLIB_H 1
| #define HAVE_STRING_H 1
| #define HAVE_MEMORY_H 1
| #define HAVE_STRINGS_H 1
| #define HAVE_INTTYPES_H 1
| #define HAVE_STDINT_H 1
| #define HAVE_UNISTD_H 1
| #define HAVE_FCNTL_H 1
| #define HAVE_RPC_RPC_H 1
| /* end confdefs.h.  */
| #include <rpc/rpcent.h>
configure:4003: result: no
configure:4003: checking for rpc/rpcent.h
configure:4003: result: no
configure:4003: checking net/if.h usability
configure:4003: arm-fullhanv3-linux-uclibcgnueabi-gcc -c -I./libpcap/include/ -L./libpcap/lib/ -static  conftest.c >&5
configure:4003: $? = 0
configure:4003: result: yes
configure:4003: checking net/if.h presence
configure:4003: arm-fullhanv3-linux-uclibcgnueabi-gcc -E  conftest.c
configure:4003: $? = 0
configure:4003: result: yes
configure:4003: checking for net/if.h
configure:4003: result: yes
configure:4015: checking for net/pfvar.h
configure:4015: arm-fullhanv3-linux-uclibcgnueabi-gcc -c -I./libpcap/include/ -L./libpcap/lib/ -static  conftest.c >&5
conftest.c:27:23: fatal error: net/pfvar.h: No such file or directory
 #include <net/pfvar.h>
                       ^
compilation terminated.
configure:4015: $? = 1
configure: failed program was:
| /* confdefs.h */
| #define PACKAGE_NAME "tcpdump"
| #define PACKAGE_TARNAME "tcpdump"
| #define PACKAGE_VERSION "4.99.1"
| #define PACKAGE_STRING "tcpdump 4.99.1"
| #define PACKAGE_BUGREPORT ""
| #define PACKAGE_URL ""
| #define inline inline
| #define STDC_HEADERS 1
| #define HAVE_SYS_TYPES_H 1
| #define HAVE_SYS_STAT_H 1
| #define HAVE_STDLIB_H 1
| #define HAVE_STRING_H 1
| #define HAVE_MEMORY_H 1
| #define HAVE_STRINGS_H 1
| #define HAVE_INTTYPES_H 1
| #define HAVE_STDINT_H 1
| #define HAVE_UNISTD_H 1
| #define HAVE_FCNTL_H 1
| #define HAVE_RPC_RPC_H 1
| #define HAVE_NET_IF_H 1
| /* end confdefs.h.  */
| #include <sys/types.h>
| #include <sys/socket.h>
| #include <net/if.h>
| 
| #include <net/pfvar.h>
configure:4015: result: no
configure:4094: checking smi.h usability
configure:4094: arm-fullhanv3-linux-uclibcgnueabi-gcc -c -I./libpcap/include/ -L./libpcap/lib/ -static  conftest.c >&5
conftest.c:56:17: fatal error: smi.h: No such file or directory
 #include <smi.h>
                 ^
compilation terminated.
configure:4094: $? = 1
configure: failed program was:
| /* confdefs.h */
| #define PACKAGE_NAME "tcpdump"
| #define PACKAGE_TARNAME "tcpdump"
| #define PACKAGE_VERSION "4.99.1"
| #define PACKAGE_STRING "tcpdump 4.99.1"
| #define PACKAGE_BUGREPORT ""
| #define PACKAGE_URL ""
| #define inline inline
| #define STDC_HEADERS 1
| #define HAVE_SYS_TYPES_H 1
| #define HAVE_SYS_STAT_H 1
| #define HAVE_STDLIB_H 1
| #define HAVE_STRING_H 1
| #define HAVE_MEMORY_H 1
| #define HAVE_STRINGS_H 1
| #define HAVE_INTTYPES_H 1
| #define HAVE_STDINT_H 1
| #define HAVE_UNISTD_H 1
| #define HAVE_FCNTL_H 1
| #define HAVE_RPC_RPC_H 1
| #define HAVE_NET_IF_H 1
| /* end confdefs.h.  */
| #include <stdio.h>
| #ifdef HAVE_SYS_TYPES_H
| # include <sys/types.h>
| #endif
| #ifdef HAVE_SYS_STAT_H
| # include <sys/stat.h>
| #endif
| #ifdef STDC_HEADERS
| # include <stdlib.h>
| # include <stddef.h>
| #else
| # ifdef HAVE_STDLIB_H
| #  include <stdlib.h>
| # endif
| #endif
| #ifdef HAVE_STRING_H
| # if !defined STDC_HEADERS && defined HAVE_MEMORY_H
| #  include <memory.h>
| # endif
| # include <string.h>
| #endif
| #ifdef HAVE_STRINGS_H
| # include <strings.h>
| #endif
| #ifdef HAVE_INTTYPES_H
| # include <inttypes.h>
| #endif
| #ifdef HAVE_STDINT_H
| # include <stdint.h>
| #endif
| #ifdef HAVE_UNISTD_H
| # include <unistd.h>
| #endif
| #include <smi.h>
configure:4094: result: no
configure:4094: checking smi.h presence
configure:4094: arm-fullhanv3-linux-uclibcgnueabi-gcc -E  conftest.c
conftest.c:23:17: fatal error: smi.h: No such file or directory
 #include <smi.h>
                 ^
compilation terminated.
configure:4094: $? = 1
configure: failed program was:
| /* confdefs.h */
| #define PACKAGE_NAME "tcpdump"
| #define PACKAGE_TARNAME "tcpdump"
| #define PACKAGE_VERSION "4.99.1"
| #define PACKAGE_STRING "tcpdump 4.99.1"
| #define PACKAGE_BUGREPORT ""
| #define PACKAGE_URL ""
| #define inline inline
| #define STDC_HEADERS 1
| #define HAVE_SYS_TYPES_H 1
| #define HAVE_SYS_STAT_H 1
| #define HAVE_STDLIB_H 1
| #define HAVE_STRING_H 1
| #define HAVE_MEMORY_H 1
| #define HAVE_STRINGS_H 1
| #define HAVE_INTTYPES_H 1
| #define HAVE_STDINT_H 1
| #define HAVE_UNISTD_H 1
| #define HAVE_FCNTL_H 1
| #define HAVE_RPC_RPC_H 1
| #define HAVE_NET_IF_H 1
| /* end confdefs.h.  */
| #include <smi.h>
configure:4094: result: no
configure:4094: checking for smi.h
configure:4094: result: no
configure:4213: checking whether to enable the possibly-buggy SMB printer
configure:4230: result: no
configure:4241: checking whether to drop root privileges by default
configure:4252: result: no
configure:4262: checking whether to chroot
configure:4273: result: no
configure:4407: checking whether to sandbox using capsicum
configure:4416: result: no
configure:4419: checking whether to sandbox using Casper library
configure:4428: result: no
configure:4442: checking for library containing gethostbyname
configure:4473: arm-fullhanv3-linux-uclibcgnueabi-gcc -o conftest -I./libpcap/include/ -L./libpcap/lib/ -static   conftest.c  >&5
/opt/fuhan/toolchain/arm-fullhanv3-linux-uclibcgnueabi-b6/bin/../lib/gcc/arm-fullhanv3-linux-uclibcgnueabi/6.5.0/../../../../arm-fullhanv3-linux-uclibcgnueabi/bin/ld: /tmp/cc0a0ib8.o: in function `main':
conftest.c:(.text+0x8): warning: gethostbyname is obsolescent, use getnameinfo() instead.
configure:4473: $? = 0
configure:4490: result: none required
configure:4543: checking for library containing socket
configure:4574: arm-fullhanv3-linux-uclibcgnueabi-gcc -o conftest -I./libpcap/include/ -L./libpcap/lib/ -static   conftest.c  >&5
configure:4574: $? = 0
configure:4591: result: none required
configure:4641: checking for library containing putmsg
configure:4672: arm-fullhanv3-linux-uclibcgnueabi-gcc -o conftest -I./libpcap/include/ -L./libpcap/lib/ -static   conftest.c  >&5
/opt/fuhan/toolchain/arm-fullhanv3-linux-uclibcgnueabi-b6/bin/../lib/gcc/arm-fullhanv3-linux-uclibcgnueabi/6.5.0/../../../../arm-fullhanv3-linux-uclibcgnueabi/bin/ld: /tmp/ccD6Mbii.o: in function `main':
conftest.c:(.text+0x8): undefined reference to `putmsg'
collect2: error: ld returned 1 exit status
configure:4672: $? = 1
configure: failed program was:
| /* confdefs.h */
| #define PACKAGE_NAME "tcpdump"
| #define PACKAGE_TARNAME "tcpdump"
| #define PACKAGE_VERSION "4.99.1"
| #define PACKAGE_STRING "tcpdump 4.99.1"
| #define PACKAGE_BUGREPORT ""
| #define PACKAGE_URL ""
| #define inline inline
| #define STDC_HEADERS 1
| #define HAVE_SYS_TYPES_H 1
| #define HAVE_SYS_STAT_H 1
| #define HAVE_STDLIB_H 1
| #define HAVE_STRING_H 1
| #define HAVE_MEMORY_H 1
| #define HAVE_STRINGS_H 1
| #define HAVE_INTTYPES_H 1
| #define HAVE_STDINT_H 1
| #define HAVE_UNISTD_H 1
| #define HAVE_FCNTL_H 1
| #define HAVE_RPC_RPC_H 1
| #define HAVE_NET_IF_H 1
| /* end confdefs.h.  */
| 
| /* Override any GCC internal prototype to avoid an error.
|    Use char because int might match the return type of a GCC
|    builtin and then its argument prototype would still apply.  */
| #ifdef __cplusplus
| extern "C"
| #endif
| char putmsg ();
| int
| main ()
| {
| return putmsg ();
|   ;
|   return 0;
| }
configure:4672: arm-fullhanv3-linux-uclibcgnueabi-gcc -o conftest -I./libpcap/include/ -L./libpcap/lib/ -static   conftest.c -lstr   >&5
/opt/fuhan/toolchain/arm-fullhanv3-linux-uclibcgnueabi-b6/bin/../lib/gcc/arm-fullhanv3-linux-uclibcgnueabi/6.5.0/../../../../arm-fullhanv3-linux-uclibcgnueabi/bin/ld: cannot find -lstr
collect2: error: ld returned 1 exit status
configure:4672: $? = 1
configure: failed program was:
| /* confdefs.h */
| #define PACKAGE_NAME "tcpdump"
| #define PACKAGE_TARNAME "tcpdump"
| #define PACKAGE_VERSION "4.99.1"
| #define PACKAGE_STRING "tcpdump 4.99.1"
| #define PACKAGE_BUGREPORT ""
| #define PACKAGE_URL ""
| #define inline inline
| #define STDC_HEADERS 1
| #define HAVE_SYS_TYPES_H 1
| #define HAVE_SYS_STAT_H 1
| #define HAVE_STDLIB_H 1
| #define HAVE_STRING_H 1
| #define HAVE_MEMORY_H 1
| #define HAVE_STRINGS_H 1
| #define HAVE_INTTYPES_H 1
| #define HAVE_STDINT_H 1
| #define HAVE_UNISTD_H 1
| #define HAVE_FCNTL_H 1
| #define HAVE_RPC_RPC_H 1
| #define HAVE_NET_IF_H 1
| /* end confdefs.h.  */
| 
| /* Override any GCC internal prototype to avoid an error.
|    Use char because int might match the return type of a GCC
|    builtin and then its argument prototype would still apply.  */
| #ifdef __cplusplus
| extern "C"
| #endif
| char putmsg ();
| int
| main ()
| {
| return putmsg ();
|   ;
|   return 0;
| }
configure:4689: result: no
configure:4705: checking whether the operating system supports IPv6
configure:4731: arm-fullhanv3-linux-uclibcgnueabi-gcc -c -I./libpcap/include/ -L./libpcap/lib/ -static  conftest.c >&5
conftest.c: In function 'foo':
conftest.c:37:2: warning: implicit declaration of function 'memset' [-Wimplicit-function-declaration]
  memset(addr, 0, sizeof (struct in6_addr));
  ^~~~~~
conftest.c:37:2: warning: incompatible implicit declaration of built-in function 'memset'
conftest.c:37:2: note: include '<string.h>' or provide a declaration of 'memset'
configure:4731: $? = 0
configure:4733: result: yes
configure:4755: checking ipv6 stack type
configure:4873: result: linux-glibc
configure:4893: checking for strlcat
configure:4893: arm-fullhanv3-linux-uclibcgnueabi-gcc -o conftest -I./libpcap/include/ -L./libpcap/lib/ -static   conftest.c  >&5
configure:4893: $? = 0
configure:4893: result: yes
configure:4906: checking for strlcpy
configure:4906: arm-fullhanv3-linux-uclibcgnueabi-gcc -o conftest -I./libpcap/include/ -L./libpcap/lib/ -static   conftest.c  >&5
configure:4906: $? = 0
configure:4906: result: yes
configure:4919: checking for strdup
configure:4919: arm-fullhanv3-linux-uclibcgnueabi-gcc -o conftest -I./libpcap/include/ -L./libpcap/lib/ -static   conftest.c  >&5
conftest.c:49:6: warning: conflicting types for built-in function 'strdup'
 char strdup ();
      ^~~~~~
configure:4919: $? = 0
configure:4919: result: yes
configure:4932: checking for strsep
configure:4932: arm-fullhanv3-linux-uclibcgnueabi-gcc -o conftest -I./libpcap/include/ -L./libpcap/lib/ -static   conftest.c  >&5
configure:4932: $? = 0
configure:4932: result: yes
configure:4945: checking for getservent
configure:4945: arm-fullhanv3-linux-uclibcgnueabi-gcc -o conftest -I./libpcap/include/ -L./libpcap/lib/ -static   conftest.c  >&5
configure:4945: $? = 0
configure:4945: result: yes
configure:4958: checking for getopt_long
configure:4958: arm-fullhanv3-linux-uclibcgnueabi-gcc -o conftest -I./libpcap/include/ -L./libpcap/lib/ -static   conftest.c  >&5
configure:4958: $? = 0
configure:4958: result: yes
configure:4975: checking for fork
configure:4975: arm-fullhanv3-linux-uclibcgnueabi-gcc -o conftest -I./libpcap/include/ -L./libpcap/lib/ -static   conftest.c  >&5
conftest.c:53:6: warning: conflicting types for built-in function 'fork'
 char fork ();
      ^~~~
configure:4975: $? = 0
configure:4975: result: yes
configure:4975: checking for vfork
configure:4975: arm-fullhanv3-linux-uclibcgnueabi-gcc -o conftest -I./libpcap/include/ -L./libpcap/lib/ -static   conftest.c  >&5
configure:4975: $? = 0
configure:4975: result: yes
configure:4975: checking for strftime
configure:4975: arm-fullhanv3-linux-uclibcgnueabi-gcc -o conftest -I./libpcap/include/ -L./libpcap/lib/ -static   conftest.c  >&5
conftest.c:55:6: warning: conflicting types for built-in function 'strftime'
 char strftime ();
      ^~~~~~~~
configure:4975: $? = 0
configure:4975: result: yes
configure:4986: checking for setlinebuf
configure:4986: arm-fullhanv3-linux-uclibcgnueabi-gcc -o conftest -I./libpcap/include/ -L./libpcap/lib/ -static   conftest.c  >&5
configure:4986: $? = 0
configure:4986: result: yes
configure:4999: checking for vsnprintf
configure:4999: arm-fullhanv3-linux-uclibcgnueabi-gcc -o conftest -I./libpcap/include/ -L./libpcap/lib/ -static   conftest.c  >&5
conftest.c:57:6: warning: conflicting types for built-in function 'vsnprintf'
 char vsnprintf ();
      ^~~~~~~~~
configure:4999: $? = 0
configure:4999: result: yes
configure:5006: checking for snprintf
configure:5006: arm-fullhanv3-linux-uclibcgnueabi-gcc -o conftest -I./libpcap/include/ -L./libpcap/lib/ -static   conftest.c  >&5
conftest.c:57:6: warning: conflicting types for built-in function 'snprintf'
 char snprintf ();
      ^~~~~~~~
configure:5006: $? = 0
configure:5006: result: yes
configure:5014: checking for main in -lrpc
configure:5033: arm-fullhanv3-linux-uclibcgnueabi-gcc -o conftest -I./libpcap/include/ -L./libpcap/lib/ -static   conftest.c -lrpc   >&5
/opt/fuhan/toolchain/arm-fullhanv3-linux-uclibcgnueabi-b6/bin/../lib/gcc/arm-fullhanv3-linux-uclibcgnueabi/6.5.0/../../../../arm-fullhanv3-linux-uclibcgnueabi/bin/ld: cannot find -lrpc
collect2: error: ld returned 1 exit status
configure:5033: $? = 1
configure: failed program was:
| /* confdefs.h */
| #define PACKAGE_NAME "tcpdump"
| #define PACKAGE_TARNAME "tcpdump"
| #define PACKAGE_VERSION "4.99.1"
| #define PACKAGE_STRING "tcpdump 4.99.1"
| #define PACKAGE_BUGREPORT ""
| #define PACKAGE_URL ""
| #define inline inline
| #define STDC_HEADERS 1
| #define HAVE_SYS_TYPES_H 1
| #define HAVE_SYS_STAT_H 1
| #define HAVE_STDLIB_H 1
| #define HAVE_STRING_H 1
| #define HAVE_MEMORY_H 1
| #define HAVE_STRINGS_H 1
| #define HAVE_INTTYPES_H 1
| #define HAVE_STDINT_H 1
| #define HAVE_UNISTD_H 1
| #define HAVE_FCNTL_H 1
| #define HAVE_RPC_RPC_H 1
| #define HAVE_NET_IF_H 1
| #define HAVE_OS_IPV6_SUPPORT 1
| #define HAVE_STRLCAT 1
| #define HAVE_STRLCPY 1
| #define HAVE_STRDUP 1
| #define HAVE_STRSEP 1
| #define HAVE_GETSERVENT 1
| #define HAVE_GETOPT_LONG 1
| #define HAVE_FORK 1
| #define HAVE_VFORK 1
| #define HAVE_STRFTIME 1
| #define HAVE_SETLINEBUF 1
| /* end confdefs.h.  */
| 
| 
| int
| main ()
| {
| return main ();
|   ;
|   return 0;
| }
configure:5042: result: no
configure:5053: checking for library containing getrpcbynumber
configure:5084: arm-fullhanv3-linux-uclibcgnueabi-gcc -o conftest -I./libpcap/include/ -L./libpcap/lib/ -static   conftest.c  >&5
configure:5084: $? = 0
configure:5101: result: none required
configure:5134: checking whether to look for a local libpcap
configure:5155: result: yes
configure:5160: checking for local pcap library
configure:5183: result: not found
configure:5205: checking for arm-linux-pkg-config
configure:5238: result: no
configure:5248: checking for pkg-config
configure:5281: result: no
configure:5356: checking for arm-linux-pcap-config
configure:5389: result: no
configure:5399: checking for pcap-config
configure:5432: result: no
configure:5470: checking for main in -lpcap
configure:5489: arm-fullhanv3-linux-uclibcgnueabi-gcc -o conftest -I./libpcap/include/ -L./libpcap/lib/ -static   conftest.c -lpcap   >&5
configure:5489: $? = 0
configure:5498: result: yes
configure:5507: checking for extraneous pcap header directories
configure:5518: result: not found
configure:5706: checking for pcap_loop
configure:5706: arm-fullhanv3-linux-uclibcgnueabi-gcc -o conftest -I./libpcap/include/ -L./libpcap/lib/ -static   conftest.c -lpcap  >&5
/opt/fuhan/toolchain/arm-fullhanv3-linux-uclibcgnueabi-b6/bin/../lib/gcc/arm-fullhanv3-linux-uclibcgnueabi/6.5.0/../../../../arm-fullhanv3-linux-uclibcgnueabi/bin/ld: ./libpcap/lib//libpcap.a(nametoaddr.o): in function `pcap_nametoaddr':
/home/l/share/temp/tcpdump/libpcap-1.10.1/build/../nametoaddr.c:181: warning: gethostbyname is obsolescent, use getnameinfo() instead.
configure:5706: $? = 0
configure:5706: result: yes
configure:5742: checking for ether_ntohost
configure:5742: arm-fullhanv3-linux-uclibcgnueabi-gcc -o conftest -I./libpcap/include/ -L./libpcap/lib/ -static   conftest.c -lpcap  >&5
configure:5742: $? = 0
configure:5742: result: yes
configure:5748: checking for buggy ether_ntohost
configure:5786: result: not while cross-compiling
configure:5977: checking for pcap_list_datalinks
configure:5977: arm-fullhanv3-linux-uclibcgnueabi-gcc -o conftest -I./libpcap/include/ -L./libpcap/lib/ -static   conftest.c -lpcap  >&5
/opt/fuhan/toolchain/arm-fullhanv3-linux-uclibcgnueabi-b6/bin/../lib/gcc/arm-fullhanv3-linux-uclibcgnueabi/6.5.0/../../../../arm-fullhanv3-linux-uclibcgnueabi/bin/ld: ./libpcap/lib//libpcap.a(nametoaddr.o): in function `pcap_nametoaddr':
/home/l/share/temp/tcpdump/libpcap-1.10.1/build/../nametoaddr.c:181: warning: gethostbyname is obsolescent, use getnameinfo() instead.
configure:5977: $? = 0
configure:5977: result: yes
configure:5985: checking for pcap_free_datalinks
configure:5985: arm-fullhanv3-linux-uclibcgnueabi-gcc -o conftest -I./libpcap/include/ -L./libpcap/lib/ -static   conftest.c -lpcap  >&5
/opt/fuhan/toolchain/arm-fullhanv3-linux-uclibcgnueabi-b6/bin/../lib/gcc/arm-fullhanv3-linux-uclibcgnueabi/6.5.0/../../../../arm-fullhanv3-linux-uclibcgnueabi/bin/ld: ./libpcap/lib//libpcap.a(nametoaddr.o): in function `pcap_nametoaddr':
/home/l/share/temp/tcpdump/libpcap-1.10.1/build/../nametoaddr.c:181: warning: gethostbyname is obsolescent, use getnameinfo() instead.
configure:5985: $? = 0
configure:5985: result: yes
configure:6007: checking for pcap_datalink_name_to_val
configure:6007: arm-fullhanv3-linux-uclibcgnueabi-gcc -o conftest -I./libpcap/include/ -L./libpcap/lib/ -static   conftest.c -lpcap  >&5
/opt/fuhan/toolchain/arm-fullhanv3-linux-uclibcgnueabi-b6/bin/../lib/gcc/arm-fullhanv3-linux-uclibcgnueabi/6.5.0/../../../../arm-fullhanv3-linux-uclibcgnueabi/bin/ld: ./libpcap/lib//libpcap.a(nametoaddr.o): in function `pcap_nametoaddr':
/home/l/share/temp/tcpdump/libpcap-1.10.1/build/../nametoaddr.c:181: warning: gethostbyname is obsolescent, use getnameinfo() instead.
configure:6007: $? = 0
configure:6007: result: yes
configure:6013: checking for pcap_datalink_val_to_description
configure:6013: arm-fullhanv3-linux-uclibcgnueabi-gcc -o conftest -I./libpcap/include/ -L./libpcap/lib/ -static   conftest.c -lpcap  >&5
/opt/fuhan/toolchain/arm-fullhanv3-linux-uclibcgnueabi-b6/bin/../lib/gcc/arm-fullhanv3-linux-uclibcgnueabi/6.5.0/../../../../arm-fullhanv3-linux-uclibcgnueabi/bin/ld: ./libpcap/lib//libpcap.a(nametoaddr.o): in function `pcap_nametoaddr':
/home/l/share/temp/tcpdump/libpcap-1.10.1/build/../nametoaddr.c:181: warning: gethostbyname is obsolescent, use getnameinfo() instead.
configure:6013: $? = 0
configure:6013: result: yes
configure:6044: checking for pcap_set_datalink
configure:6044: arm-fullhanv3-linux-uclibcgnueabi-gcc -o conftest -I./libpcap/include/ -L./libpcap/lib/ -static   conftest.c -lpcap  >&5
/opt/fuhan/toolchain/arm-fullhanv3-linux-uclibcgnueabi-b6/bin/../lib/gcc/arm-fullhanv3-linux-uclibcgnueabi/6.5.0/../../../../arm-fullhanv3-linux-uclibcgnueabi/bin/ld: ./libpcap/lib//libpcap.a(nametoaddr.o): in function `pcap_nametoaddr':
/home/l/share/temp/tcpdump/libpcap-1.10.1/build/../nametoaddr.c:181: warning: gethostbyname is obsolescent, use getnameinfo() instead.
configure:6044: $? = 0
configure:6044: result: yes
configure:6056: checking for pcap_breakloop
configure:6056: arm-fullhanv3-linux-uclibcgnueabi-gcc -o conftest -I./libpcap/include/ -L./libpcap/lib/ -static   conftest.c -lpcap  >&5
/opt/fuhan/toolchain/arm-fullhanv3-linux-uclibcgnueabi-b6/bin/../lib/gcc/arm-fullhanv3-linux-uclibcgnueabi/6.5.0/../../../../arm-fullhanv3-linux-uclibcgnueabi/bin/ld: ./libpcap/lib//libpcap.a(nametoaddr.o): in function `pcap_nametoaddr':
/home/l/share/temp/tcpdump/libpcap-1.10.1/build/../nametoaddr.c:181: warning: gethostbyname is obsolescent, use getnameinfo() instead.
configure:6056: $? = 0
configure:6056: result: yes
configure:6073: checking for pcap_create
configure:6073: arm-fullhanv3-linux-uclibcgnueabi-gcc -o conftest -I./libpcap/include/ -L./libpcap/lib/ -static   conftest.c -lpcap  >&5
/opt/fuhan/toolchain/arm-fullhanv3-linux-uclibcgnueabi-b6/bin/../lib/gcc/arm-fullhanv3-linux-uclibcgnueabi/6.5.0/../../../../arm-fullhanv3-linux-uclibcgnueabi/bin/ld: ./libpcap/lib//libpcap.a(nametoaddr.o): in function `pcap_nametoaddr':
/home/l/share/temp/tcpdump/libpcap-1.10.1/build/../nametoaddr.c:181: warning: gethostbyname is obsolescent, use getnameinfo() instead.
configure:6073: $? = 0
configure:6073: result: yes
configure:6089: checking for pcap_set_tstamp_type
configure:6089: arm-fullhanv3-linux-uclibcgnueabi-gcc -o conftest -I./libpcap/include/ -L./libpcap/lib/ -static   conftest.c -lpcap  >&5
/opt/fuhan/toolchain/arm-fullhanv3-linux-uclibcgnueabi-b6/bin/../lib/gcc/arm-fullhanv3-linux-uclibcgnueabi/6.5.0/../../../../arm-fullhanv3-linux-uclibcgnueabi/bin/ld: ./libpcap/lib//libpcap.a(nametoaddr.o): in function `pcap_nametoaddr':
/home/l/share/temp/tcpdump/libpcap-1.10.1/build/../nametoaddr.c:181: warning: gethostbyname is obsolescent, use getnameinfo() instead.
configure:6089: $? = 0
configure:6089: result: yes
configure:6104: checking for pcap_set_tstamp_precision
configure:6104: arm-fullhanv3-linux-uclibcgnueabi-gcc -o conftest -I./libpcap/include/ -L./libpcap/lib/ -static   conftest.c -lpcap  >&5
/opt/fuhan/toolchain/arm-fullhanv3-linux-uclibcgnueabi-b6/bin/../lib/gcc/arm-fullhanv3-linux-uclibcgnueabi/6.5.0/../../../../arm-fullhanv3-linux-uclibcgnueabi/bin/ld: ./libpcap/lib//libpcap.a(nametoaddr.o): in function `pcap_nametoaddr':
/home/l/share/temp/tcpdump/libpcap-1.10.1/build/../nametoaddr.c:181: warning: gethostbyname is obsolescent, use getnameinfo() instead.
configure:6104: $? = 0
configure:6104: result: yes
configure:6121: checking for pcap_findalldevs
configure:6121: arm-fullhanv3-linux-uclibcgnueabi-gcc -o conftest -I./libpcap/include/ -L./libpcap/lib/ -static   conftest.c -lpcap  >&5
/opt/fuhan/toolchain/arm-fullhanv3-linux-uclibcgnueabi-b6/bin/../lib/gcc/arm-fullhanv3-linux-uclibcgnueabi/6.5.0/../../../../arm-fullhanv3-linux-uclibcgnueabi/bin/ld: ./libpcap/lib//libpcap.a(nametoaddr.o): in function `pcap_nametoaddr':
/home/l/share/temp/tcpdump/libpcap-1.10.1/build/../nametoaddr.c:181: warning: gethostbyname is obsolescent, use getnameinfo() instead.
configure:6121: $? = 0
configure:6121: result: yes
configure:6133: checking for pcap_if_t
configure:6133: arm-fullhanv3-linux-uclibcgnueabi-gcc -c -I./libpcap/include/ -L./libpcap/lib/ -static  -I.. conftest.c >&5
configure:6133: $? = 0
configure:6133: arm-fullhanv3-linux-uclibcgnueabi-gcc -c -I./libpcap/include/ -L./libpcap/lib/ -static  -I.. conftest.c >&5
conftest.c: In function 'main':
conftest.c:51:24: error: expected expression before ')' token
 if (sizeof ((pcap_if_t)))
                        ^
configure:6133: $? = 1
configure: failed program was:
| /* confdefs.h */
| #define PACKAGE_NAME "tcpdump"
| #define PACKAGE_TARNAME "tcpdump"
| #define PACKAGE_VERSION "4.99.1"
| #define PACKAGE_STRING "tcpdump 4.99.1"
| #define PACKAGE_BUGREPORT ""
| #define PACKAGE_URL ""
| #define inline inline
| #define STDC_HEADERS 1
| #define HAVE_SYS_TYPES_H 1
| #define HAVE_SYS_STAT_H 1
| #define HAVE_STDLIB_H 1
| #define HAVE_STRING_H 1
| #define HAVE_MEMORY_H 1
| #define HAVE_STRINGS_H 1
| #define HAVE_INTTYPES_H 1
| #define HAVE_STDINT_H 1
| #define HAVE_UNISTD_H 1
| #define HAVE_FCNTL_H 1
| #define HAVE_RPC_RPC_H 1
| #define HAVE_NET_IF_H 1
| #define HAVE_OS_IPV6_SUPPORT 1
| #define HAVE_STRLCAT 1
| #define HAVE_STRLCPY 1
| #define HAVE_STRDUP 1
| #define HAVE_STRSEP 1
| #define HAVE_GETSERVENT 1
| #define HAVE_GETOPT_LONG 1
| #define HAVE_FORK 1
| #define HAVE_VFORK 1
| #define HAVE_STRFTIME 1
| #define HAVE_SETLINEBUF 1
| #define HAVE_GETRPCBYNUMBER 1
| #define HAVE_ETHER_NTOHOST 1
| #define HAVE_PCAP_LIST_DATALINKS 1
| #define HAVE_PCAP_FREE_DATALINKS 1
| #define HAVE_PCAP_DATALINK_NAME_TO_VAL 1
| #define HAVE_PCAP_DATALINK_VAL_TO_DESCRIPTION 1
| #define HAVE_PCAP_SET_DATALINK 1
| #define HAVE_PCAP_BREAKLOOP 1
| #define HAVE_PCAP_CREATE 1
| #define HAVE_PCAP_SET_TSTAMP_TYPE 1
| #define HAVE_PCAP_SET_TSTAMP_PRECISION 1
| #define HAVE_PCAP_FINDALLDEVS 1
| /* end confdefs.h.  */
| #include <pcap.h>
| 
| int
| main ()
| {
| if (sizeof ((pcap_if_t)))
| 	    return 0;
|   ;
|   return 0;
| }
configure:6133: result: yes
configure:6149: checking for pcap_dump_flush
configure:6149: arm-fullhanv3-linux-uclibcgnueabi-gcc -o conftest -I./libpcap/include/ -L./libpcap/lib/ -static   conftest.c -lpcap  >&5
/opt/fuhan/toolchain/arm-fullhanv3-linux-uclibcgnueabi-b6/bin/../lib/gcc/arm-fullhanv3-linux-uclibcgnueabi/6.5.0/../../../../arm-fullhanv3-linux-uclibcgnueabi/bin/ld: ./libpcap/lib//libpcap.a(nametoaddr.o): in function `pcap_nametoaddr':
/home/l/share/temp/tcpdump/libpcap-1.10.1/build/../nametoaddr.c:181: warning: gethostbyname is obsolescent, use getnameinfo() instead.
configure:6149: $? = 0
configure:6149: result: yes
configure:6149: checking for pcap_lib_version
configure:6149: arm-fullhanv3-linux-uclibcgnueabi-gcc -o conftest -I./libpcap/include/ -L./libpcap/lib/ -static   conftest.c -lpcap  >&5
/opt/fuhan/toolchain/arm-fullhanv3-linux-uclibcgnueabi-b6/bin/../lib/gcc/arm-fullhanv3-linux-uclibcgnueabi/6.5.0/../../../../arm-fullhanv3-linux-uclibcgnueabi/bin/ld: ./libpcap/lib//libpcap.a(nametoaddr.o): in function `pcap_nametoaddr':
/home/l/share/temp/tcpdump/libpcap-1.10.1/build/../nametoaddr.c:181: warning: gethostbyname is obsolescent, use getnameinfo() instead.
configure:6149: $? = 0
configure:6149: result: yes
configure:6197: checking for pcap_setdirection
configure:6197: arm-fullhanv3-linux-uclibcgnueabi-gcc -o conftest -I./libpcap/include/ -L./libpcap/lib/ -static   conftest.c -lpcap  >&5
/opt/fuhan/toolchain/arm-fullhanv3-linux-uclibcgnueabi-b6/bin/../lib/gcc/arm-fullhanv3-linux-uclibcgnueabi/6.5.0/../../../../arm-fullhanv3-linux-uclibcgnueabi/bin/ld: ./libpcap/lib//libpcap.a(nametoaddr.o): in function `pcap_nametoaddr':
/home/l/share/temp/tcpdump/libpcap-1.10.1/build/../nametoaddr.c:181: warning: gethostbyname is obsolescent, use getnameinfo() instead.
configure:6197: $? = 0
configure:6197: result: yes
configure:6197: checking for pcap_set_immediate_mode
configure:6197: arm-fullhanv3-linux-uclibcgnueabi-gcc -o conftest -I./libpcap/include/ -L./libpcap/lib/ -static   conftest.c -lpcap  >&5
/opt/fuhan/toolchain/arm-fullhanv3-linux-uclibcgnueabi-b6/bin/../lib/gcc/arm-fullhanv3-linux-uclibcgnueabi/6.5.0/../../../../arm-fullhanv3-linux-uclibcgnueabi/bin/ld: ./libpcap/lib//libpcap.a(nametoaddr.o): in function `pcap_nametoaddr':
/home/l/share/temp/tcpdump/libpcap-1.10.1/build/../nametoaddr.c:181: warning: gethostbyname is obsolescent, use getnameinfo() instead.
configure:6197: $? = 0
configure:6197: result: yes
configure:6197: checking for pcap_dump_ftell64
configure:6197: arm-fullhanv3-linux-uclibcgnueabi-gcc -o conftest -I./libpcap/include/ -L./libpcap/lib/ -static   conftest.c -lpcap  >&5
/opt/fuhan/toolchain/arm-fullhanv3-linux-uclibcgnueabi-b6/bin/../lib/gcc/arm-fullhanv3-linux-uclibcgnueabi/6.5.0/../../../../arm-fullhanv3-linux-uclibcgnueabi/bin/ld: ./libpcap/lib//libpcap.a(nametoaddr.o): in function `pcap_nametoaddr':
/home/l/share/temp/tcpdump/libpcap-1.10.1/build/../nametoaddr.c:181: warning: gethostbyname is obsolescent, use getnameinfo() instead.
configure:6197: $? = 0
configure:6197: result: yes
configure:6209: checking for pcap_open
configure:6209: arm-fullhanv3-linux-uclibcgnueabi-gcc -o conftest -I./libpcap/include/ -L./libpcap/lib/ -static   conftest.c -lpcap  >&5
/opt/fuhan/toolchain/arm-fullhanv3-linux-uclibcgnueabi-b6/bin/../lib/gcc/arm-fullhanv3-linux-uclibcgnueabi/6.5.0/../../../../arm-fullhanv3-linux-uclibcgnueabi/bin/ld: /tmp/ccMvCZ3N.o: in function `main':
conftest.c:(.text+0x8): undefined reference to `pcap_open'
collect2: error: ld returned 1 exit status
configure:6209: $? = 1
configure: failed program was:
| /* confdefs.h */
| #define PACKAGE_NAME "tcpdump"
| #define PACKAGE_TARNAME "tcpdump"
| #define PACKAGE_VERSION "4.99.1"
| #define PACKAGE_STRING "tcpdump 4.99.1"
| #define PACKAGE_BUGREPORT ""
| #define PACKAGE_URL ""
| #define inline inline
| #define STDC_HEADERS 1
| #define HAVE_SYS_TYPES_H 1
| #define HAVE_SYS_STAT_H 1
| #define HAVE_STDLIB_H 1
| #define HAVE_STRING_H 1
| #define HAVE_MEMORY_H 1
| #define HAVE_STRINGS_H 1
| #define HAVE_INTTYPES_H 1
| #define HAVE_STDINT_H 1
| #define HAVE_UNISTD_H 1
| #define HAVE_FCNTL_H 1
| #define HAVE_RPC_RPC_H 1
| #define HAVE_NET_IF_H 1
| #define HAVE_OS_IPV6_SUPPORT 1
| #define HAVE_STRLCAT 1
| #define HAVE_STRLCPY 1
| #define HAVE_STRDUP 1
| #define HAVE_STRSEP 1
| #define HAVE_GETSERVENT 1
| #define HAVE_GETOPT_LONG 1
| #define HAVE_FORK 1
| #define HAVE_VFORK 1
| #define HAVE_STRFTIME 1
| #define HAVE_SETLINEBUF 1
| #define HAVE_GETRPCBYNUMBER 1
| #define HAVE_ETHER_NTOHOST 1
| #define HAVE_PCAP_LIST_DATALINKS 1
| #define HAVE_PCAP_FREE_DATALINKS 1
| #define HAVE_PCAP_DATALINK_NAME_TO_VAL 1
| #define HAVE_PCAP_DATALINK_VAL_TO_DESCRIPTION 1
| #define HAVE_PCAP_SET_DATALINK 1
| #define HAVE_PCAP_BREAKLOOP 1
| #define HAVE_PCAP_CREATE 1
| #define HAVE_PCAP_SET_TSTAMP_TYPE 1
| #define HAVE_PCAP_SET_TSTAMP_PRECISION 1
| #define HAVE_PCAP_FINDALLDEVS 1
| #define HAVE_PCAP_IF_T 1
| #define HAVE_PCAP_DUMP_FLUSH 1
| #define HAVE_PCAP_LIB_VERSION 1
| #define HAVE_PCAP_SETDIRECTION 1
| #define HAVE_PCAP_SET_IMMEDIATE_MODE 1
| #define HAVE_PCAP_DUMP_FTELL64 1
| /* end confdefs.h.  */
| /* Define pcap_open to an innocuous variant, in case <limits.h> declares pcap_open.
|    For example, HP-UX 11i <limits.h> declares gettimeofday.  */
| #define pcap_open innocuous_pcap_open
| 
| /* System header to define __stub macros and hopefully few prototypes,
|     which can conflict with char pcap_open (); below.
|     Prefer <limits.h> to <assert.h> if __STDC__ is defined, since
|     <limits.h> exists even on freestanding compilers.  */
| 
| #ifdef __STDC__
| # include <limits.h>
| #else
| # include <assert.h>
| #endif
| 
| #undef pcap_open
| 
| /* Override any GCC internal prototype to avoid an error.
|    Use char because int might match the return type of a GCC
|    builtin and then its argument prototype would still apply.  */
| #ifdef __cplusplus
| extern "C"
| #endif
| char pcap_open ();
| /* The GNU C library defines this for functions which it implements
|     to always fail with ENOSYS.  Some functions are actually named
|     something starting with __ and the normal name is an alias.  */
| #if defined __stub_pcap_open || defined __stub___pcap_open
| choke me
| #endif
| 
| int
| main ()
| {
| return pcap_open ();
|   ;
|   return 0;
| }
configure:6209: result: no
configure:6209: checking for pcap_findalldevs_ex
configure:6209: arm-fullhanv3-linux-uclibcgnueabi-gcc -o conftest -I./libpcap/include/ -L./libpcap/lib/ -static   conftest.c -lpcap  >&5
/opt/fuhan/toolchain/arm-fullhanv3-linux-uclibcgnueabi-b6/bin/../lib/gcc/arm-fullhanv3-linux-uclibcgnueabi/6.5.0/../../../../arm-fullhanv3-linux-uclibcgnueabi/bin/ld: /tmp/ccN3knbS.o: in function `main':
conftest.c:(.text+0x8): undefined reference to `pcap_findalldevs_ex'
collect2: error: ld returned 1 exit status
configure:6209: $? = 1
configure: failed program was:
| /* confdefs.h */
| #define PACKAGE_NAME "tcpdump"
| #define PACKAGE_TARNAME "tcpdump"
| #define PACKAGE_VERSION "4.99.1"
| #define PACKAGE_STRING "tcpdump 4.99.1"
| #define PACKAGE_BUGREPORT ""
| #define PACKAGE_URL ""
| #define inline inline
| #define STDC_HEADERS 1
| #define HAVE_SYS_TYPES_H 1
| #define HAVE_SYS_STAT_H 1
| #define HAVE_STDLIB_H 1
| #define HAVE_STRING_H 1
| #define HAVE_MEMORY_H 1
| #define HAVE_STRINGS_H 1
| #define HAVE_INTTYPES_H 1
| #define HAVE_STDINT_H 1
| #define HAVE_UNISTD_H 1
| #define HAVE_FCNTL_H 1
| #define HAVE_RPC_RPC_H 1
| #define HAVE_NET_IF_H 1
| #define HAVE_OS_IPV6_SUPPORT 1
| #define HAVE_STRLCAT 1
| #define HAVE_STRLCPY 1
| #define HAVE_STRDUP 1
| #define HAVE_STRSEP 1
| #define HAVE_GETSERVENT 1
| #define HAVE_GETOPT_LONG 1
| #define HAVE_FORK 1
| #define HAVE_VFORK 1
| #define HAVE_STRFTIME 1
| #define HAVE_SETLINEBUF 1
| #define HAVE_GETRPCBYNUMBER 1
| #define HAVE_ETHER_NTOHOST 1
| #define HAVE_PCAP_LIST_DATALINKS 1
| #define HAVE_PCAP_FREE_DATALINKS 1
| #define HAVE_PCAP_DATALINK_NAME_TO_VAL 1
| #define HAVE_PCAP_DATALINK_VAL_TO_DESCRIPTION 1
| #define HAVE_PCAP_SET_DATALINK 1
| #define HAVE_PCAP_BREAKLOOP 1
| #define HAVE_PCAP_CREATE 1
| #define HAVE_PCAP_SET_TSTAMP_TYPE 1
| #define HAVE_PCAP_SET_TSTAMP_PRECISION 1
| #define HAVE_PCAP_FINDALLDEVS 1
| #define HAVE_PCAP_IF_T 1
| #define HAVE_PCAP_DUMP_FLUSH 1
| #define HAVE_PCAP_LIB_VERSION 1
| #define HAVE_PCAP_SETDIRECTION 1
| #define HAVE_PCAP_SET_IMMEDIATE_MODE 1
| #define HAVE_PCAP_DUMP_FTELL64 1
| /* end confdefs.h.  */
| /* Define pcap_findalldevs_ex to an innocuous variant, in case <limits.h> declares pcap_findalldevs_ex.
|    For example, HP-UX 11i <limits.h> declares gettimeofday.  */
| #define pcap_findalldevs_ex innocuous_pcap_findalldevs_ex
| 
| /* System header to define __stub macros and hopefully few prototypes,
|     which can conflict with char pcap_findalldevs_ex (); below.
|     Prefer <limits.h> to <assert.h> if __STDC__ is defined, since
|     <limits.h> exists even on freestanding compilers.  */
| 
| #ifdef __STDC__
| # include <limits.h>
| #else
| # include <assert.h>
| #endif
| 
| #undef pcap_findalldevs_ex
| 
| /* Override any GCC internal prototype to avoid an error.
|    Use char because int might match the return type of a GCC
|    builtin and then its argument prototype would still apply.  */
| #ifdef __cplusplus
| extern "C"
| #endif
| char pcap_findalldevs_ex ();
| /* The GNU C library defines this for functions which it implements
|     to always fail with ENOSYS.  Some functions are actually named
|     something starting with __ and the normal name is an alias.  */
| #if defined __stub_pcap_findalldevs_ex || defined __stub___pcap_findalldevs_ex
| choke me
| #endif
| 
| int
| main ()
| {
| return pcap_findalldevs_ex ();
|   ;
|   return 0;
| }
configure:6209: result: no
configure:6218: checking for pcap_dump_ftell
configure:6218: arm-fullhanv3-linux-uclibcgnueabi-gcc -o conftest -I./libpcap/include/ -L./libpcap/lib/ -static   conftest.c -lpcap  >&5
/opt/fuhan/toolchain/arm-fullhanv3-linux-uclibcgnueabi-b6/bin/../lib/gcc/arm-fullhanv3-linux-uclibcgnueabi/6.5.0/../../../../arm-fullhanv3-linux-uclibcgnueabi/bin/ld: ./libpcap/lib//libpcap.a(nametoaddr.o): in function `pcap_nametoaddr':
/home/l/share/temp/tcpdump/libpcap-1.10.1/build/../nametoaddr.c:181: warning: gethostbyname is obsolescent, use getnameinfo() instead.
configure:6218: $? = 0
configure:6218: result: yes
configure:6238: checking for pcap_set_parser_debug
configure:6238: arm-fullhanv3-linux-uclibcgnueabi-gcc -o conftest -I./libpcap/include/ -L./libpcap/lib/ -static   conftest.c -lpcap  >&5
/opt/fuhan/toolchain/arm-fullhanv3-linux-uclibcgnueabi-b6/bin/../lib/gcc/arm-fullhanv3-linux-uclibcgnueabi/6.5.0/../../../../arm-fullhanv3-linux-uclibcgnueabi/bin/ld: /tmp/ccTdFAV3.o: in function `main':
conftest.c:(.text+0x8): undefined reference to `pcap_set_parser_debug'
collect2: error: ld returned 1 exit status
configure:6238: $? = 1
configure: failed program was:
| /* confdefs.h */
| #define PACKAGE_NAME "tcpdump"
| #define PACKAGE_TARNAME "tcpdump"
| #define PACKAGE_VERSION "4.99.1"
| #define PACKAGE_STRING "tcpdump 4.99.1"
| #define PACKAGE_BUGREPORT ""
| #define PACKAGE_URL ""
| #define inline inline
| #define STDC_HEADERS 1
| #define HAVE_SYS_TYPES_H 1
| #define HAVE_SYS_STAT_H 1
| #define HAVE_STDLIB_H 1
| #define HAVE_STRING_H 1
| #define HAVE_MEMORY_H 1
| #define HAVE_STRINGS_H 1
| #define HAVE_INTTYPES_H 1
| #define HAVE_STDINT_H 1
| #define HAVE_UNISTD_H 1
| #define HAVE_FCNTL_H 1
| #define HAVE_RPC_RPC_H 1
| #define HAVE_NET_IF_H 1
| #define HAVE_OS_IPV6_SUPPORT 1
| #define HAVE_STRLCAT 1
| #define HAVE_STRLCPY 1
| #define HAVE_STRDUP 1
| #define HAVE_STRSEP 1
| #define HAVE_GETSERVENT 1
| #define HAVE_GETOPT_LONG 1
| #define HAVE_FORK 1
| #define HAVE_VFORK 1
| #define HAVE_STRFTIME 1
| #define HAVE_SETLINEBUF 1
| #define HAVE_GETRPCBYNUMBER 1
| #define HAVE_ETHER_NTOHOST 1
| #define HAVE_PCAP_LIST_DATALINKS 1
| #define HAVE_PCAP_FREE_DATALINKS 1
| #define HAVE_PCAP_DATALINK_NAME_TO_VAL 1
| #define HAVE_PCAP_DATALINK_VAL_TO_DESCRIPTION 1
| #define HAVE_PCAP_SET_DATALINK 1
| #define HAVE_PCAP_BREAKLOOP 1
| #define HAVE_PCAP_CREATE 1
| #define HAVE_PCAP_SET_TSTAMP_TYPE 1
| #define HAVE_PCAP_SET_TSTAMP_PRECISION 1
| #define HAVE_PCAP_FINDALLDEVS 1
| #define HAVE_PCAP_IF_T 1
| #define HAVE_PCAP_DUMP_FLUSH 1
| #define HAVE_PCAP_LIB_VERSION 1
| #define HAVE_PCAP_SETDIRECTION 1
| #define HAVE_PCAP_SET_IMMEDIATE_MODE 1
| #define HAVE_PCAP_DUMP_FTELL64 1
| #define HAVE_PCAP_DUMP_FTELL 1
| /* end confdefs.h.  */
| /* Define pcap_set_parser_debug to an innocuous variant, in case <limits.h> declares pcap_set_parser_debug.
|    For example, HP-UX 11i <limits.h> declares gettimeofday.  */
| #define pcap_set_parser_debug innocuous_pcap_set_parser_debug
| 
| /* System header to define __stub macros and hopefully few prototypes,
|     which can conflict with char pcap_set_parser_debug (); below.
|     Prefer <limits.h> to <assert.h> if __STDC__ is defined, since
|     <limits.h> exists even on freestanding compilers.  */
| 
| #ifdef __STDC__
| # include <limits.h>
| #else
| # include <assert.h>
| #endif
| 
| #undef pcap_set_parser_debug
| 
| /* Override any GCC internal prototype to avoid an error.
|    Use char because int might match the return type of a GCC
|    builtin and then its argument prototype would still apply.  */
| #ifdef __cplusplus
| extern "C"
| #endif
| char pcap_set_parser_debug ();
| /* The GNU C library defines this for functions which it implements
|     to always fail with ENOSYS.  Some functions are actually named
|     something starting with __ and the normal name is an alias.  */
| #if defined __stub_pcap_set_parser_debug || defined __stub___pcap_set_parser_debug
| choke me
| #endif
| 
| int
| main ()
| {
| return pcap_set_parser_debug ();
|   ;
|   return 0;
| }
configure:6238: result: no
configure:6252: checking whether pcap_debug is defined by libpcap
configure:6269: arm-fullhanv3-linux-uclibcgnueabi-gcc -o conftest -I./libpcap/include/ -L./libpcap/lib/ -static   conftest.c -lpcap  >&5
/opt/fuhan/toolchain/arm-fullhanv3-linux-uclibcgnueabi-b6/bin/../lib/gcc/arm-fullhanv3-linux-uclibcgnueabi/6.5.0/../../../../arm-fullhanv3-linux-uclibcgnueabi/bin/ld: /tmp/ccWRYoa9.o: in function `main':
conftest.c:(.text+0x20): undefined reference to `pcap_debug'
collect2: error: ld returned 1 exit status
configure:6269: $? = 1
configure: failed program was:
| /* confdefs.h */
| #define PACKAGE_NAME "tcpdump"
| #define PACKAGE_TARNAME "tcpdump"
| #define PACKAGE_VERSION "4.99.1"
| #define PACKAGE_STRING "tcpdump 4.99.1"
| #define PACKAGE_BUGREPORT ""
| #define PACKAGE_URL ""
| #define inline inline
| #define STDC_HEADERS 1
| #define HAVE_SYS_TYPES_H 1
| #define HAVE_SYS_STAT_H 1
| #define HAVE_STDLIB_H 1
| #define HAVE_STRING_H 1
| #define HAVE_MEMORY_H 1
| #define HAVE_STRINGS_H 1
| #define HAVE_INTTYPES_H 1
| #define HAVE_STDINT_H 1
| #define HAVE_UNISTD_H 1
| #define HAVE_FCNTL_H 1
| #define HAVE_RPC_RPC_H 1
| #define HAVE_NET_IF_H 1
| #define HAVE_OS_IPV6_SUPPORT 1
| #define HAVE_STRLCAT 1
| #define HAVE_STRLCPY 1
| #define HAVE_STRDUP 1
| #define HAVE_STRSEP 1
| #define HAVE_GETSERVENT 1
| #define HAVE_GETOPT_LONG 1
| #define HAVE_FORK 1
| #define HAVE_VFORK 1
| #define HAVE_STRFTIME 1
| #define HAVE_SETLINEBUF 1
| #define HAVE_GETRPCBYNUMBER 1
| #define HAVE_ETHER_NTOHOST 1
| #define HAVE_PCAP_LIST_DATALINKS 1
| #define HAVE_PCAP_FREE_DATALINKS 1
| #define HAVE_PCAP_DATALINK_NAME_TO_VAL 1
| #define HAVE_PCAP_DATALINK_VAL_TO_DESCRIPTION 1
| #define HAVE_PCAP_SET_DATALINK 1
| #define HAVE_PCAP_BREAKLOOP 1
| #define HAVE_PCAP_CREATE 1
| #define HAVE_PCAP_SET_TSTAMP_TYPE 1
| #define HAVE_PCAP_SET_TSTAMP_PRECISION 1
| #define HAVE_PCAP_FINDALLDEVS 1
| #define HAVE_PCAP_IF_T 1
| #define HAVE_PCAP_DUMP_FLUSH 1
| #define HAVE_PCAP_LIB_VERSION 1
| #define HAVE_PCAP_SETDIRECTION 1
| #define HAVE_PCAP_SET_IMMEDIATE_MODE 1
| #define HAVE_PCAP_DUMP_FTELL64 1
| #define HAVE_PCAP_DUMP_FTELL 1
| /* end confdefs.h.  */
| 
| int
| main ()
| {
| 
| 		extern int pcap_debug;
| 
| 		return pcap_debug;
| 
|   ;
|   return 0;
| }
configure:6283: result: no
configure:6288: checking whether yydebug is defined by libpcap
configure:6305: arm-fullhanv3-linux-uclibcgnueabi-gcc -o conftest -I./libpcap/include/ -L./libpcap/lib/ -static   conftest.c -lpcap  >&5
/opt/fuhan/toolchain/arm-fullhanv3-linux-uclibcgnueabi-b6/bin/../lib/gcc/arm-fullhanv3-linux-uclibcgnueabi/6.5.0/../../../../arm-fullhanv3-linux-uclibcgnueabi/bin/ld: /tmp/ccCrDMXd.o: in function `main':
conftest.c:(.text+0x20): undefined reference to `yydebug'
collect2: error: ld returned 1 exit status
configure:6305: $? = 1
configure: failed program was:
| /* confdefs.h */
| #define PACKAGE_NAME "tcpdump"
| #define PACKAGE_TARNAME "tcpdump"
| #define PACKAGE_VERSION "4.99.1"
| #define PACKAGE_STRING "tcpdump 4.99.1"
| #define PACKAGE_BUGREPORT ""
| #define PACKAGE_URL ""
| #define inline inline
| #define STDC_HEADERS 1
| #define HAVE_SYS_TYPES_H 1
| #define HAVE_SYS_STAT_H 1
| #define HAVE_STDLIB_H 1
| #define HAVE_STRING_H 1
| #define HAVE_MEMORY_H 1
| #define HAVE_STRINGS_H 1
| #define HAVE_INTTYPES_H 1
| #define HAVE_STDINT_H 1
| #define HAVE_UNISTD_H 1
| #define HAVE_FCNTL_H 1
| #define HAVE_RPC_RPC_H 1
| #define HAVE_NET_IF_H 1
| #define HAVE_OS_IPV6_SUPPORT 1
| #define HAVE_STRLCAT 1
| #define HAVE_STRLCPY 1
| #define HAVE_STRDUP 1
| #define HAVE_STRSEP 1
| #define HAVE_GETSERVENT 1
| #define HAVE_GETOPT_LONG 1
| #define HAVE_FORK 1
| #define HAVE_VFORK 1
| #define HAVE_STRFTIME 1
| #define HAVE_SETLINEBUF 1
| #define HAVE_GETRPCBYNUMBER 1
| #define HAVE_ETHER_NTOHOST 1
| #define HAVE_PCAP_LIST_DATALINKS 1
| #define HAVE_PCAP_FREE_DATALINKS 1
| #define HAVE_PCAP_DATALINK_NAME_TO_VAL 1
| #define HAVE_PCAP_DATALINK_VAL_TO_DESCRIPTION 1
| #define HAVE_PCAP_SET_DATALINK 1
| #define HAVE_PCAP_BREAKLOOP 1
| #define HAVE_PCAP_CREATE 1
| #define HAVE_PCAP_SET_TSTAMP_TYPE 1
| #define HAVE_PCAP_SET_TSTAMP_PRECISION 1
| #define HAVE_PCAP_FINDALLDEVS 1
| #define HAVE_PCAP_IF_T 1
| #define HAVE_PCAP_DUMP_FLUSH 1
| #define HAVE_PCAP_LIB_VERSION 1
| #define HAVE_PCAP_SETDIRECTION 1
| #define HAVE_PCAP_SET_IMMEDIATE_MODE 1
| #define HAVE_PCAP_DUMP_FTELL64 1
| #define HAVE_PCAP_DUMP_FTELL 1
| /* end confdefs.h.  */
| 
| int
| main ()
| {
| 
| 			extern int yydebug;
| 
| 			return yydebug;
| 
|   ;
|   return 0;
| }
configure:6319: result: no
configure:6326: checking for pcap_set_optimizer_debug
configure:6326: arm-fullhanv3-linux-uclibcgnueabi-gcc -o conftest -I./libpcap/include/ -L./libpcap/lib/ -static   conftest.c -lpcap  >&5
/opt/fuhan/toolchain/arm-fullhanv3-linux-uclibcgnueabi-b6/bin/../lib/gcc/arm-fullhanv3-linux-uclibcgnueabi/6.5.0/../../../../arm-fullhanv3-linux-uclibcgnueabi/bin/ld: /tmp/ccRaT2ui.o: in function `main':
conftest.c:(.text+0x8): undefined reference to `pcap_set_optimizer_debug'
collect2: error: ld returned 1 exit status
configure:6326: $? = 1
configure: failed program was:
| /* confdefs.h */
| #define PACKAGE_NAME "tcpdump"
| #define PACKAGE_TARNAME "tcpdump"
| #define PACKAGE_VERSION "4.99.1"
| #define PACKAGE_STRING "tcpdump 4.99.1"
| #define PACKAGE_BUGREPORT ""
| #define PACKAGE_URL ""
| #define inline inline
| #define STDC_HEADERS 1
| #define HAVE_SYS_TYPES_H 1
| #define HAVE_SYS_STAT_H 1
| #define HAVE_STDLIB_H 1
| #define HAVE_STRING_H 1
| #define HAVE_MEMORY_H 1
| #define HAVE_STRINGS_H 1
| #define HAVE_INTTYPES_H 1
| #define HAVE_STDINT_H 1
| #define HAVE_UNISTD_H 1
| #define HAVE_FCNTL_H 1
| #define HAVE_RPC_RPC_H 1
| #define HAVE_NET_IF_H 1
| #define HAVE_OS_IPV6_SUPPORT 1
| #define HAVE_STRLCAT 1
| #define HAVE_STRLCPY 1
| #define HAVE_STRDUP 1
| #define HAVE_STRSEP 1
| #define HAVE_GETSERVENT 1
| #define HAVE_GETOPT_LONG 1
| #define HAVE_FORK 1
| #define HAVE_VFORK 1
| #define HAVE_STRFTIME 1
| #define HAVE_SETLINEBUF 1
| #define HAVE_GETRPCBYNUMBER 1
| #define HAVE_ETHER_NTOHOST 1
| #define HAVE_PCAP_LIST_DATALINKS 1
| #define HAVE_PCAP_FREE_DATALINKS 1
| #define HAVE_PCAP_DATALINK_NAME_TO_VAL 1
| #define HAVE_PCAP_DATALINK_VAL_TO_DESCRIPTION 1
| #define HAVE_PCAP_SET_DATALINK 1
| #define HAVE_PCAP_BREAKLOOP 1
| #define HAVE_PCAP_CREATE 1
| #define HAVE_PCAP_SET_TSTAMP_TYPE 1
| #define HAVE_PCAP_SET_TSTAMP_PRECISION 1
| #define HAVE_PCAP_FINDALLDEVS 1
| #define HAVE_PCAP_IF_T 1
| #define HAVE_PCAP_DUMP_FLUSH 1
| #define HAVE_PCAP_LIB_VERSION 1
| #define HAVE_PCAP_SETDIRECTION 1
| #define HAVE_PCAP_SET_IMMEDIATE_MODE 1
| #define HAVE_PCAP_DUMP_FTELL64 1
| #define HAVE_PCAP_DUMP_FTELL 1
| /* end confdefs.h.  */
| /* Define pcap_set_optimizer_debug to an innocuous variant, in case <limits.h> declares pcap_set_optimizer_debug.
|    For example, HP-UX 11i <limits.h> declares gettimeofday.  */
| #define pcap_set_optimizer_debug innocuous_pcap_set_optimizer_debug
| 
| /* System header to define __stub macros and hopefully few prototypes,
|     which can conflict with char pcap_set_optimizer_debug (); below.
|     Prefer <limits.h> to <assert.h> if __STDC__ is defined, since
|     <limits.h> exists even on freestanding compilers.  */
| 
| #ifdef __STDC__
| # include <limits.h>
| #else
| # include <assert.h>
| #endif
| 
| #undef pcap_set_optimizer_debug
| 
| /* Override any GCC internal prototype to avoid an error.
|    Use char because int might match the return type of a GCC
|    builtin and then its argument prototype would still apply.  */
| #ifdef __cplusplus
| extern "C"
| #endif
| char pcap_set_optimizer_debug ();
| /* The GNU C library defines this for functions which it implements
|     to always fail with ENOSYS.  Some functions are actually named
|     something starting with __ and the normal name is an alias.  */
| #if defined __stub_pcap_set_optimizer_debug || defined __stub___pcap_set_optimizer_debug
| choke me
| #endif
| 
| int
| main ()
| {
| return pcap_set_optimizer_debug ();
|   ;
|   return 0;
| }
configure:6326: result: no
configure:6335: checking for bpf_dump
configure:6335: arm-fullhanv3-linux-uclibcgnueabi-gcc -o conftest -I./libpcap/include/ -L./libpcap/lib/ -static   conftest.c -lpcap  >&5
configure:6335: $? = 0
configure:6335: result: yes
configure:6415: checking for uintptr_t
configure:6415: arm-fullhanv3-linux-uclibcgnueabi-gcc -c -I./libpcap/include/ -L./libpcap/lib/ -static  conftest.c >&5
configure:6415: $? = 0
configure:6415: arm-fullhanv3-linux-uclibcgnueabi-gcc -c -I./libpcap/include/ -L./libpcap/lib/ -static  conftest.c >&5
conftest.c: In function 'main':
conftest.c:90:24: error: expected expression before ')' token
 if (sizeof ((uintptr_t)))
                        ^
configure:6415: $? = 1
configure: failed program was:
| /* confdefs.h */
| #define PACKAGE_NAME "tcpdump"
| #define PACKAGE_TARNAME "tcpdump"
| #define PACKAGE_VERSION "4.99.1"
| #define PACKAGE_STRING "tcpdump 4.99.1"
| #define PACKAGE_BUGREPORT ""
| #define PACKAGE_URL ""
| #define inline inline
| #define STDC_HEADERS 1
| #define HAVE_SYS_TYPES_H 1
| #define HAVE_SYS_STAT_H 1
| #define HAVE_STDLIB_H 1
| #define HAVE_STRING_H 1
| #define HAVE_MEMORY_H 1
| #define HAVE_STRINGS_H 1
| #define HAVE_INTTYPES_H 1
| #define HAVE_STDINT_H 1
| #define HAVE_UNISTD_H 1
| #define HAVE_FCNTL_H 1
| #define HAVE_RPC_RPC_H 1
| #define HAVE_NET_IF_H 1
| #define HAVE_OS_IPV6_SUPPORT 1
| #define HAVE_STRLCAT 1
| #define HAVE_STRLCPY 1
| #define HAVE_STRDUP 1
| #define HAVE_STRSEP 1
| #define HAVE_GETSERVENT 1
| #define HAVE_GETOPT_LONG 1
| #define HAVE_FORK 1
| #define HAVE_VFORK 1
| #define HAVE_STRFTIME 1
| #define HAVE_SETLINEBUF 1
| #define HAVE_GETRPCBYNUMBER 1
| #define HAVE_ETHER_NTOHOST 1
| #define HAVE_PCAP_LIST_DATALINKS 1
| #define HAVE_PCAP_FREE_DATALINKS 1
| #define HAVE_PCAP_DATALINK_NAME_TO_VAL 1
| #define HAVE_PCAP_DATALINK_VAL_TO_DESCRIPTION 1
| #define HAVE_PCAP_SET_DATALINK 1
| #define HAVE_PCAP_BREAKLOOP 1
| #define HAVE_PCAP_CREATE 1
| #define HAVE_PCAP_SET_TSTAMP_TYPE 1
| #define HAVE_PCAP_SET_TSTAMP_PRECISION 1
| #define HAVE_PCAP_FINDALLDEVS 1
| #define HAVE_PCAP_IF_T 1
| #define HAVE_PCAP_DUMP_FLUSH 1
| #define HAVE_PCAP_LIB_VERSION 1
| #define HAVE_PCAP_SETDIRECTION 1
| #define HAVE_PCAP_SET_IMMEDIATE_MODE 1
| #define HAVE_PCAP_DUMP_FTELL64 1
| #define HAVE_PCAP_DUMP_FTELL 1
| #define HAVE_BPF_DUMP 1
| /* end confdefs.h.  */
| #include <stdio.h>
| #ifdef HAVE_SYS_TYPES_H
| # include <sys/types.h>
| #endif
| #ifdef HAVE_SYS_STAT_H
| # include <sys/stat.h>
| #endif
| #ifdef STDC_HEADERS
| # include <stdlib.h>
| # include <stddef.h>
| #else
| # ifdef HAVE_STDLIB_H
| #  include <stdlib.h>
| # endif
| #endif
| #ifdef HAVE_STRING_H
| # if !defined STDC_HEADERS && defined HAVE_MEMORY_H
| #  include <memory.h>
| # endif
| # include <string.h>
| #endif
| #ifdef HAVE_STRINGS_H
| # include <strings.h>
| #endif
| #ifdef HAVE_INTTYPES_H
| # include <inttypes.h>
| #endif
| #ifdef HAVE_STDINT_H
| # include <stdint.h>
| #endif
| #ifdef HAVE_UNISTD_H
| # include <unistd.h>
| #endif
| int
| main ()
| {
| if (sizeof ((uintptr_t)))
| 	    return 0;
|   ;
|   return 0;
| }
configure:6415: result: yes
configure:6460: checking pcap/pcap-inttypes.h usability
configure:6460: arm-fullhanv3-linux-uclibcgnueabi-gcc -c -I./libpcap/include/ -L./libpcap/lib/ -static  -I.. conftest.c >&5
configure:6460: $? = 0
configure:6460: result: yes
configure:6460: checking pcap/pcap-inttypes.h presence
configure:6460: arm-fullhanv3-linux-uclibcgnueabi-gcc -E  -I.. conftest.c
conftest.c:55:32: fatal error: pcap/pcap-inttypes.h: No such file or directory
 #include <pcap/pcap-inttypes.h>
                                ^
compilation terminated.
configure:6460: $? = 1
configure: failed program was:
| /* confdefs.h */
| #define PACKAGE_NAME "tcpdump"
| #define PACKAGE_TARNAME "tcpdump"
| #define PACKAGE_VERSION "4.99.1"
| #define PACKAGE_STRING "tcpdump 4.99.1"
| #define PACKAGE_BUGREPORT ""
| #define PACKAGE_URL ""
| #define inline inline
| #define STDC_HEADERS 1
| #define HAVE_SYS_TYPES_H 1
| #define HAVE_SYS_STAT_H 1
| #define HAVE_STDLIB_H 1
| #define HAVE_STRING_H 1
| #define HAVE_MEMORY_H 1
| #define HAVE_STRINGS_H 1
| #define HAVE_INTTYPES_H 1
| #define HAVE_STDINT_H 1
| #define HAVE_UNISTD_H 1
| #define HAVE_FCNTL_H 1
| #define HAVE_RPC_RPC_H 1
| #define HAVE_NET_IF_H 1
| #define HAVE_OS_IPV6_SUPPORT 1
| #define HAVE_STRLCAT 1
| #define HAVE_STRLCPY 1
| #define HAVE_STRDUP 1
| #define HAVE_STRSEP 1
| #define HAVE_GETSERVENT 1
| #define HAVE_GETOPT_LONG 1
| #define HAVE_FORK 1
| #define HAVE_VFORK 1
| #define HAVE_STRFTIME 1
| #define HAVE_SETLINEBUF 1
| #define HAVE_GETRPCBYNUMBER 1
| #define HAVE_ETHER_NTOHOST 1
| #define HAVE_PCAP_LIST_DATALINKS 1
| #define HAVE_PCAP_FREE_DATALINKS 1
| #define HAVE_PCAP_DATALINK_NAME_TO_VAL 1
| #define HAVE_PCAP_DATALINK_VAL_TO_DESCRIPTION 1
| #define HAVE_PCAP_SET_DATALINK 1
| #define HAVE_PCAP_BREAKLOOP 1
| #define HAVE_PCAP_CREATE 1
| #define HAVE_PCAP_SET_TSTAMP_TYPE 1
| #define HAVE_PCAP_SET_TSTAMP_PRECISION 1
| #define HAVE_PCAP_FINDALLDEVS 1
| #define HAVE_PCAP_IF_T 1
| #define HAVE_PCAP_DUMP_FLUSH 1
| #define HAVE_PCAP_LIB_VERSION 1
| #define HAVE_PCAP_SETDIRECTION 1
| #define HAVE_PCAP_SET_IMMEDIATE_MODE 1
| #define HAVE_PCAP_DUMP_FTELL64 1
| #define HAVE_PCAP_DUMP_FTELL 1
| #define HAVE_BPF_DUMP 1
| #define HAVE_UINTPTR_T 1
| /* end confdefs.h.  */
| #include <pcap/pcap-inttypes.h>
configure:6460: result: no
configure:6460: WARNING: pcap/pcap-inttypes.h: accepted by the compiler, rejected by the preprocessor!
configure:6460: WARNING: pcap/pcap-inttypes.h: proceeding with the compiler's result
configure:6460: checking for pcap/pcap-inttypes.h
configure:6460: result: yes
configure:6476: checking for u_int8_t
configure:6476: arm-fullhanv3-linux-uclibcgnueabi-gcc -c -I./libpcap/include/ -L./libpcap/lib/ -static  conftest.c >&5
configure:6476: $? = 0
configure:6476: arm-fullhanv3-linux-uclibcgnueabi-gcc -c -I./libpcap/include/ -L./libpcap/lib/ -static  conftest.c >&5
conftest.c: In function 'main':
conftest.c:95:23: error: expected expression before ')' token
 if (sizeof ((u_int8_t)))
                       ^
configure:6476: $? = 1
configure: failed program was:
| /* confdefs.h */
| #define PACKAGE_NAME "tcpdump"
| #define PACKAGE_TARNAME "tcpdump"
| #define PACKAGE_VERSION "4.99.1"
| #define PACKAGE_STRING "tcpdump 4.99.1"
| #define PACKAGE_BUGREPORT ""
| #define PACKAGE_URL ""
| #define inline inline
| #define STDC_HEADERS 1
| #define HAVE_SYS_TYPES_H 1
| #define HAVE_SYS_STAT_H 1
| #define HAVE_STDLIB_H 1
| #define HAVE_STRING_H 1
| #define HAVE_MEMORY_H 1
| #define HAVE_STRINGS_H 1
| #define HAVE_INTTYPES_H 1
| #define HAVE_STDINT_H 1
| #define HAVE_UNISTD_H 1
| #define HAVE_FCNTL_H 1
| #define HAVE_RPC_RPC_H 1
| #define HAVE_NET_IF_H 1
| #define HAVE_OS_IPV6_SUPPORT 1
| #define HAVE_STRLCAT 1
| #define HAVE_STRLCPY 1
| #define HAVE_STRDUP 1
| #define HAVE_STRSEP 1
| #define HAVE_GETSERVENT 1
| #define HAVE_GETOPT_LONG 1
| #define HAVE_FORK 1
| #define HAVE_VFORK 1
| #define HAVE_STRFTIME 1
| #define HAVE_SETLINEBUF 1
| #define HAVE_GETRPCBYNUMBER 1
| #define HAVE_ETHER_NTOHOST 1
| #define HAVE_PCAP_LIST_DATALINKS 1
| #define HAVE_PCAP_FREE_DATALINKS 1
| #define HAVE_PCAP_DATALINK_NAME_TO_VAL 1
| #define HAVE_PCAP_DATALINK_VAL_TO_DESCRIPTION 1
| #define HAVE_PCAP_SET_DATALINK 1
| #define HAVE_PCAP_BREAKLOOP 1
| #define HAVE_PCAP_CREATE 1
| #define HAVE_PCAP_SET_TSTAMP_TYPE 1
| #define HAVE_PCAP_SET_TSTAMP_PRECISION 1
| #define HAVE_PCAP_FINDALLDEVS 1
| #define HAVE_PCAP_IF_T 1
| #define HAVE_PCAP_DUMP_FLUSH 1
| #define HAVE_PCAP_LIB_VERSION 1
| #define HAVE_PCAP_SETDIRECTION 1
| #define HAVE_PCAP_SET_IMMEDIATE_MODE 1
| #define HAVE_PCAP_DUMP_FTELL64 1
| #define HAVE_PCAP_DUMP_FTELL 1
| #define HAVE_BPF_DUMP 1
| #define HAVE_UINTPTR_T 1
| #define HAVE_PCAP_PCAP_INTTYPES_H 1
| /* end confdefs.h.  */
| #include <stdio.h>
| #ifdef HAVE_SYS_TYPES_H
| # include <sys/types.h>
| #endif
| #ifdef HAVE_SYS_STAT_H
| # include <sys/stat.h>
| #endif
| #ifdef STDC_HEADERS
| # include <stdlib.h>
| # include <stddef.h>
| #else
| # ifdef HAVE_STDLIB_H
| #  include <stdlib.h>
| # endif
| #endif
| #ifdef HAVE_STRING_H
| # if !defined STDC_HEADERS && defined HAVE_MEMORY_H
| #  include <memory.h>
| # endif
| # include <string.h>
| #endif
| #ifdef HAVE_STRINGS_H
| # include <strings.h>
| #endif
| #ifdef HAVE_INTTYPES_H
| # include <inttypes.h>
| #endif
| #ifdef HAVE_STDINT_H
| # include <stdint.h>
| #endif
| #ifdef HAVE_UNISTD_H
| # include <unistd.h>
| #endif
| #include <sys/types.h>
| 
| 
| int
| main ()
| {
| if (sizeof ((u_int8_t)))
| 	    return 0;
|   ;
|   return 0;
| }
configure:6476: result: yes
configure:6488: checking for u_int16_t
configure:6488: arm-fullhanv3-linux-uclibcgnueabi-gcc -c -I./libpcap/include/ -L./libpcap/lib/ -static  conftest.c >&5
configure:6488: $? = 0
configure:6488: arm-fullhanv3-linux-uclibcgnueabi-gcc -c -I./libpcap/include/ -L./libpcap/lib/ -static  conftest.c >&5
conftest.c: In function 'main':
conftest.c:95:24: error: expected expression before ')' token
 if (sizeof ((u_int16_t)))
                        ^
configure:6488: $? = 1
configure: failed program was:
| /* confdefs.h */
| #define PACKAGE_NAME "tcpdump"
| #define PACKAGE_TARNAME "tcpdump"
| #define PACKAGE_VERSION "4.99.1"
| #define PACKAGE_STRING "tcpdump 4.99.1"
| #define PACKAGE_BUGREPORT ""
| #define PACKAGE_URL ""
| #define inline inline
| #define STDC_HEADERS 1
| #define HAVE_SYS_TYPES_H 1
| #define HAVE_SYS_STAT_H 1
| #define HAVE_STDLIB_H 1
| #define HAVE_STRING_H 1
| #define HAVE_MEMORY_H 1
| #define HAVE_STRINGS_H 1
| #define HAVE_INTTYPES_H 1
| #define HAVE_STDINT_H 1
| #define HAVE_UNISTD_H 1
| #define HAVE_FCNTL_H 1
| #define HAVE_RPC_RPC_H 1
| #define HAVE_NET_IF_H 1
| #define HAVE_OS_IPV6_SUPPORT 1
| #define HAVE_STRLCAT 1
| #define HAVE_STRLCPY 1
| #define HAVE_STRDUP 1
| #define HAVE_STRSEP 1
| #define HAVE_GETSERVENT 1
| #define HAVE_GETOPT_LONG 1
| #define HAVE_FORK 1
| #define HAVE_VFORK 1
| #define HAVE_STRFTIME 1
| #define HAVE_SETLINEBUF 1
| #define HAVE_GETRPCBYNUMBER 1
| #define HAVE_ETHER_NTOHOST 1
| #define HAVE_PCAP_LIST_DATALINKS 1
| #define HAVE_PCAP_FREE_DATALINKS 1
| #define HAVE_PCAP_DATALINK_NAME_TO_VAL 1
| #define HAVE_PCAP_DATALINK_VAL_TO_DESCRIPTION 1
| #define HAVE_PCAP_SET_DATALINK 1
| #define HAVE_PCAP_BREAKLOOP 1
| #define HAVE_PCAP_CREATE 1
| #define HAVE_PCAP_SET_TSTAMP_TYPE 1
| #define HAVE_PCAP_SET_TSTAMP_PRECISION 1
| #define HAVE_PCAP_FINDALLDEVS 1
| #define HAVE_PCAP_IF_T 1
| #define HAVE_PCAP_DUMP_FLUSH 1
| #define HAVE_PCAP_LIB_VERSION 1
| #define HAVE_PCAP_SETDIRECTION 1
| #define HAVE_PCAP_SET_IMMEDIATE_MODE 1
| #define HAVE_PCAP_DUMP_FTELL64 1
| #define HAVE_PCAP_DUMP_FTELL 1
| #define HAVE_BPF_DUMP 1
| #define HAVE_UINTPTR_T 1
| #define HAVE_PCAP_PCAP_INTTYPES_H 1
| /* end confdefs.h.  */
| #include <stdio.h>
| #ifdef HAVE_SYS_TYPES_H
| # include <sys/types.h>
| #endif
| #ifdef HAVE_SYS_STAT_H
| # include <sys/stat.h>
| #endif
| #ifdef STDC_HEADERS
| # include <stdlib.h>
| # include <stddef.h>
| #else
| # ifdef HAVE_STDLIB_H
| #  include <stdlib.h>
| # endif
| #endif
| #ifdef HAVE_STRING_H
| # if !defined STDC_HEADERS && defined HAVE_MEMORY_H
| #  include <memory.h>
| # endif
| # include <string.h>
| #endif
| #ifdef HAVE_STRINGS_H
| # include <strings.h>
| #endif
| #ifdef HAVE_INTTYPES_H
| # include <inttypes.h>
| #endif
| #ifdef HAVE_STDINT_H
| # include <stdint.h>
| #endif
| #ifdef HAVE_UNISTD_H
| # include <unistd.h>
| #endif
| #include <sys/types.h>
| 
| 
| int
| main ()
| {
| if (sizeof ((u_int16_t)))
| 	    return 0;
|   ;
|   return 0;
| }
configure:6488: result: yes
configure:6500: checking for u_int32_t
configure:6500: arm-fullhanv3-linux-uclibcgnueabi-gcc -c -I./libpcap/include/ -L./libpcap/lib/ -static  conftest.c >&5
configure:6500: $? = 0
configure:6500: arm-fullhanv3-linux-uclibcgnueabi-gcc -c -I./libpcap/include/ -L./libpcap/lib/ -static  conftest.c >&5
conftest.c: In function 'main':
conftest.c:95:24: error: expected expression before ')' token
 if (sizeof ((u_int32_t)))
                        ^
configure:6500: $? = 1
configure: failed program was:
| /* confdefs.h */
| #define PACKAGE_NAME "tcpdump"
| #define PACKAGE_TARNAME "tcpdump"
| #define PACKAGE_VERSION "4.99.1"
| #define PACKAGE_STRING "tcpdump 4.99.1"
| #define PACKAGE_BUGREPORT ""
| #define PACKAGE_URL ""
| #define inline inline
| #define STDC_HEADERS 1
| #define HAVE_SYS_TYPES_H 1
| #define HAVE_SYS_STAT_H 1
| #define HAVE_STDLIB_H 1
| #define HAVE_STRING_H 1
| #define HAVE_MEMORY_H 1
| #define HAVE_STRINGS_H 1
| #define HAVE_INTTYPES_H 1
| #define HAVE_STDINT_H 1
| #define HAVE_UNISTD_H 1
| #define HAVE_FCNTL_H 1
| #define HAVE_RPC_RPC_H 1
| #define HAVE_NET_IF_H 1
| #define HAVE_OS_IPV6_SUPPORT 1
| #define HAVE_STRLCAT 1
| #define HAVE_STRLCPY 1
| #define HAVE_STRDUP 1
| #define HAVE_STRSEP 1
| #define HAVE_GETSERVENT 1
| #define HAVE_GETOPT_LONG 1
| #define HAVE_FORK 1
| #define HAVE_VFORK 1
| #define HAVE_STRFTIME 1
| #define HAVE_SETLINEBUF 1
| #define HAVE_GETRPCBYNUMBER 1
| #define HAVE_ETHER_NTOHOST 1
| #define HAVE_PCAP_LIST_DATALINKS 1
| #define HAVE_PCAP_FREE_DATALINKS 1
| #define HAVE_PCAP_DATALINK_NAME_TO_VAL 1
| #define HAVE_PCAP_DATALINK_VAL_TO_DESCRIPTION 1
| #define HAVE_PCAP_SET_DATALINK 1
| #define HAVE_PCAP_BREAKLOOP 1
| #define HAVE_PCAP_CREATE 1
| #define HAVE_PCAP_SET_TSTAMP_TYPE 1
| #define HAVE_PCAP_SET_TSTAMP_PRECISION 1
| #define HAVE_PCAP_FINDALLDEVS 1
| #define HAVE_PCAP_IF_T 1
| #define HAVE_PCAP_DUMP_FLUSH 1
| #define HAVE_PCAP_LIB_VERSION 1
| #define HAVE_PCAP_SETDIRECTION 1
| #define HAVE_PCAP_SET_IMMEDIATE_MODE 1
| #define HAVE_PCAP_DUMP_FTELL64 1
| #define HAVE_PCAP_DUMP_FTELL 1
| #define HAVE_BPF_DUMP 1
| #define HAVE_UINTPTR_T 1
| #define HAVE_PCAP_PCAP_INTTYPES_H 1
| /* end confdefs.h.  */
| #include <stdio.h>
| #ifdef HAVE_SYS_TYPES_H
| # include <sys/types.h>
| #endif
| #ifdef HAVE_SYS_STAT_H
| # include <sys/stat.h>
| #endif
| #ifdef STDC_HEADERS
| # include <stdlib.h>
| # include <stddef.h>
| #else
| # ifdef HAVE_STDLIB_H
| #  include <stdlib.h>
| # endif
| #endif
| #ifdef HAVE_STRING_H
| # if !defined STDC_HEADERS && defined HAVE_MEMORY_H
| #  include <memory.h>
| # endif
| # include <string.h>
| #endif
| #ifdef HAVE_STRINGS_H
| # include <strings.h>
| #endif
| #ifdef HAVE_INTTYPES_H
| # include <inttypes.h>
| #endif
| #ifdef HAVE_STDINT_H
| # include <stdint.h>
| #endif
| #ifdef HAVE_UNISTD_H
| # include <unistd.h>
| #endif
| #include <sys/types.h>
| 
| 
| int
| main ()
| {
| if (sizeof ((u_int32_t)))
| 	    return 0;
|   ;
|   return 0;
| }
configure:6500: result: yes
configure:6512: checking for u_int64_t
configure:6512: arm-fullhanv3-linux-uclibcgnueabi-gcc -c -I./libpcap/include/ -L./libpcap/lib/ -static  conftest.c >&5
configure:6512: $? = 0
configure:6512: arm-fullhanv3-linux-uclibcgnueabi-gcc -c -I./libpcap/include/ -L./libpcap/lib/ -static  conftest.c >&5
conftest.c: In function 'main':
conftest.c:95:24: error: expected expression before ')' token
 if (sizeof ((u_int64_t)))
                        ^
configure:6512: $? = 1
configure: failed program was:
| /* confdefs.h */
| #define PACKAGE_NAME "tcpdump"
| #define PACKAGE_TARNAME "tcpdump"
| #define PACKAGE_VERSION "4.99.1"
| #define PACKAGE_STRING "tcpdump 4.99.1"
| #define PACKAGE_BUGREPORT ""
| #define PACKAGE_URL ""
| #define inline inline
| #define STDC_HEADERS 1
| #define HAVE_SYS_TYPES_H 1
| #define HAVE_SYS_STAT_H 1
| #define HAVE_STDLIB_H 1
| #define HAVE_STRING_H 1
| #define HAVE_MEMORY_H 1
| #define HAVE_STRINGS_H 1
| #define HAVE_INTTYPES_H 1
| #define HAVE_STDINT_H 1
| #define HAVE_UNISTD_H 1
| #define HAVE_FCNTL_H 1
| #define HAVE_RPC_RPC_H 1
| #define HAVE_NET_IF_H 1
| #define HAVE_OS_IPV6_SUPPORT 1
| #define HAVE_STRLCAT 1
| #define HAVE_STRLCPY 1
| #define HAVE_STRDUP 1
| #define HAVE_STRSEP 1
| #define HAVE_GETSERVENT 1
| #define HAVE_GETOPT_LONG 1
| #define HAVE_FORK 1
| #define HAVE_VFORK 1
| #define HAVE_STRFTIME 1
| #define HAVE_SETLINEBUF 1
| #define HAVE_GETRPCBYNUMBER 1
| #define HAVE_ETHER_NTOHOST 1
| #define HAVE_PCAP_LIST_DATALINKS 1
| #define HAVE_PCAP_FREE_DATALINKS 1
| #define HAVE_PCAP_DATALINK_NAME_TO_VAL 1
| #define HAVE_PCAP_DATALINK_VAL_TO_DESCRIPTION 1
| #define HAVE_PCAP_SET_DATALINK 1
| #define HAVE_PCAP_BREAKLOOP 1
| #define HAVE_PCAP_CREATE 1
| #define HAVE_PCAP_SET_TSTAMP_TYPE 1
| #define HAVE_PCAP_SET_TSTAMP_PRECISION 1
| #define HAVE_PCAP_FINDALLDEVS 1
| #define HAVE_PCAP_IF_T 1
| #define HAVE_PCAP_DUMP_FLUSH 1
| #define HAVE_PCAP_LIB_VERSION 1
| #define HAVE_PCAP_SETDIRECTION 1
| #define HAVE_PCAP_SET_IMMEDIATE_MODE 1
| #define HAVE_PCAP_DUMP_FTELL64 1
| #define HAVE_PCAP_DUMP_FTELL 1
| #define HAVE_BPF_DUMP 1
| #define HAVE_UINTPTR_T 1
| #define HAVE_PCAP_PCAP_INTTYPES_H 1
| /* end confdefs.h.  */
| #include <stdio.h>
| #ifdef HAVE_SYS_TYPES_H
| # include <sys/types.h>
| #endif
| #ifdef HAVE_SYS_STAT_H
| # include <sys/stat.h>
| #endif
| #ifdef STDC_HEADERS
| # include <stdlib.h>
| # include <stddef.h>
| #else
| # ifdef HAVE_STDLIB_H
| #  include <stdlib.h>
| # endif
| #endif
| #ifdef HAVE_STRING_H
| # if !defined STDC_HEADERS && defined HAVE_MEMORY_H
| #  include <memory.h>
| # endif
| # include <string.h>
| #endif
| #ifdef HAVE_STRINGS_H
| # include <strings.h>
| #endif
| #ifdef HAVE_INTTYPES_H
| # include <inttypes.h>
| #endif
| #ifdef HAVE_STDINT_H
| # include <stdint.h>
| #endif
| #ifdef HAVE_UNISTD_H
| # include <unistd.h>
| #endif
| #include <sys/types.h>
| 
| 
| int
| main ()
| {
| if (sizeof ((u_int64_t)))
| 	    return 0;
|   ;
|   return 0;
| }
configure:6512: result: yes
configure:6528: checking for arm-linux-ranlib
configure:6558: result: no
configure:6568: checking for ranlib
configure:6584: found /usr/bin/ranlib
configure:6595: result: ranlib
configure:6607: WARNING: using cross tools not prefixed with host triplet
configure:6620: checking for arm-linux-ar
configure:6650: result: no
configure:6660: checking for ar
configure:6676: found /usr/bin/ar
configure:6687: result: ar
configure:7568: checking whether to use OpenSSL/libressl libcrypto
configure:7612: result: yes, if available
configure:7627: checking openssl/crypto.h usability
configure:7627: arm-fullhanv3-linux-uclibcgnueabi-gcc -c -I./libpcap/include/ -L./libpcap/lib/ -static  conftest.c >&5
conftest.c:89:28: fatal error: openssl/crypto.h: No such file or directory
 #include <openssl/crypto.h>
                            ^
compilation terminated.
configure:7627: $? = 1
configure: failed program was:
| /* confdefs.h */
| #define PACKAGE_NAME "tcpdump"
| #define PACKAGE_TARNAME "tcpdump"
| #define PACKAGE_VERSION "4.99.1"
| #define PACKAGE_STRING "tcpdump 4.99.1"
| #define PACKAGE_BUGREPORT ""
| #define PACKAGE_URL ""
| #define inline inline
| #define STDC_HEADERS 1
| #define HAVE_SYS_TYPES_H 1
| #define HAVE_SYS_STAT_H 1
| #define HAVE_STDLIB_H 1
| #define HAVE_STRING_H 1
| #define HAVE_MEMORY_H 1
| #define HAVE_STRINGS_H 1
| #define HAVE_INTTYPES_H 1
| #define HAVE_STDINT_H 1
| #define HAVE_UNISTD_H 1
| #define HAVE_FCNTL_H 1
| #define HAVE_RPC_RPC_H 1
| #define HAVE_NET_IF_H 1
| #define HAVE_OS_IPV6_SUPPORT 1
| #define HAVE_STRLCAT 1
| #define HAVE_STRLCPY 1
| #define HAVE_STRDUP 1
| #define HAVE_STRSEP 1
| #define HAVE_GETSERVENT 1
| #define HAVE_GETOPT_LONG 1
| #define HAVE_FORK 1
| #define HAVE_VFORK 1
| #define HAVE_STRFTIME 1
| #define HAVE_SETLINEBUF 1
| #define HAVE_GETRPCBYNUMBER 1
| #define HAVE_ETHER_NTOHOST 1
| #define HAVE_PCAP_LIST_DATALINKS 1
| #define HAVE_PCAP_FREE_DATALINKS 1
| #define HAVE_PCAP_DATALINK_NAME_TO_VAL 1
| #define HAVE_PCAP_DATALINK_VAL_TO_DESCRIPTION 1
| #define HAVE_PCAP_SET_DATALINK 1
| #define HAVE_PCAP_BREAKLOOP 1
| #define HAVE_PCAP_CREATE 1
| #define HAVE_PCAP_SET_TSTAMP_TYPE 1
| #define HAVE_PCAP_SET_TSTAMP_PRECISION 1
| #define HAVE_PCAP_FINDALLDEVS 1
| #define HAVE_PCAP_IF_T 1
| #define HAVE_PCAP_DUMP_FLUSH 1
| #define HAVE_PCAP_LIB_VERSION 1
| #define HAVE_PCAP_SETDIRECTION 1
| #define HAVE_PCAP_SET_IMMEDIATE_MODE 1
| #define HAVE_PCAP_DUMP_FTELL64 1
| #define HAVE_PCAP_DUMP_FTELL 1
| #define HAVE_BPF_DUMP 1
| #define HAVE_UINTPTR_T 1
| #define HAVE_PCAP_PCAP_INTTYPES_H 1
| /* end confdefs.h.  */
| #include <stdio.h>
| #ifdef HAVE_SYS_TYPES_H
| # include <sys/types.h>
| #endif
| #ifdef HAVE_SYS_STAT_H
| # include <sys/stat.h>
| #endif
| #ifdef STDC_HEADERS
| # include <stdlib.h>
| # include <stddef.h>
| #else
| # ifdef HAVE_STDLIB_H
| #  include <stdlib.h>
| # endif
| #endif
| #ifdef HAVE_STRING_H
| # if !defined STDC_HEADERS && defined HAVE_MEMORY_H
| #  include <memory.h>
| # endif
| # include <string.h>
| #endif
| #ifdef HAVE_STRINGS_H
| # include <strings.h>
| #endif
| #ifdef HAVE_INTTYPES_H
| # include <inttypes.h>
| #endif
| #ifdef HAVE_STDINT_H
| # include <stdint.h>
| #endif
| #ifdef HAVE_UNISTD_H
| # include <unistd.h>
| #endif
| #include <openssl/crypto.h>
configure:7627: result: no
configure:7627: checking openssl/crypto.h presence
configure:7627: arm-fullhanv3-linux-uclibcgnueabi-gcc -E  conftest.c
conftest.c:56:28: fatal error: openssl/crypto.h: No such file or directory
 #include <openssl/crypto.h>
                            ^
compilation terminated.
configure:7627: $? = 1
configure: failed program was:
| /* confdefs.h */
| #define PACKAGE_NAME "tcpdump"
| #define PACKAGE_TARNAME "tcpdump"
| #define PACKAGE_VERSION "4.99.1"
| #define PACKAGE_STRING "tcpdump 4.99.1"
| #define PACKAGE_BUGREPORT ""
| #define PACKAGE_URL ""
| #define inline inline
| #define STDC_HEADERS 1
| #define HAVE_SYS_TYPES_H 1
| #define HAVE_SYS_STAT_H 1
| #define HAVE_STDLIB_H 1
| #define HAVE_STRING_H 1
| #define HAVE_MEMORY_H 1
| #define HAVE_STRINGS_H 1
| #define HAVE_INTTYPES_H 1
| #define HAVE_STDINT_H 1
| #define HAVE_UNISTD_H 1
| #define HAVE_FCNTL_H 1
| #define HAVE_RPC_RPC_H 1
| #define HAVE_NET_IF_H 1
| #define HAVE_OS_IPV6_SUPPORT 1
| #define HAVE_STRLCAT 1
| #define HAVE_STRLCPY 1
| #define HAVE_STRDUP 1
| #define HAVE_STRSEP 1
| #define HAVE_GETSERVENT 1
| #define HAVE_GETOPT_LONG 1
| #define HAVE_FORK 1
| #define HAVE_VFORK 1
| #define HAVE_STRFTIME 1
| #define HAVE_SETLINEBUF 1
| #define HAVE_GETRPCBYNUMBER 1
| #define HAVE_ETHER_NTOHOST 1
| #define HAVE_PCAP_LIST_DATALINKS 1
| #define HAVE_PCAP_FREE_DATALINKS 1
| #define HAVE_PCAP_DATALINK_NAME_TO_VAL 1
| #define HAVE_PCAP_DATALINK_VAL_TO_DESCRIPTION 1
| #define HAVE_PCAP_SET_DATALINK 1
| #define HAVE_PCAP_BREAKLOOP 1
| #define HAVE_PCAP_CREATE 1
| #define HAVE_PCAP_SET_TSTAMP_TYPE 1
| #define HAVE_PCAP_SET_TSTAMP_PRECISION 1
| #define HAVE_PCAP_FINDALLDEVS 1
| #define HAVE_PCAP_IF_T 1
| #define HAVE_PCAP_DUMP_FLUSH 1
| #define HAVE_PCAP_LIB_VERSION 1
| #define HAVE_PCAP_SETDIRECTION 1
| #define HAVE_PCAP_SET_IMMEDIATE_MODE 1
| #define HAVE_PCAP_DUMP_FTELL64 1
| #define HAVE_PCAP_DUMP_FTELL 1
| #define HAVE_BPF_DUMP 1
| #define HAVE_UINTPTR_T 1
| #define HAVE_PCAP_PCAP_INTTYPES_H 1
| /* end confdefs.h.  */
| #include <openssl/crypto.h>
configure:7627: result: no
configure:7627: checking for openssl/crypto.h
configure:7627: result: no
configure:7728: checking whether to use libcap-ng
configure:7754: result: yes, if available
configure:7760: checking for capng_change_id in -lcap-ng
configure:7785: arm-fullhanv3-linux-uclibcgnueabi-gcc -o conftest -I./libpcap/include/ -L./libpcap/lib/ -static   conftest.c -lcap-ng  -lpcap  >&5
/opt/fuhan/toolchain/arm-fullhanv3-linux-uclibcgnueabi-b6/bin/../lib/gcc/arm-fullhanv3-linux-uclibcgnueabi/6.5.0/../../../../arm-fullhanv3-linux-uclibcgnueabi/bin/ld: cannot find -lcap-ng
collect2: error: ld returned 1 exit status
configure:7785: $? = 1
configure: failed program was:
| /* confdefs.h */
| #define PACKAGE_NAME "tcpdump"
| #define PACKAGE_TARNAME "tcpdump"
| #define PACKAGE_VERSION "4.99.1"
| #define PACKAGE_STRING "tcpdump 4.99.1"
| #define PACKAGE_BUGREPORT ""
| #define PACKAGE_URL ""
| #define inline inline
| #define STDC_HEADERS 1
| #define HAVE_SYS_TYPES_H 1
| #define HAVE_SYS_STAT_H 1
| #define HAVE_STDLIB_H 1
| #define HAVE_STRING_H 1
| #define HAVE_MEMORY_H 1
| #define HAVE_STRINGS_H 1
| #define HAVE_INTTYPES_H 1
| #define HAVE_STDINT_H 1
| #define HAVE_UNISTD_H 1
| #define HAVE_FCNTL_H 1
| #define HAVE_RPC_RPC_H 1
| #define HAVE_NET_IF_H 1
| #define HAVE_OS_IPV6_SUPPORT 1
| #define HAVE_STRLCAT 1
| #define HAVE_STRLCPY 1
| #define HAVE_STRDUP 1
| #define HAVE_STRSEP 1
| #define HAVE_GETSERVENT 1
| #define HAVE_GETOPT_LONG 1
| #define HAVE_FORK 1
| #define HAVE_VFORK 1
| #define HAVE_STRFTIME 1
| #define HAVE_SETLINEBUF 1
| #define HAVE_GETRPCBYNUMBER 1
| #define HAVE_ETHER_NTOHOST 1
| #define HAVE_PCAP_LIST_DATALINKS 1
| #define HAVE_PCAP_FREE_DATALINKS 1
| #define HAVE_PCAP_DATALINK_NAME_TO_VAL 1
| #define HAVE_PCAP_DATALINK_VAL_TO_DESCRIPTION 1
| #define HAVE_PCAP_SET_DATALINK 1
| #define HAVE_PCAP_BREAKLOOP 1
| #define HAVE_PCAP_CREATE 1
| #define HAVE_PCAP_SET_TSTAMP_TYPE 1
| #define HAVE_PCAP_SET_TSTAMP_PRECISION 1
| #define HAVE_PCAP_FINDALLDEVS 1
| #define HAVE_PCAP_IF_T 1
| #define HAVE_PCAP_DUMP_FLUSH 1
| #define HAVE_PCAP_LIB_VERSION 1
| #define HAVE_PCAP_SETDIRECTION 1
| #define HAVE_PCAP_SET_IMMEDIATE_MODE 1
| #define HAVE_PCAP_DUMP_FTELL64 1
| #define HAVE_PCAP_DUMP_FTELL 1
| #define HAVE_BPF_DUMP 1
| #define HAVE_UINTPTR_T 1
| #define HAVE_PCAP_PCAP_INTTYPES_H 1
| /* end confdefs.h.  */
| 
| /* Override any GCC internal prototype to avoid an error.
|    Use char because int might match the return type of a GCC
|    builtin and then its argument prototype would still apply.  */
| #ifdef __cplusplus
| extern "C"
| #endif
| char capng_change_id ();
| int
| main ()
| {
| return capng_change_id ();
|   ;
|   return 0;
| }
configure:7794: result: no
configure:7807: checking cap-ng.h usability
configure:7807: arm-fullhanv3-linux-uclibcgnueabi-gcc -c -I./libpcap/include/ -L./libpcap/lib/ -static  conftest.c >&5
conftest.c:89:20: fatal error: cap-ng.h: No such file or directory
 #include <cap-ng.h>
                    ^
compilation terminated.
configure:7807: $? = 1
configure: failed program was:
| /* confdefs.h */
| #define PACKAGE_NAME "tcpdump"
| #define PACKAGE_TARNAME "tcpdump"
| #define PACKAGE_VERSION "4.99.1"
| #define PACKAGE_STRING "tcpdump 4.99.1"
| #define PACKAGE_BUGREPORT ""
| #define PACKAGE_URL ""
| #define inline inline
| #define STDC_HEADERS 1
| #define HAVE_SYS_TYPES_H 1
| #define HAVE_SYS_STAT_H 1
| #define HAVE_STDLIB_H 1
| #define HAVE_STRING_H 1
| #define HAVE_MEMORY_H 1
| #define HAVE_STRINGS_H 1
| #define HAVE_INTTYPES_H 1
| #define HAVE_STDINT_H 1
| #define HAVE_UNISTD_H 1
| #define HAVE_FCNTL_H 1
| #define HAVE_RPC_RPC_H 1
| #define HAVE_NET_IF_H 1
| #define HAVE_OS_IPV6_SUPPORT 1
| #define HAVE_STRLCAT 1
| #define HAVE_STRLCPY 1
| #define HAVE_STRDUP 1
| #define HAVE_STRSEP 1
| #define HAVE_GETSERVENT 1
| #define HAVE_GETOPT_LONG 1
| #define HAVE_FORK 1
| #define HAVE_VFORK 1
| #define HAVE_STRFTIME 1
| #define HAVE_SETLINEBUF 1
| #define HAVE_GETRPCBYNUMBER 1
| #define HAVE_ETHER_NTOHOST 1
| #define HAVE_PCAP_LIST_DATALINKS 1
| #define HAVE_PCAP_FREE_DATALINKS 1
| #define HAVE_PCAP_DATALINK_NAME_TO_VAL 1
| #define HAVE_PCAP_DATALINK_VAL_TO_DESCRIPTION 1
| #define HAVE_PCAP_SET_DATALINK 1
| #define HAVE_PCAP_BREAKLOOP 1
| #define HAVE_PCAP_CREATE 1
| #define HAVE_PCAP_SET_TSTAMP_TYPE 1
| #define HAVE_PCAP_SET_TSTAMP_PRECISION 1
| #define HAVE_PCAP_FINDALLDEVS 1
| #define HAVE_PCAP_IF_T 1
| #define HAVE_PCAP_DUMP_FLUSH 1
| #define HAVE_PCAP_LIB_VERSION 1
| #define HAVE_PCAP_SETDIRECTION 1
| #define HAVE_PCAP_SET_IMMEDIATE_MODE 1
| #define HAVE_PCAP_DUMP_FTELL64 1
| #define HAVE_PCAP_DUMP_FTELL 1
| #define HAVE_BPF_DUMP 1
| #define HAVE_UINTPTR_T 1
| #define HAVE_PCAP_PCAP_INTTYPES_H 1
| /* end confdefs.h.  */
| #include <stdio.h>
| #ifdef HAVE_SYS_TYPES_H
| # include <sys/types.h>
| #endif
| #ifdef HAVE_SYS_STAT_H
| # include <sys/stat.h>
| #endif
| #ifdef STDC_HEADERS
| # include <stdlib.h>
| # include <stddef.h>
| #else
| # ifdef HAVE_STDLIB_H
| #  include <stdlib.h>
| # endif
| #endif
| #ifdef HAVE_STRING_H
| # if !defined STDC_HEADERS && defined HAVE_MEMORY_H
| #  include <memory.h>
| # endif
| # include <string.h>
| #endif
| #ifdef HAVE_STRINGS_H
| # include <strings.h>
| #endif
| #ifdef HAVE_INTTYPES_H
| # include <inttypes.h>
| #endif
| #ifdef HAVE_STDINT_H
| # include <stdint.h>
| #endif
| #ifdef HAVE_UNISTD_H
| # include <unistd.h>
| #endif
| #include <cap-ng.h>
configure:7807: result: no
configure:7807: checking cap-ng.h presence
configure:7807: arm-fullhanv3-linux-uclibcgnueabi-gcc -E  conftest.c
conftest.c:56:20: fatal error: cap-ng.h: No such file or directory
 #include <cap-ng.h>
                    ^
compilation terminated.
configure:7807: $? = 1
configure: failed program was:
| /* confdefs.h */
| #define PACKAGE_NAME "tcpdump"
| #define PACKAGE_TARNAME "tcpdump"
| #define PACKAGE_VERSION "4.99.1"
| #define PACKAGE_STRING "tcpdump 4.99.1"
| #define PACKAGE_BUGREPORT ""
| #define PACKAGE_URL ""
| #define inline inline
| #define STDC_HEADERS 1
| #define HAVE_SYS_TYPES_H 1
| #define HAVE_SYS_STAT_H 1
| #define HAVE_STDLIB_H 1
| #define HAVE_STRING_H 1
| #define HAVE_MEMORY_H 1
| #define HAVE_STRINGS_H 1
| #define HAVE_INTTYPES_H 1
| #define HAVE_STDINT_H 1
| #define HAVE_UNISTD_H 1
| #define HAVE_FCNTL_H 1
| #define HAVE_RPC_RPC_H 1
| #define HAVE_NET_IF_H 1
| #define HAVE_OS_IPV6_SUPPORT 1
| #define HAVE_STRLCAT 1
| #define HAVE_STRLCPY 1
| #define HAVE_STRDUP 1
| #define HAVE_STRSEP 1
| #define HAVE_GETSERVENT 1
| #define HAVE_GETOPT_LONG 1
| #define HAVE_FORK 1
| #define HAVE_VFORK 1
| #define HAVE_STRFTIME 1
| #define HAVE_SETLINEBUF 1
| #define HAVE_GETRPCBYNUMBER 1
| #define HAVE_ETHER_NTOHOST 1
| #define HAVE_PCAP_LIST_DATALINKS 1
| #define HAVE_PCAP_FREE_DATALINKS 1
| #define HAVE_PCAP_DATALINK_NAME_TO_VAL 1
| #define HAVE_PCAP_DATALINK_VAL_TO_DESCRIPTION 1
| #define HAVE_PCAP_SET_DATALINK 1
| #define HAVE_PCAP_BREAKLOOP 1
| #define HAVE_PCAP_CREATE 1
| #define HAVE_PCAP_SET_TSTAMP_TYPE 1
| #define HAVE_PCAP_SET_TSTAMP_PRECISION 1
| #define HAVE_PCAP_FINDALLDEVS 1
| #define HAVE_PCAP_IF_T 1
| #define HAVE_PCAP_DUMP_FLUSH 1
| #define HAVE_PCAP_LIB_VERSION 1
| #define HAVE_PCAP_SETDIRECTION 1
| #define HAVE_PCAP_SET_IMMEDIATE_MODE 1
| #define HAVE_PCAP_DUMP_FTELL64 1
| #define HAVE_PCAP_DUMP_FTELL 1
| #define HAVE_BPF_DUMP 1
| #define HAVE_UINTPTR_T 1
| #define HAVE_PCAP_PCAP_INTTYPES_H 1
| /* end confdefs.h.  */
| #include <cap-ng.h>
configure:7807: result: no
configure:7807: checking for cap-ng.h
configure:7807: result: no
configure:7847: checking for a BSD-compatible install
configure:7915: result: /usr/bin/install -c
configure:8048: creating ./config.status

## ---------------------- ##
## Running config.status. ##
## ---------------------- ##

This file was extended by tcpdump config.status 4.99.1, which was
generated by GNU Autoconf 2.69.  Invocation command line was

  CONFIG_FILES    = 
  CONFIG_HEADERS  = 
  CONFIG_LINKS    = 
  CONFIG_COMMANDS = 
  $ ./config.status 

on l-VirtualBox

config.status:874: creating Makefile
config.status:874: creating tcpdump.1
config.status:874: creating config.h
config.status:1034: config.h is unchanged
config.status:1048: executing default-1 commands

## ---------------- ##
## Cache variables. ##
## ---------------- ##

ac_cv_buggy_ether_ntohost='not while cross-compiling'
ac_cv_build=x86_64-pc-linux-uclibc
ac_cv_c_compiler_gnu=yes
ac_cv_env_CC_set=set
ac_cv_env_CC_value=arm-fullhanv3-linux-uclibcgnueabi-gcc
ac_cv_env_CFLAGS_set=set
ac_cv_env_CFLAGS_value='-I./libpcap/include/ -L./libpcap/lib/ -static'
ac_cv_env_CPPFLAGS_set=
ac_cv_env_CPPFLAGS_value=
ac_cv_env_CPP_set=
ac_cv_env_CPP_value=
ac_cv_env_LDFLAGS_set=
ac_cv_env_LDFLAGS_value=
ac_cv_env_LIBS_set=
ac_cv_env_LIBS_value=
ac_cv_env_build_alias_set=
ac_cv_env_build_alias_value=
ac_cv_env_host_alias_set=set
ac_cv_env_host_alias_value=arm-linux
ac_cv_env_target_alias_set=
ac_cv_env_target_alias_value=
ac_cv_func_bpf_dump=yes
ac_cv_func_ether_ntohost=yes
ac_cv_func_fork=yes
ac_cv_func_getopt_long=yes
ac_cv_func_getservent=yes
ac_cv_func_pcap_breakloop=yes
ac_cv_func_pcap_create=yes
ac_cv_func_pcap_datalink_name_to_val=yes
ac_cv_func_pcap_datalink_val_to_description=yes
ac_cv_func_pcap_dump_flush=yes
ac_cv_func_pcap_dump_ftell64=yes
ac_cv_func_pcap_dump_ftell=yes
ac_cv_func_pcap_findalldevs=yes
ac_cv_func_pcap_findalldevs_ex=no
ac_cv_func_pcap_free_datalinks=yes
ac_cv_func_pcap_lib_version=yes
ac_cv_func_pcap_list_datalinks=yes
ac_cv_func_pcap_loop=yes
ac_cv_func_pcap_open=no
ac_cv_func_pcap_set_datalink=yes
ac_cv_func_pcap_set_immediate_mode=yes
ac_cv_func_pcap_set_optimizer_debug=no
ac_cv_func_pcap_set_parser_debug=no
ac_cv_func_pcap_set_tstamp_precision=yes
ac_cv_func_pcap_set_tstamp_type=yes
ac_cv_func_pcap_setdirection=yes
ac_cv_func_setlinebuf=yes
ac_cv_func_snprintf=yes
ac_cv_func_strdup=yes
ac_cv_func_strftime=yes
ac_cv_func_strlcat=yes
ac_cv_func_strlcpy=yes
ac_cv_func_strsep=yes
ac_cv_func_vfork=yes
ac_cv_func_vsnprintf=yes
ac_cv_header_cap_ng_h=no
ac_cv_header_fcntl_h=yes
ac_cv_header_inttypes_h=yes
ac_cv_header_memory_h=yes
ac_cv_header_net_if_h=yes
ac_cv_header_net_pfvar_h=no
ac_cv_header_openssl_crypto_h=no
ac_cv_header_pcap_pcap_inttypes_h=yes
ac_cv_header_rpc_rpc_h=yes
ac_cv_header_rpc_rpcent_h=no
ac_cv_header_smi_h=no
ac_cv_header_stdc=yes
ac_cv_header_stdint_h=yes
ac_cv_header_stdlib_h=yes
ac_cv_header_string_h=yes
ac_cv_header_strings_h=yes
ac_cv_header_sys_stat_h=yes
ac_cv_header_sys_types_h=yes
ac_cv_header_unistd_h=yes
ac_cv_host=arm-unknown-linux-gnu
ac_cv_lbl_inline=inline
ac_cv_lib_cap_ng_capng_change_id=no
ac_cv_lib_pcap_main=yes
ac_cv_lib_rpc_main=no
ac_cv_objext=o
ac_cv_path_EGREP='/bin/grep -E'
ac_cv_path_GREP=/bin/grep
ac_cv_path_install='/usr/bin/install -c'
ac_cv_prog_CC=arm-fullhanv3-linux-uclibcgnueabi-gcc
ac_cv_prog_CPP='arm-fullhanv3-linux-uclibcgnueabi-gcc -E'
ac_cv_prog_ac_ct_AR=ar
ac_cv_prog_ac_ct_RANLIB=ranlib
ac_cv_prog_cc_c89=
ac_cv_prog_cc_c99=
ac_cv_prog_cc_g=yes
ac_cv_search_gethostbyname='none required'
ac_cv_search_getrpcbynumber='none required'
ac_cv_search_putmsg=no
ac_cv_search_socket='none required'
ac_cv_type_pcap_if_t=yes
ac_cv_type_u_int16_t=yes
ac_cv_type_u_int32_t=yes
ac_cv_type_u_int64_t=yes
ac_cv_type_u_int8_t=yes
ac_cv_type_uintptr_t=yes
ac_lbl_cv_pcap_debug_defined=no
ac_lbl_cv_yydebug_defined=no

## ----------------- ##
## Output variables. ##
## ----------------- ##

AR='ar'
CC='arm-fullhanv3-linux-uclibcgnueabi-gcc'
CFLAGS='-I./libpcap/include/ -L./libpcap/lib/ -static'
CPP='arm-fullhanv3-linux-uclibcgnueabi-gcc -E'
CPPFLAGS=''
DEFS='-DHAVE_CONFIG_H'
DEPENDENCY_CFLAG=''
ECHO_C=''
ECHO_N='-n'
ECHO_T=''
EGREP='/bin/grep -E'
EXEEXT=''
GREP='/bin/grep'
INSTALL_DATA='${INSTALL} -m 644'
INSTALL_PROGRAM='${INSTALL}'
INSTALL_SCRIPT='${INSTALL}'
LDFLAGS=''
LIBOBJS=''
LIBS='-lpcap '
LOCALSRC=''
LTLIBOBJS=''
MAN_FILE_FORMATS='5'
MAN_MISC_INFO='7'
MKDEP=''
OBJEXT='o'
PACKAGE_BUGREPORT=''
PACKAGE_NAME='tcpdump'
PACKAGE_STRING='tcpdump 4.99.1'
PACKAGE_TARNAME='tcpdump'
PACKAGE_URL=''
PACKAGE_VERSION='4.99.1'
PATH_SEPARATOR=':'
PCAP_CONFIG=''
PKG_CONFIG=''
RANLIB='ranlib'
SHELL='/bin/bash'
SHLICC2=''
V_CCOPT=' -I./libpcap/include/ -L./libpcap/lib/ -static'
V_DEFS=''
V_GROUP='0'
V_INCLS='-I..'
V_PCAPDEP=''
ac_ct_CC=''
bindir='${exec_prefix}/bin'
build='x86_64-pc-linux-uclibc'
build_alias=''
build_cpu='x86_64'
build_os='linux-uclibc'
build_vendor='pc'
datadir='${datarootdir}'
datarootdir='${prefix}/share'
docdir='${datarootdir}/doc/${PACKAGE_TARNAME}'
dvidir='${docdir}'
exec_prefix='${prefix}'
host='arm-unknown-linux-gnu'
host_alias='arm-linux'
host_cpu='arm'
host_os='linux-gnu'
host_vendor='unknown'
htmldir='${docdir}'
includedir='${prefix}/include'
infodir='${datarootdir}/info'
libdir='${exec_prefix}/lib'
libexecdir='${exec_prefix}/libexec'
localedir='${datarootdir}/locale'
localstatedir='${prefix}/var'
mandir='${datarootdir}/man'
oldincludedir='/usr/include'
pdfdir='${docdir}'
prefix='/usr/local'
program_transform_name='s,x,x,'
psdir='${docdir}'
runstatedir='${localstatedir}/run'
sbindir='${exec_prefix}/sbin'
sharedstatedir='${prefix}/com'
sysconfdir='${prefix}/etc'
target_alias=''

## ----------- ##
## confdefs.h. ##
## ----------- ##

/* confdefs.h */
#define PACKAGE_NAME "tcpdump"
#define PACKAGE_TARNAME "tcpdump"
#define PACKAGE_VERSION "4.99.1"
#define PACKAGE_STRING "tcpdump 4.99.1"
#define PACKAGE_BUGREPORT ""
#define PACKAGE_URL ""
#define inline inline
#define STDC_HEADERS 1
#define HAVE_SYS_TYPES_H 1
#define HAVE_SYS_STAT_H 1
#define HAVE_STDLIB_H 1
#define HAVE_STRING_H 1
#define HAVE_MEMORY_H 1
#define HAVE_STRINGS_H 1
#define HAVE_INTTYPES_H 1
#define HAVE_STDINT_H 1
#define HAVE_UNISTD_H 1
#define HAVE_FCNTL_H 1
#define HAVE_RPC_RPC_H 1
#define HAVE_NET_IF_H 1
#define HAVE_OS_IPV6_SUPPORT 1
#define HAVE_STRLCAT 1
#define HAVE_STRLCPY 1
#define HAVE_STRDUP 1
#define HAVE_STRSEP 1
#define HAVE_GETSERVENT 1
#define HAVE_GETOPT_LONG 1
#define HAVE_FORK 1
#define HAVE_VFORK 1
#define HAVE_STRFTIME 1
#define HAVE_SETLINEBUF 1
#define HAVE_GETRPCBYNUMBER 1
#define HAVE_ETHER_NTOHOST 1
#define HAVE_PCAP_LIST_DATALINKS 1
#define HAVE_PCAP_FREE_DATALINKS 1
#define HAVE_PCAP_DATALINK_NAME_TO_VAL 1
#define HAVE_PCAP_DATALINK_VAL_TO_DESCRIPTION 1
#define HAVE_PCAP_SET_DATALINK 1
#define HAVE_PCAP_BREAKLOOP 1
#define HAVE_PCAP_CREATE 1
#define HAVE_PCAP_SET_TSTAMP_TYPE 1
#define HAVE_PCAP_SET_TSTAMP_PRECISION 1
#define HAVE_PCAP_FINDALLDEVS 1
#define HAVE_PCAP_IF_T 1
#define HAVE_PCAP_DUMP_FLUSH 1
#define HAVE_PCAP_LIB_VERSION 1
#define HAVE_PCAP_SETDIRECTION 1
#define HAVE_PCAP_SET_IMMEDIATE_MODE 1
#define HAVE_PCAP_DUMP_FTELL64 1
#define HAVE_PCAP_DUMP_FTELL 1
#define HAVE_BPF_DUMP 1
#define HAVE_UINTPTR_T 1
#define HAVE_PCAP_PCAP_INTTYPES_H 1

configure: exit 0
