This file contains any messages produced by compilers while
running configure, to aid debugging if configure makes a mistake.

It was created by iptables configure 1.8.10, which was
generated by GNU Autoconf 2.69.  Invocation command line was

  $ ../configure --host=arm-linux CC=arm-fullhanv3-linux-uclibcgnueabi-gcc --enable-static --disable-shared --disable-ipv6 --disable-largefile --prefix=/home/l/share/unit_testing/iptables/iptables/build/install

## --------- ##
## Platform. ##
## --------- ##

hostname = l-VirtualBox
uname -m = x86_64
uname -r = 5.4.0-150-generic
uname -s = Linux
uname -v = #167~18.04.1-Ubuntu SMP Wed May 24 00:51:42 UTC 2023

/usr/bin/uname -p = unknown
/bin/uname -X     = unknown

/bin/arch              = unknown
/usr/bin/arch -k       = unknown
/usr/convex/getsysinfo = unknown
/usr/bin/hostinfo      = unknown
/bin/machine           = unknown
/usr/bin/oslevel       = unknown
/bin/universe          = unknown

PATH: /opt/fuhan/toolchain/arm-fullhanv2-linux-uclibcgnueabi-b2/bin
PATH: /opt/fuhan/toolchain/arm-fullhanv3-linux-uclibcgnueabi-b6/bin
PATH: /usr/local/sbin
PATH: /usr/local/bin
PATH: /usr/sbin
PATH: /usr/bin
PATH: /sbin
PATH: /bin
PATH: /usr/games
PATH: /usr/local/games
PATH: /snap/bin


## ----------- ##
## Core tests. ##
## ----------- ##

configure:2589: checking for a BSD-compatible install
configure:2657: result: /usr/bin/install -c
configure:2670: checking whether build environment is sane
configure:2725: result: yes
configure:2784: checking for arm-linux-strip
configure:2814: result: no
configure:2824: checking for strip
configure:2840: found /usr/bin/strip
configure:2851: result: strip
configure:2876: checking for a thread-safe mkdir -p
configure:2915: result: /bin/mkdir -p
configure:2922: checking for gawk
configure:2952: result: no
configure:2922: checking for mawk
configure:2938: found /usr/bin/mawk
configure:2949: result: mawk
configure:2960: checking whether make sets $(MAKE)
configure:2982: result: yes
configure:3011: checking whether make supports nested variables
configure:3028: result: yes
configure:3162: checking for arm-linux-gcc
configure:3189: result: arm-fullhanv3-linux-uclibcgnueabi-gcc
configure:3458: checking for C compiler version
configure:3467: arm-fullhanv3-linux-uclibcgnueabi-gcc --version >&5
arm-fullhanv3-linux-uclibcgnueabi-gcc (arm_multilib_uclibc_20200924) 6.5.0
Copyright (C) 2017 Free Software Foundation, Inc.
This is free software; see the source for copying conditions.  There is NO
warranty; not even for MERCHANTABILITY or FITNESS FOR A PARTICULAR PURPOSE.

configure:3478: $? = 0
configure:3467: arm-fullhanv3-linux-uclibcgnueabi-gcc -v >&5
Using built-in specs.
COLLECT_GCC=arm-fullhanv3-linux-uclibcgnueabi-gcc
COLLECT_LTO_WRAPPER=/opt/fuhan/toolchain/arm-fullhanv3-linux-uclibcgnueabi-b6/bin/../libexec/gcc/arm-fullhanv3-linux-uclibcgnueabi/6.5.0/lto-wrapper
Target: arm-fullhanv3-linux-uclibcgnueabi
Configured with: /home/panzm/works/gcc/arm-fullhanv3-linux-uclibcgnueabi/arm-fullhanv3-linux-uclibcgnueabi/src/gcc/configure --build=i686-build_pc-linux-gnu --host=i686-build_pc-linux-gnu --target=arm-fullhanv3-linux-uclibcgnueabi --prefix=/home/panzm/projects/toolchains/arm-fullhanv3-linux-uclibcgnueabi-b6 --with-sysroot=/home/panzm/projects/toolchains/arm-fullhanv3-linux-uclibcgnueabi-b6/arm-fullhanv3-linux-uclibcgnueabi/sysroot --enable-languages=c,c++ --with-pkgversion=arm_multilib_uclibc_20200924 --with-bugurl=http://www.fullhan.com --enable-__cxa_atexit --disable-libmudflap --disable-libgomp --disable-libssp --disable-libquadmath --disable-libquadmath-support --disable-libsanitizer --disable-libmpx --with-gmp=/home/panzm/works/gcc/arm-fullhanv3-linux-uclibcgnueabi/arm-fullhanv3-linux-uclibcgnueabi/buildtools --with-mpfr=/home/panzm/works/gcc/arm-fullhanv3-linux-uclibcgnueabi/arm-fullhanv3-linux-uclibcgnueabi/buildtools --with-mpc=/home/panzm/works/gcc/arm-fullhanv3-linux-uclibcgnueabi/arm-fullhanv3-linux-uclibcgnueabi/buildtools --with-isl=/home/panzm/works/gcc/arm-fullhanv3-linux-uclibcgnueabi/arm-fullhanv3-linux-uclibcgnueabi/buildtools --enable-lto --enable-threads=posix --enable-target-optspace --disable-libstdcxx-pch --disable-plugin --disable-nls --enable-multiarch --with-multilib-list=aprofile --with-local-prefix=/home/panzm/projects/toolchains/arm-fullhanv3-linux-uclibcgnueabi-b6/arm-fullhanv3-linux-uclibcgnueabi/sysroot --enable-long-long
Thread model: posix
gcc version 6.5.0 (arm_multilib_uclibc_20200924) 
configure:3478: $? = 0
configure:3467: arm-fullhanv3-linux-uclibcgnueabi-gcc -V >&5
arm-fullhanv3-linux-uclibcgnueabi-gcc: error: unrecognized command line option '-V'
arm-fullhanv3-linux-uclibcgnueabi-gcc: fatal error: no input files
compilation terminated.
configure:3478: $? = 1
configure:3467: arm-fullhanv3-linux-uclibcgnueabi-gcc -qversion >&5
arm-fullhanv3-linux-uclibcgnueabi-gcc: error: unrecognized command line option '-qversion'; did you mean '--version'?
arm-fullhanv3-linux-uclibcgnueabi-gcc: fatal error: no input files
compilation terminated.
configure:3478: $? = 1
configure:3498: checking whether the C compiler works
configure:3520: arm-fullhanv3-linux-uclibcgnueabi-gcc    conftest.c  >&5
configure:3524: $? = 0
configure:3572: result: yes
configure:3575: checking for C compiler default output file name
configure:3577: result: a.out
configure:3583: checking for suffix of executables
configure:3590: arm-fullhanv3-linux-uclibcgnueabi-gcc -o conftest    conftest.c  >&5
configure:3594: $? = 0
configure:3616: result: 
configure:3638: checking whether we are cross compiling
configure:3646: arm-fullhanv3-linux-uclibcgnueabi-gcc -o conftest    conftest.c  >&5
configure:3650: $? = 0
configure:3657: ./conftest
../configure: line 3659: ./conftest: cannot execute binary file: Exec format error
configure:3661: $? = 126
configure:3676: result: yes
configure:3681: checking for suffix of object files
configure:3703: arm-fullhanv3-linux-uclibcgnueabi-gcc -c   conftest.c >&5
configure:3707: $? = 0
configure:3728: result: o
configure:3732: checking whether we are using the GNU C compiler
configure:3751: arm-fullhanv3-linux-uclibcgnueabi-gcc -c   conftest.c >&5
configure:3751: $? = 0
configure:3760: result: yes
configure:3769: checking whether arm-fullhanv3-linux-uclibcgnueabi-gcc accepts -g
configure:3789: arm-fullhanv3-linux-uclibcgnueabi-gcc -c -g  conftest.c >&5
configure:3789: $? = 0
configure:3830: result: yes
configure:3847: checking for arm-fullhanv3-linux-uclibcgnueabi-gcc option to accept ISO C89
configure:3910: arm-fullhanv3-linux-uclibcgnueabi-gcc  -c -g -O2  conftest.c >&5
configure:3910: $? = 0
configure:3923: result: none needed
configure:3948: checking whether arm-fullhanv3-linux-uclibcgnueabi-gcc understands -c and -o together
configure:3970: arm-fullhanv3-linux-uclibcgnueabi-gcc -c conftest.c -o conftest2.o
configure:3973: $? = 0
configure:3970: arm-fullhanv3-linux-uclibcgnueabi-gcc -c conftest.c -o conftest2.o
configure:3973: $? = 0
configure:3985: result: yes
configure:4013: checking for style of include used by make
configure:4041: result: GNU
configure:4067: checking dependency style of arm-fullhanv3-linux-uclibcgnueabi-gcc
configure:4178: result: gcc3
configure:4200: checking for arm-linux-ar
configure:4230: result: no
configure:4200: checking for arm-linux-lib
configure:4230: result: no
configure:4200: checking for arm-linux-link
configure:4230: result: no
configure:4244: checking for ar
configure:4260: found /usr/bin/ar
configure:4271: result: ar
configure:4287: WARNING: using cross tools not prefixed with host triplet
configure:4297: checking the archiver (ar) interface
configure:4313: arm-fullhanv3-linux-uclibcgnueabi-gcc -c -g -O2  conftest.c >&5
configure:4313: $? = 0
configure:4315: ar cru libconftest.a conftest.o >&5
ar: `u' modifier ignored since `D' is the default (see `U')
configure:4318: $? = 0
configure:4346: result: ar
configure:4395: checking build system type
configure:4409: result: x86_64-pc-linux-uclibc
configure:4429: checking host system type
configure:4442: result: arm-unknown-linux-gnu
configure:4483: checking how to print strings
configure:4510: result: printf
configure:4531: checking for a sed that does not truncate output
configure:4595: result: /bin/sed
configure:4613: checking for grep that handles long lines and -e
configure:4671: result: /bin/grep
configure:4676: checking for egrep
configure:4738: result: /bin/grep -E
configure:4743: checking for fgrep
configure:4805: result: /bin/grep -F
configure:4840: checking for ld used by arm-fullhanv3-linux-uclibcgnueabi-gcc
configure:4907: result: /opt/fuhan/toolchain/arm-fullhanv3-linux-uclibcgnueabi-b6/arm-fullhanv3-linux-uclibcgnueabi/bin/ld
configure:4914: checking if the linker (/opt/fuhan/toolchain/arm-fullhanv3-linux-uclibcgnueabi-b6/arm-fullhanv3-linux-uclibcgnueabi/bin/ld) is GNU ld
configure:4929: result: yes
configure:4941: checking for BSD- or MS-compatible name lister (nm)
configure:4995: result: no
configure:5009: checking for arm-linux-dumpbin
configure:5039: result: no
configure:5009: checking for arm-linux-link
configure:5039: result: no
configure:5053: checking for dumpbin
configure:5083: result: no
configure:5053: checking for link
configure:5069: found /usr/bin/link
configure:5080: result: link -dump
configure:5125: checking the name lister (nm) interface
configure:5132: arm-fullhanv3-linux-uclibcgnueabi-gcc -c -g -O2  conftest.c >&5
configure:5135: nm "conftest.o"
configure:5138: output
00000000 b $d
00000000 B some_variable
configure:5145: result: BSD nm
configure:5148: checking whether ln -s works
configure:5152: result: yes
configure:5160: checking the maximum length of command line arguments
configure:5291: result: 1572864
configure:5339: checking how to convert x86_64-pc-linux-uclibc file names to arm-unknown-linux-gnu format
configure:5379: result: func_convert_file_noop
configure:5386: checking how to convert x86_64-pc-linux-uclibc file names to toolchain format
configure:5406: result: func_convert_file_noop
configure:5413: checking for /opt/fuhan/toolchain/arm-fullhanv3-linux-uclibcgnueabi-b6/arm-fullhanv3-linux-uclibcgnueabi/bin/ld option to reload object files
configure:5420: result: -r
configure:5454: checking for arm-linux-objdump
configure:5484: result: no
configure:5494: checking for objdump
configure:5510: found /usr/bin/objdump
configure:5521: result: objdump
configure:5553: checking how to recognize dependent libraries
configure:5753: result: pass_all
configure:5798: checking for arm-linux-dlltool
configure:5828: result: no
configure:5838: checking for dlltool
configure:5868: result: no
configure:5898: checking how to associate runtime and link libraries
configure:5925: result: printf %s\n
configure:5941: checking for arm-linux-ar
configure:5968: result: ar
configure:6049: checking for archiver @FILE support
configure:6066: arm-fullhanv3-linux-uclibcgnueabi-gcc -c -g -O2  conftest.c >&5
configure:6066: $? = 0
configure:6069: ar cru libconftest.a @conftest.lst >&5
ar: `u' modifier ignored since `D' is the default (see `U')
configure:6072: $? = 0
configure:6077: ar cru libconftest.a @conftest.lst >&5
ar: `u' modifier ignored since `D' is the default (see `U')
ar: conftest.o: No such file or directory
configure:6080: $? = 1
configure:6092: result: @
configure:6110: checking for arm-linux-strip
configure:6137: result: strip
configure:6209: checking for arm-linux-ranlib
configure:6239: result: no
configure:6249: checking for ranlib
configure:6265: found /usr/bin/ranlib
configure:6276: result: ranlib
configure:6378: checking command to parse nm output from arm-fullhanv3-linux-uclibcgnueabi-gcc object
configure:6531: arm-fullhanv3-linux-uclibcgnueabi-gcc -c -g -O2  conftest.c >&5
configure:6534: $? = 0
configure:6538: nm conftest.o \| sed -n -e 's/^.*[ ]\([ABCDGIRSTW][ABCDGIRSTW]*\)[ ][ ]*\([_A-Za-z][_A-Za-z0-9]*\)$/\1 \2 \2/p' | sed '/ __gnu_lto/d' \> conftest.nm
configure:6541: $? = 0
configure:6607: arm-fullhanv3-linux-uclibcgnueabi-gcc -o conftest -g -O2   conftest.c conftstm.o >&5
configure:6610: $? = 0
configure:6648: result: ok
configure:6695: checking for sysroot
configure:6725: result: no
configure:6732: checking for a working dd
configure:6770: result: /bin/dd
configure:6774: checking how to truncate binary pipes
configure:6789: result: /bin/dd bs=4096 count=1
configure:7078: checking for arm-linux-mt
configure:7108: result: no
configure:7118: checking for mt
configure:7134: found /bin/mt
configure:7145: result: mt
configure:7168: checking if mt is a manifest tool
configure:7174: mt '-?'
configure:7182: result: no
configure:7859: checking how to run the C preprocessor
configure:7890: arm-fullhanv3-linux-uclibcgnueabi-gcc -E  conftest.c
configure:7890: $? = 0
configure:7904: arm-fullhanv3-linux-uclibcgnueabi-gcc -E  conftest.c
conftest.c:11:28: fatal error: ac_nonexistent.h: No such file or directory
 #include <ac_nonexistent.h>
                            ^
compilation terminated.
configure:7904: $? = 1
configure: failed program was:
| /* confdefs.h */
| #define PACKAGE_NAME "iptables"
| #define PACKAGE_TARNAME "iptables"
| #define PACKAGE_VERSION "1.8.10"
| #define PACKAGE_STRING "iptables 1.8.10"
| #define PACKAGE_BUGREPORT ""
| #define PACKAGE_URL ""
| #define PACKAGE "iptables"
| #define VERSION "1.8.10"
| /* end confdefs.h.  */
| #include <ac_nonexistent.h>
configure:7929: result: arm-fullhanv3-linux-uclibcgnueabi-gcc -E
configure:7949: arm-fullhanv3-linux-uclibcgnueabi-gcc -E  conftest.c
configure:7949: $? = 0
configure:7963: arm-fullhanv3-linux-uclibcgnueabi-gcc -E  conftest.c
conftest.c:11:28: fatal error: ac_nonexistent.h: No such file or directory
 #include <ac_nonexistent.h>
                            ^
compilation terminated.
configure:7963: $? = 1
configure: failed program was:
| /* confdefs.h */
| #define PACKAGE_NAME "iptables"
| #define PACKAGE_TARNAME "iptables"
| #define PACKAGE_VERSION "1.8.10"
| #define PACKAGE_STRING "iptables 1.8.10"
| #define PACKAGE_BUGREPORT ""
| #define PACKAGE_URL ""
| #define PACKAGE "iptables"
| #define VERSION "1.8.10"
| /* end confdefs.h.  */
| #include <ac_nonexistent.h>
configure:7992: checking for ANSI C header files
configure:8012: arm-fullhanv3-linux-uclibcgnueabi-gcc -c -g -O2  conftest.c >&5
configure:8012: $? = 0
configure:8096: result: yes
configure:8109: checking for sys/types.h
configure:8109: arm-fullhanv3-linux-uclibcgnueabi-gcc -c -g -O2  conftest.c >&5
configure:8109: $? = 0
configure:8109: result: yes
configure:8109: checking for sys/stat.h
configure:8109: arm-fullhanv3-linux-uclibcgnueabi-gcc -c -g -O2  conftest.c >&5
configure:8109: $? = 0
configure:8109: result: yes
configure:8109: checking for stdlib.h
configure:8109: arm-fullhanv3-linux-uclibcgnueabi-gcc -c -g -O2  conftest.c >&5
configure:8109: $? = 0
configure:8109: result: yes
configure:8109: checking for string.h
configure:8109: arm-fullhanv3-linux-uclibcgnueabi-gcc -c -g -O2  conftest.c >&5
configure:8109: $? = 0
configure:8109: result: yes
configure:8109: checking for memory.h
configure:8109: arm-fullhanv3-linux-uclibcgnueabi-gcc -c -g -O2  conftest.c >&5
configure:8109: $? = 0
configure:8109: result: yes
configure:8109: checking for strings.h
configure:8109: arm-fullhanv3-linux-uclibcgnueabi-gcc -c -g -O2  conftest.c >&5
configure:8109: $? = 0
configure:8109: result: yes
configure:8109: checking for inttypes.h
configure:8109: arm-fullhanv3-linux-uclibcgnueabi-gcc -c -g -O2  conftest.c >&5
configure:8109: $? = 0
configure:8109: result: yes
configure:8109: checking for stdint.h
configure:8109: arm-fullhanv3-linux-uclibcgnueabi-gcc -c -g -O2  conftest.c >&5
configure:8109: $? = 0
configure:8109: result: yes
configure:8109: checking for unistd.h
configure:8109: arm-fullhanv3-linux-uclibcgnueabi-gcc -c -g -O2  conftest.c >&5
configure:8109: $? = 0
configure:8109: result: yes
configure:8123: checking for dlfcn.h
configure:8123: arm-fullhanv3-linux-uclibcgnueabi-gcc -c -g -O2  conftest.c >&5
configure:8123: $? = 0
configure:8123: result: yes
configure:8378: checking for objdir
configure:8393: result: .libs
configure:8657: checking if arm-fullhanv3-linux-uclibcgnueabi-gcc supports -fno-rtti -fno-exceptions
configure:8675: arm-fullhanv3-linux-uclibcgnueabi-gcc -c -g -O2  -fno-rtti -fno-exceptions conftest.c >&5
cc1: warning: command line option '-fno-rtti' is valid for C++/ObjC++ but not for C
configure:8679: $? = 0
configure:8692: result: no
configure:9050: checking for arm-fullhanv3-linux-uclibcgnueabi-gcc option to produce PIC
configure:9057: result: -fPIC -DPIC
configure:9065: checking if arm-fullhanv3-linux-uclibcgnueabi-gcc PIC flag -fPIC -DPIC works
configure:9083: arm-fullhanv3-linux-uclibcgnueabi-gcc -c -g -O2  -fPIC -DPIC -DPIC conftest.c >&5
configure:9087: $? = 0
configure:9100: result: yes
configure:9129: checking if arm-fullhanv3-linux-uclibcgnueabi-gcc static flag -static works
configure:9157: result: yes
configure:9172: checking if arm-fullhanv3-linux-uclibcgnueabi-gcc supports -c -o file.o
configure:9193: arm-fullhanv3-linux-uclibcgnueabi-gcc -c -g -O2  -o out/conftest2.o conftest.c >&5
configure:9197: $? = 0
configure:9219: result: yes
configure:9227: checking if arm-fullhanv3-linux-uclibcgnueabi-gcc supports -c -o file.o
configure:9274: result: yes
configure:9307: checking whether the arm-fullhanv3-linux-uclibcgnueabi-gcc linker (/opt/fuhan/toolchain/arm-fullhanv3-linux-uclibcgnueabi-b6/arm-fullhanv3-linux-uclibcgnueabi/bin/ld) supports shared libraries
configure:10570: result: yes
configure:10810: checking dynamic linker characteristics
configure:11391: arm-fullhanv3-linux-uclibcgnueabi-gcc -o conftest -g -O2   -Wl,-rpath -Wl,/foo conftest.c  >&5
configure:11391: $? = 0
configure:11640: result: GNU/Linux ld.so
configure:11762: checking how to hardcode library paths into programs
configure:11787: result: immediate
configure:12335: checking whether stripping libraries is possible
configure:12340: result: yes
configure:12375: checking if libtool supports shared libraries
configure:12377: result: yes
configure:12380: checking whether to build shared libraries
configure:12405: result: no
configure:12408: checking whether to build static libraries
configure:12412: result: yes
configure:12567: checking whether /opt/fuhan/toolchain/arm-fullhanv3-linux-uclibcgnueabi-b6/arm-fullhanv3-linux-uclibcgnueabi/bin/ld knows -Wl,--no-undefined
configure:12575: arm-fullhanv3-linux-uclibcgnueabi-gcc -o conftest -g -O2  -Wl,--no-undefined conftest.c  >&5
configure:12575: $? = 0
configure:12576: result: yes
configure:12597: checking linux/dccp.h usability
configure:12597: arm-fullhanv3-linux-uclibcgnueabi-gcc -c -g -O2  conftest.c >&5
configure:12597: $? = 0
configure:12597: result: yes
configure:12597: checking linux/dccp.h presence
configure:12597: arm-fullhanv3-linux-uclibcgnueabi-gcc -E  conftest.c
configure:12597: $? = 0
configure:12597: result: yes
configure:12597: checking for linux/dccp.h
configure:12597: result: yes
configure:12597: checking linux/ip_vs.h usability
configure:12597: arm-fullhanv3-linux-uclibcgnueabi-gcc -c -g -O2  conftest.c >&5
configure:12597: $? = 0
configure:12597: result: yes
configure:12597: checking linux/ip_vs.h presence
configure:12597: arm-fullhanv3-linux-uclibcgnueabi-gcc -E  conftest.c
configure:12597: $? = 0
configure:12597: result: yes
configure:12597: checking for linux/ip_vs.h
configure:12597: result: yes
configure:12597: checking linux/magic.h usability
configure:12597: arm-fullhanv3-linux-uclibcgnueabi-gcc -c -g -O2  conftest.c >&5
configure:12597: $? = 0
configure:12597: result: yes
configure:12597: checking linux/magic.h presence
configure:12597: arm-fullhanv3-linux-uclibcgnueabi-gcc -E  conftest.c
configure:12597: $? = 0
configure:12597: result: yes
configure:12597: checking for linux/magic.h
configure:12597: result: yes
configure:12597: checking linux/proc_fs.h usability
configure:12597: arm-fullhanv3-linux-uclibcgnueabi-gcc -c -g -O2  conftest.c >&5
conftest.c:59:27: fatal error: linux/proc_fs.h: No such file or directory
 #include <linux/proc_fs.h>
                           ^
compilation terminated.
configure:12597: $? = 1
configure: failed program was:
| /* confdefs.h */
| #define PACKAGE_NAME "iptables"
| #define PACKAGE_TARNAME "iptables"
| #define PACKAGE_VERSION "1.8.10"
| #define PACKAGE_STRING "iptables 1.8.10"
| #define PACKAGE_BUGREPORT ""
| #define PACKAGE_URL ""
| #define PACKAGE "iptables"
| #define VERSION "1.8.10"
| #define STDC_HEADERS 1
| #define HAVE_SYS_TYPES_H 1
| #define HAVE_SYS_STAT_H 1
| #define HAVE_STDLIB_H 1
| #define HAVE_STRING_H 1
| #define HAVE_MEMORY_H 1
| #define HAVE_STRINGS_H 1
| #define HAVE_INTTYPES_H 1
| #define HAVE_STDINT_H 1
| #define HAVE_UNISTD_H 1
| #define HAVE_DLFCN_H 1
| #define LT_OBJDIR ".libs/"
| #define HAVE_LINUX_DCCP_H 1
| #define HAVE_LINUX_IP_VS_H 1
| #define HAVE_LINUX_MAGIC_H 1
| /* end confdefs.h.  */
| #include <stdio.h>
| #ifdef HAVE_SYS_TYPES_H
| # include <sys/types.h>
| #endif
| #ifdef HAVE_SYS_STAT_H
| # include <sys/stat.h>
| #endif
| #ifdef STDC_HEADERS
| # include <stdlib.h>
| # include <stddef.h>
| #else
| # ifdef HAVE_STDLIB_H
| #  include <stdlib.h>
| # endif
| #endif
| #ifdef HAVE_STRING_H
| # if !defined STDC_HEADERS && defined HAVE_MEMORY_H
| #  include <memory.h>
| # endif
| # include <string.h>
| #endif
| #ifdef HAVE_STRINGS_H
| # include <strings.h>
| #endif
| #ifdef HAVE_INTTYPES_H
| # include <inttypes.h>
| #endif
| #ifdef HAVE_STDINT_H
| # include <stdint.h>
| #endif
| #ifdef HAVE_UNISTD_H
| # include <unistd.h>
| #endif
| #include <linux/proc_fs.h>
configure:12597: result: no
configure:12597: checking linux/proc_fs.h presence
configure:12597: arm-fullhanv3-linux-uclibcgnueabi-gcc -E  conftest.c
conftest.c:26:27: fatal error: linux/proc_fs.h: No such file or directory
 #include <linux/proc_fs.h>
                           ^
compilation terminated.
configure:12597: $? = 1
configure: failed program was:
| /* confdefs.h */
| #define PACKAGE_NAME "iptables"
| #define PACKAGE_TARNAME "iptables"
| #define PACKAGE_VERSION "1.8.10"
| #define PACKAGE_STRING "iptables 1.8.10"
| #define PACKAGE_BUGREPORT ""
| #define PACKAGE_URL ""
| #define PACKAGE "iptables"
| #define VERSION "1.8.10"
| #define STDC_HEADERS 1
| #define HAVE_SYS_TYPES_H 1
| #define HAVE_SYS_STAT_H 1
| #define HAVE_STDLIB_H 1
| #define HAVE_STRING_H 1
| #define HAVE_MEMORY_H 1
| #define HAVE_STRINGS_H 1
| #define HAVE_INTTYPES_H 1
| #define HAVE_STDINT_H 1
| #define HAVE_UNISTD_H 1
| #define HAVE_DLFCN_H 1
| #define LT_OBJDIR ".libs/"
| #define HAVE_LINUX_DCCP_H 1
| #define HAVE_LINUX_IP_VS_H 1
| #define HAVE_LINUX_MAGIC_H 1
| /* end confdefs.h.  */
| #include <linux/proc_fs.h>
configure:12597: result: no
configure:12597: checking for linux/proc_fs.h
configure:12597: result: no
configure:12597: checking linux/bpf.h usability
configure:12597: arm-fullhanv3-linux-uclibcgnueabi-gcc -c -g -O2  conftest.c >&5
configure:12597: $? = 0
configure:12597: result: yes
configure:12597: checking linux/bpf.h presence
configure:12597: arm-fullhanv3-linux-uclibcgnueabi-gcc -E  conftest.c
configure:12597: $? = 0
configure:12597: result: yes
configure:12597: checking for linux/bpf.h
configure:12597: result: yes
configure:12618: checking size of struct ip6_hdr
configure:12623: arm-fullhanv3-linux-uclibcgnueabi-gcc -c -g -O2  conftest.c >&5
configure:12623: $? = 0
configure:12623: arm-fullhanv3-linux-uclibcgnueabi-gcc -c -g -O2  conftest.c >&5
conftest.c: In function 'main':
conftest.c:32:12: error: size of array 'test_array' is negative
 static int test_array [1 - 2 * !(((long int) (sizeof (struct ip6_hdr))) <= 0)];
            ^~~~~~~~~~
configure:12623: $? = 1
configure: failed program was:
| /* confdefs.h */
| #define PACKAGE_NAME "iptables"
| #define PACKAGE_TARNAME "iptables"
| #define PACKAGE_VERSION "1.8.10"
| #define PACKAGE_STRING "iptables 1.8.10"
| #define PACKAGE_BUGREPORT ""
| #define PACKAGE_URL ""
| #define PACKAGE "iptables"
| #define VERSION "1.8.10"
| #define STDC_HEADERS 1
| #define HAVE_SYS_TYPES_H 1
| #define HAVE_SYS_STAT_H 1
| #define HAVE_STDLIB_H 1
| #define HAVE_STRING_H 1
| #define HAVE_MEMORY_H 1
| #define HAVE_STRINGS_H 1
| #define HAVE_INTTYPES_H 1
| #define HAVE_STDINT_H 1
| #define HAVE_UNISTD_H 1
| #define HAVE_DLFCN_H 1
| #define LT_OBJDIR ".libs/"
| #define HAVE_LINUX_DCCP_H 1
| #define HAVE_LINUX_IP_VS_H 1
| #define HAVE_LINUX_MAGIC_H 1
| #define HAVE_LINUX_BPF_H 1
| /* end confdefs.h.  */
| #include <netinet/ip6.h>
| 
| int
| main ()
| {
| static int test_array [1 - 2 * !(((long int) (sizeof (struct ip6_hdr))) <= 0)];
| test_array [0] = 0;
| return test_array [0];
| 
|   ;
|   return 0;
| }
configure:12623: arm-fullhanv3-linux-uclibcgnueabi-gcc -c -g -O2  conftest.c >&5
conftest.c: In function 'main':
conftest.c:32:12: error: size of array 'test_array' is negative
 static int test_array [1 - 2 * !(((long int) (sizeof (struct ip6_hdr))) <= 1)];
            ^~~~~~~~~~
configure:12623: $? = 1
configure: failed program was:
| /* confdefs.h */
| #define PACKAGE_NAME "iptables"
| #define PACKAGE_TARNAME "iptables"
| #define PACKAGE_VERSION "1.8.10"
| #define PACKAGE_STRING "iptables 1.8.10"
| #define PACKAGE_BUGREPORT ""
| #define PACKAGE_URL ""
| #define PACKAGE "iptables"
| #define VERSION "1.8.10"
| #define STDC_HEADERS 1
| #define HAVE_SYS_TYPES_H 1
| #define HAVE_SYS_STAT_H 1
| #define HAVE_STDLIB_H 1
| #define HAVE_STRING_H 1
| #define HAVE_MEMORY_H 1
| #define HAVE_STRINGS_H 1
| #define HAVE_INTTYPES_H 1
| #define HAVE_STDINT_H 1
| #define HAVE_UNISTD_H 1
| #define HAVE_DLFCN_H 1
| #define LT_OBJDIR ".libs/"
| #define HAVE_LINUX_DCCP_H 1
| #define HAVE_LINUX_IP_VS_H 1
| #define HAVE_LINUX_MAGIC_H 1
| #define HAVE_LINUX_BPF_H 1
| /* end confdefs.h.  */
| #include <netinet/ip6.h>
| 
| int
| main ()
| {
| static int test_array [1 - 2 * !(((long int) (sizeof (struct ip6_hdr))) <= 1)];
| test_array [0] = 0;
| return test_array [0];
| 
|   ;
|   return 0;
| }
configure:12623: arm-fullhanv3-linux-uclibcgnueabi-gcc -c -g -O2  conftest.c >&5
conftest.c: In function 'main':
conftest.c:32:12: error: size of array 'test_array' is negative
 static int test_array [1 - 2 * !(((long int) (sizeof (struct ip6_hdr))) <= 3)];
            ^~~~~~~~~~
configure:12623: $? = 1
configure: failed program was:
| /* confdefs.h */
| #define PACKAGE_NAME "iptables"
| #define PACKAGE_TARNAME "iptables"
| #define PACKAGE_VERSION "1.8.10"
| #define PACKAGE_STRING "iptables 1.8.10"
| #define PACKAGE_BUGREPORT ""
| #define PACKAGE_URL ""
| #define PACKAGE "iptables"
| #define VERSION "1.8.10"
| #define STDC_HEADERS 1
| #define HAVE_SYS_TYPES_H 1
| #define HAVE_SYS_STAT_H 1
| #define HAVE_STDLIB_H 1
| #define HAVE_STRING_H 1
| #define HAVE_MEMORY_H 1
| #define HAVE_STRINGS_H 1
| #define HAVE_INTTYPES_H 1
| #define HAVE_STDINT_H 1
| #define HAVE_UNISTD_H 1
| #define HAVE_DLFCN_H 1
| #define LT_OBJDIR ".libs/"
| #define HAVE_LINUX_DCCP_H 1
| #define HAVE_LINUX_IP_VS_H 1
| #define HAVE_LINUX_MAGIC_H 1
| #define HAVE_LINUX_BPF_H 1
| /* end confdefs.h.  */
| #include <netinet/ip6.h>
| 
| int
| main ()
| {
| static int test_array [1 - 2 * !(((long int) (sizeof (struct ip6_hdr))) <= 3)];
| test_array [0] = 0;
| return test_array [0];
| 
|   ;
|   return 0;
| }
configure:12623: arm-fullhanv3-linux-uclibcgnueabi-gcc -c -g -O2  conftest.c >&5
conftest.c: In function 'main':
conftest.c:32:12: error: size of array 'test_array' is negative
 static int test_array [1 - 2 * !(((long int) (sizeof (struct ip6_hdr))) <= 7)];
            ^~~~~~~~~~
configure:12623: $? = 1
configure: failed program was:
| /* confdefs.h */
| #define PACKAGE_NAME "iptables"
| #define PACKAGE_TARNAME "iptables"
| #define PACKAGE_VERSION "1.8.10"
| #define PACKAGE_STRING "iptables 1.8.10"
| #define PACKAGE_BUGREPORT ""
| #define PACKAGE_URL ""
| #define PACKAGE "iptables"
| #define VERSION "1.8.10"
| #define STDC_HEADERS 1
| #define HAVE_SYS_TYPES_H 1
| #define HAVE_SYS_STAT_H 1
| #define HAVE_STDLIB_H 1
| #define HAVE_STRING_H 1
| #define HAVE_MEMORY_H 1
| #define HAVE_STRINGS_H 1
| #define HAVE_INTTYPES_H 1
| #define HAVE_STDINT_H 1
| #define HAVE_UNISTD_H 1
| #define HAVE_DLFCN_H 1
| #define LT_OBJDIR ".libs/"
| #define HAVE_LINUX_DCCP_H 1
| #define HAVE_LINUX_IP_VS_H 1
| #define HAVE_LINUX_MAGIC_H 1
| #define HAVE_LINUX_BPF_H 1
| /* end confdefs.h.  */
| #include <netinet/ip6.h>
| 
| int
| main ()
| {
| static int test_array [1 - 2 * !(((long int) (sizeof (struct ip6_hdr))) <= 7)];
| test_array [0] = 0;
| return test_array [0];
| 
|   ;
|   return 0;
| }
configure:12623: arm-fullhanv3-linux-uclibcgnueabi-gcc -c -g -O2  conftest.c >&5
conftest.c: In function 'main':
conftest.c:32:12: error: size of array 'test_array' is negative
 static int test_array [1 - 2 * !(((long int) (sizeof (struct ip6_hdr))) <= 15)];
            ^~~~~~~~~~
configure:12623: $? = 1
configure: failed program was:
| /* confdefs.h */
| #define PACKAGE_NAME "iptables"
| #define PACKAGE_TARNAME "iptables"
| #define PACKAGE_VERSION "1.8.10"
| #define PACKAGE_STRING "iptables 1.8.10"
| #define PACKAGE_BUGREPORT ""
| #define PACKAGE_URL ""
| #define PACKAGE "iptables"
| #define VERSION "1.8.10"
| #define STDC_HEADERS 1
| #define HAVE_SYS_TYPES_H 1
| #define HAVE_SYS_STAT_H 1
| #define HAVE_STDLIB_H 1
| #define HAVE_STRING_H 1
| #define HAVE_MEMORY_H 1
| #define HAVE_STRINGS_H 1
| #define HAVE_INTTYPES_H 1
| #define HAVE_STDINT_H 1
| #define HAVE_UNISTD_H 1
| #define HAVE_DLFCN_H 1
| #define LT_OBJDIR ".libs/"
| #define HAVE_LINUX_DCCP_H 1
| #define HAVE_LINUX_IP_VS_H 1
| #define HAVE_LINUX_MAGIC_H 1
| #define HAVE_LINUX_BPF_H 1
| /* end confdefs.h.  */
| #include <netinet/ip6.h>
| 
| int
| main ()
| {
| static int test_array [1 - 2 * !(((long int) (sizeof (struct ip6_hdr))) <= 15)];
| test_array [0] = 0;
| return test_array [0];
| 
|   ;
|   return 0;
| }
configure:12623: arm-fullhanv3-linux-uclibcgnueabi-gcc -c -g -O2  conftest.c >&5
conftest.c: In function 'main':
conftest.c:32:12: error: size of array 'test_array' is negative
 static int test_array [1 - 2 * !(((long int) (sizeof (struct ip6_hdr))) <= 31)];
            ^~~~~~~~~~
configure:12623: $? = 1
configure: failed program was:
| /* confdefs.h */
| #define PACKAGE_NAME "iptables"
| #define PACKAGE_TARNAME "iptables"
| #define PACKAGE_VERSION "1.8.10"
| #define PACKAGE_STRING "iptables 1.8.10"
| #define PACKAGE_BUGREPORT ""
| #define PACKAGE_URL ""
| #define PACKAGE "iptables"
| #define VERSION "1.8.10"
| #define STDC_HEADERS 1
| #define HAVE_SYS_TYPES_H 1
| #define HAVE_SYS_STAT_H 1
| #define HAVE_STDLIB_H 1
| #define HAVE_STRING_H 1
| #define HAVE_MEMORY_H 1
| #define HAVE_STRINGS_H 1
| #define HAVE_INTTYPES_H 1
| #define HAVE_STDINT_H 1
| #define HAVE_UNISTD_H 1
| #define HAVE_DLFCN_H 1
| #define LT_OBJDIR ".libs/"
| #define HAVE_LINUX_DCCP_H 1
| #define HAVE_LINUX_IP_VS_H 1
| #define HAVE_LINUX_MAGIC_H 1
| #define HAVE_LINUX_BPF_H 1
| /* end confdefs.h.  */
| #include <netinet/ip6.h>
| 
| int
| main ()
| {
| static int test_array [1 - 2 * !(((long int) (sizeof (struct ip6_hdr))) <= 31)];
| test_array [0] = 0;
| return test_array [0];
| 
|   ;
|   return 0;
| }
configure:12623: arm-fullhanv3-linux-uclibcgnueabi-gcc -c -g -O2  conftest.c >&5
configure:12623: $? = 0
configure:12623: arm-fullhanv3-linux-uclibcgnueabi-gcc -c -g -O2  conftest.c >&5
configure:12623: $? = 0
configure:12623: arm-fullhanv3-linux-uclibcgnueabi-gcc -c -g -O2  conftest.c >&5
conftest.c: In function 'main':
conftest.c:32:12: error: size of array 'test_array' is negative
 static int test_array [1 - 2 * !(((long int) (sizeof (struct ip6_hdr))) <= 39)];
            ^~~~~~~~~~
configure:12623: $? = 1
configure: failed program was:
| /* confdefs.h */
| #define PACKAGE_NAME "iptables"
| #define PACKAGE_TARNAME "iptables"
| #define PACKAGE_VERSION "1.8.10"
| #define PACKAGE_STRING "iptables 1.8.10"
| #define PACKAGE_BUGREPORT ""
| #define PACKAGE_URL ""
| #define PACKAGE "iptables"
| #define VERSION "1.8.10"
| #define STDC_HEADERS 1
| #define HAVE_SYS_TYPES_H 1
| #define HAVE_SYS_STAT_H 1
| #define HAVE_STDLIB_H 1
| #define HAVE_STRING_H 1
| #define HAVE_MEMORY_H 1
| #define HAVE_STRINGS_H 1
| #define HAVE_INTTYPES_H 1
| #define HAVE_STDINT_H 1
| #define HAVE_UNISTD_H 1
| #define HAVE_DLFCN_H 1
| #define LT_OBJDIR ".libs/"
| #define HAVE_LINUX_DCCP_H 1
| #define HAVE_LINUX_IP_VS_H 1
| #define HAVE_LINUX_MAGIC_H 1
| #define HAVE_LINUX_BPF_H 1
| /* end confdefs.h.  */
| #include <netinet/ip6.h>
| 
| int
| main ()
| {
| static int test_array [1 - 2 * !(((long int) (sizeof (struct ip6_hdr))) <= 39)];
| test_array [0] = 0;
| return test_array [0];
| 
|   ;
|   return 0;
| }
configure:12623: arm-fullhanv3-linux-uclibcgnueabi-gcc -c -g -O2  conftest.c >&5
configure:12623: $? = 0
configure:12623: arm-fullhanv3-linux-uclibcgnueabi-gcc -c -g -O2  conftest.c >&5
configure:12623: $? = 0
configure:12623: arm-fullhanv3-linux-uclibcgnueabi-gcc -c -g -O2  conftest.c >&5
configure:12623: $? = 0
configure:12638: result: 40
configure:12749: checking for arm-linux-pkg-config
configure:12782: result: no
configure:12792: checking for pkg-config
configure:12810: found /usr/bin/pkg-config
configure:12822: result: /usr/bin/pkg-config
configure:12847: checking pkg-config is at least version 0.9.0
configure:12850: result: yes
configure:12860: checking for libnfnetlink
configure:12867: $PKG_CONFIG --exists --print-errors "libnfnetlink >= 1.0"
Package libnfnetlink was not found in the pkg-config search path.
Perhaps you should add the directory containing `libnfnetlink.pc'
to the PKG_CONFIG_PATH environment variable
No package 'libnfnetlink' found
configure:12870: $? = 1
configure:12884: $PKG_CONFIG --exists --print-errors "libnfnetlink >= 1.0"
Package libnfnetlink was not found in the pkg-config search path.
Perhaps you should add the directory containing `libnfnetlink.pc'
to the PKG_CONFIG_PATH environment variable
No package 'libnfnetlink' found
configure:12887: $? = 1
configure:12901: result: no
No package 'libnfnetlink' found
configure:13017: checking for libmnl
configure:13024: $PKG_CONFIG --exists --print-errors "libmnl >= 1.0"
configure:13027: $? = 0
configure:13041: $PKG_CONFIG --exists --print-errors "libmnl >= 1.0"
configure:13044: $? = 0
configure:13082: result: yes
configure:13098: checking for libnftnl
configure:13105: $PKG_CONFIG --exists --print-errors "libnftnl >= 1.2.6"
configure:13108: $? = 0
configure:13122: $PKG_CONFIG --exists --print-errors "libnftnl >= 1.2.6"
configure:13125: $? = 0
configure:13163: result: yes
configure:13203: checking for libnetfilter_conntrack
configure:13210: $PKG_CONFIG --exists --print-errors "libnetfilter_conntrack >= 1.0.6"
Package libnetfilter_conntrack was not found in the pkg-config search path.
Perhaps you should add the directory containing `libnetfilter_conntrack.pc'
to the PKG_CONFIG_PATH environment variable
No package 'libnetfilter_conntrack' found
configure:13213: $? = 1
configure:13227: $PKG_CONFIG --exists --print-errors "libnetfilter_conntrack >= 1.0.6"
Package libnetfilter_conntrack was not found in the pkg-config search path.
Perhaps you should add the directory containing `libnetfilter_conntrack.pc'
to the PKG_CONFIG_PATH environment variable
No package 'libnetfilter_conntrack' found
configure:13230: $? = 1
configure:13244: result: no
No package 'libnetfilter_conntrack' found
configure:13453: checking that generated files are newer than configure
configure:13459: result: done
configure:13542: creating ./config.status

## ---------------------- ##
## Running config.status. ##
## ---------------------- ##

This file was extended by iptables config.status 1.8.10, which was
generated by GNU Autoconf 2.69.  Invocation command line was

  CONFIG_FILES    = 
  CONFIG_HEADERS  = 
  CONFIG_LINKS    = 
  CONFIG_COMMANDS = 
  $ ./config.status 

on l-VirtualBox

config.status:1176: creating Makefile
config.status:1176: creating extensions/GNUmakefile
config.status:1176: creating include/Makefile
config.status:1176: creating iptables/Makefile
config.status:1176: creating iptables/xtables.pc
config.status:1176: creating iptables/iptables.8
config.status:1176: creating iptables/iptables-extensions.8.tmpl
config.status:1176: creating iptables/iptables-save.8
config.status:1176: creating iptables/iptables-restore.8
config.status:1176: creating iptables/iptables-apply.8
config.status:1176: creating iptables/iptables-xml.1
config.status:1176: creating libipq/Makefile
config.status:1176: creating libipq/libipq.pc
config.status:1176: creating libiptc/Makefile
config.status:1176: creating libiptc/libiptc.pc
config.status:1176: creating libiptc/libip4tc.pc
config.status:1176: creating libiptc/libip6tc.pc
config.status:1176: creating libxtables/Makefile
config.status:1176: creating utils/Makefile
config.status:1176: creating include/xtables-version.h
config.status:1176: creating iptables/xtables-monitor.8
config.status:1176: creating utils/nfnl_osf.8
config.status:1176: creating utils/nfbpf_compile.8
config.status:1176: creating config.h
config.status:1342: config.h is unchanged
config.status:1390: executing depfiles commands
config.status:1390: executing libtool commands

## ---------------- ##
## Cache variables. ##
## ---------------- ##

ac_cv_build=x86_64-pc-linux-uclibc
ac_cv_c_compiler_gnu=yes
ac_cv_env_CC_set=set
ac_cv_env_CC_value=arm-fullhanv3-linux-uclibcgnueabi-gcc
ac_cv_env_CFLAGS_set=
ac_cv_env_CFLAGS_value=
ac_cv_env_CPPFLAGS_set=
ac_cv_env_CPPFLAGS_value=
ac_cv_env_CPP_set=
ac_cv_env_CPP_value=
ac_cv_env_LDFLAGS_set=
ac_cv_env_LDFLAGS_value=
ac_cv_env_LIBS_set=
ac_cv_env_LIBS_value=
ac_cv_env_LT_SYS_LIBRARY_PATH_set=
ac_cv_env_LT_SYS_LIBRARY_PATH_value=
ac_cv_env_PKG_CONFIG_LIBDIR_set=
ac_cv_env_PKG_CONFIG_LIBDIR_value=
ac_cv_env_PKG_CONFIG_PATH_set=set
ac_cv_env_PKG_CONFIG_PATH_value=/usr/lib/x86_64-linux-gnu/pkgconfig/:/home/l/share/unit_testing/iptables/libnftnl/build/install/lib/pkgconfig:/home/l/share/unit_testing/iptables/libmnl/build/install/lib/pkgconfig:
ac_cv_env_PKG_CONFIG_set=
ac_cv_env_PKG_CONFIG_value=
ac_cv_env_build_alias_set=
ac_cv_env_build_alias_value=
ac_cv_env_host_alias_set=set
ac_cv_env_host_alias_value=arm-linux
ac_cv_env_libmnl_CFLAGS_set=
ac_cv_env_libmnl_CFLAGS_value=
ac_cv_env_libmnl_LIBS_set=
ac_cv_env_libmnl_LIBS_value=
ac_cv_env_libnetfilter_conntrack_CFLAGS_set=
ac_cv_env_libnetfilter_conntrack_CFLAGS_value=
ac_cv_env_libnetfilter_conntrack_LIBS_set=
ac_cv_env_libnetfilter_conntrack_LIBS_value=
ac_cv_env_libnfnetlink_CFLAGS_set=
ac_cv_env_libnfnetlink_CFLAGS_value=
ac_cv_env_libnfnetlink_LIBS_set=
ac_cv_env_libnfnetlink_LIBS_value=
ac_cv_env_libnftnl_CFLAGS_set=
ac_cv_env_libnftnl_CFLAGS_value=
ac_cv_env_libnftnl_LIBS_set=
ac_cv_env_libnftnl_LIBS_value=
ac_cv_env_libpcap_CFLAGS_set=
ac_cv_env_libpcap_CFLAGS_value=
ac_cv_env_libpcap_LIBS_set=
ac_cv_env_libpcap_LIBS_value=
ac_cv_env_target_alias_set=
ac_cv_env_target_alias_value=
ac_cv_header_dlfcn_h=yes
ac_cv_header_inttypes_h=yes
ac_cv_header_linux_bpf_h=yes
ac_cv_header_linux_dccp_h=yes
ac_cv_header_linux_ip_vs_h=yes
ac_cv_header_linux_magic_h=yes
ac_cv_header_linux_proc_fs_h=no
ac_cv_header_memory_h=yes
ac_cv_header_stdc=yes
ac_cv_header_stdint_h=yes
ac_cv_header_stdlib_h=yes
ac_cv_header_string_h=yes
ac_cv_header_strings_h=yes
ac_cv_header_sys_stat_h=yes
ac_cv_header_sys_types_h=yes
ac_cv_header_unistd_h=yes
ac_cv_host=arm-unknown-linux-gnu
ac_cv_objext=o
ac_cv_path_EGREP='/bin/grep -E'
ac_cv_path_FGREP='/bin/grep -F'
ac_cv_path_GREP=/bin/grep
ac_cv_path_SED=/bin/sed
ac_cv_path_ac_pt_PKG_CONFIG=/usr/bin/pkg-config
ac_cv_path_install='/usr/bin/install -c'
ac_cv_path_lt_DD=/bin/dd
ac_cv_path_mkdir=/bin/mkdir
ac_cv_prog_AR=ar
ac_cv_prog_AWK=mawk
ac_cv_prog_CC=arm-fullhanv3-linux-uclibcgnueabi-gcc
ac_cv_prog_CPP='arm-fullhanv3-linux-uclibcgnueabi-gcc -E'
ac_cv_prog_STRIP=strip
ac_cv_prog_ac_ct_AR=ar
ac_cv_prog_ac_ct_DUMPBIN='link -dump'
ac_cv_prog_ac_ct_MANIFEST_TOOL=mt
ac_cv_prog_ac_ct_OBJDUMP=objdump
ac_cv_prog_ac_ct_RANLIB=ranlib
ac_cv_prog_ac_ct_STRIP=strip
ac_cv_prog_cc_c89=
ac_cv_prog_cc_g=yes
ac_cv_prog_make_make_set=yes
ac_cv_sizeof_struct_ip6_hdr=40
am_cv_CC_dependencies_compiler_type=gcc3
am_cv_ar_interface=ar
am_cv_make_support_nested_variables=yes
am_cv_prog_cc_c_o=yes
lt_cv_ar_at_file=@
lt_cv_deplibs_check_method=pass_all
lt_cv_file_magic_cmd='$MAGIC_CMD'
lt_cv_file_magic_test_file=
lt_cv_ld_reload_flag=-r
lt_cv_nm_interface='BSD nm'
lt_cv_objdir=.libs
lt_cv_path_LD=/opt/fuhan/toolchain/arm-fullhanv3-linux-uclibcgnueabi-b6/arm-fullhanv3-linux-uclibcgnueabi/bin/ld
lt_cv_path_NM=no
lt_cv_path_mainfest_tool=no
lt_cv_prog_compiler_c_o=yes
lt_cv_prog_compiler_pic='-fPIC -DPIC'
lt_cv_prog_compiler_pic_works=yes
lt_cv_prog_compiler_rtti_exceptions=no
lt_cv_prog_compiler_static_works=yes
lt_cv_prog_gnu_ld=yes
lt_cv_sharedlib_from_linklib_cmd='printf %s\n'
lt_cv_shlibpath_overrides_runpath=no
lt_cv_sys_global_symbol_pipe='sed -n -e '\''s/^.*[	 ]\([ABCDGIRSTW][ABCDGIRSTW]*\)[	 ][	 ]*\([_A-Za-z][_A-Za-z0-9]*\)$/\1 \2 \2/p'\'' | sed '\''/ __gnu_lto/d'\'''
lt_cv_sys_global_symbol_to_c_name_address='sed -n -e '\''s/^: \(.*\) .*$/  {"\1", (void *) 0},/p'\'' -e '\''s/^[ABCDGIRSTW][ABCDGIRSTW]* .* \(.*\)$/  {"\1", (void *) \&\1},/p'\'''
lt_cv_sys_global_symbol_to_c_name_address_lib_prefix='sed -n -e '\''s/^: \(.*\) .*$/  {"\1", (void *) 0},/p'\'' -e '\''s/^[ABCDGIRSTW][ABCDGIRSTW]* .* \(lib.*\)$/  {"\1", (void *) \&\1},/p'\'' -e '\''s/^[ABCDGIRSTW][ABCDGIRSTW]* .* \(.*\)$/  {"lib\1", (void *) \&\1},/p'\'''
lt_cv_sys_global_symbol_to_cdecl='sed -n -e '\''s/^T .* \(.*\)$/extern int \1();/p'\'' -e '\''s/^[ABCDGIRSTW][ABCDGIRSTW]* .* \(.*\)$/extern char \1;/p'\'''
lt_cv_sys_global_symbol_to_import=
lt_cv_sys_max_cmd_len=1572864
lt_cv_to_host_file_cmd=func_convert_file_noop
lt_cv_to_tool_file_cmd=func_convert_file_noop
lt_cv_truncate_bin='/bin/dd bs=4096 count=1'
pkg_cv_libmnl_CFLAGS=-I/home/l/share/unit_testing/iptables/libmnl/build/install/include
pkg_cv_libmnl_LIBS='-L/home/l/share/unit_testing/iptables/libmnl/build/install/lib -lmnl'
pkg_cv_libnftnl_CFLAGS='-I/home/l/share/unit_testing/iptables/libnftnl/build/install/include -I/home/l/share/unit_testing/iptables/libmnl/build/install/include'
pkg_cv_libnftnl_LIBS='-L/home/l/share/unit_testing/iptables/libnftnl/build/install/lib -lnftnl'

## ----------------- ##
## Output variables. ##
## ----------------- ##

ACLOCAL='${SHELL} /home/l/share/unit_testing/iptables/iptables/build-aux/missing aclocal-1.15'
AMDEPBACKSLASH='\'
AMDEP_FALSE='#'
AMDEP_TRUE=''
AMTAR='$${TAR-tar}'
AM_BACKSLASH='\'
AM_DEFAULT_V='$(AM_DEFAULT_VERBOSITY)'
AM_DEFAULT_VERBOSITY='1'
AM_V='$(V)'
AR='ar'
AUTOCONF='${SHELL} /home/l/share/unit_testing/iptables/iptables/build-aux/missing autoconf'
AUTOHEADER='${SHELL} /home/l/share/unit_testing/iptables/iptables/build-aux/missing autoheader'
AUTOMAKE='${SHELL} /home/l/share/unit_testing/iptables/iptables/build-aux/missing automake-1.15'
AWK='mawk'
CC='arm-fullhanv3-linux-uclibcgnueabi-gcc'
CCDEPMODE='depmode=gcc3'
CFLAGS='-g -O2'
CPP='arm-fullhanv3-linux-uclibcgnueabi-gcc -E'
CPPFLAGS=''
CYGPATH_W='echo'
DEFS='-DHAVE_CONFIG_H'
DEPDIR='.deps'
DLLTOOL='false'
DSYMUTIL=''
DUMPBIN=':'
ECHO_C=''
ECHO_N='-n'
ECHO_T=''
EGREP='/bin/grep -E'
ENABLE_BPFC_FALSE=''
ENABLE_BPFC_TRUE='#'
ENABLE_CONNLABEL_FALSE='#'
ENABLE_CONNLABEL_TRUE=''
ENABLE_DEVEL_FALSE='#'
ENABLE_DEVEL_TRUE=''
ENABLE_IPV4_FALSE='#'
ENABLE_IPV4_TRUE=''
ENABLE_IPV6_FALSE=''
ENABLE_IPV6_TRUE='#'
ENABLE_LARGEFILE_FALSE=''
ENABLE_LARGEFILE_TRUE='#'
ENABLE_LIBIPQ_FALSE=''
ENABLE_LIBIPQ_TRUE='#'
ENABLE_NFTABLES_FALSE='#'
ENABLE_NFTABLES_TRUE=''
ENABLE_SHARED_FALSE=''
ENABLE_SHARED_TRUE='#'
ENABLE_STATIC_FALSE='#'
ENABLE_STATIC_TRUE=''
ENABLE_SYNCONF_FALSE=''
ENABLE_SYNCONF_TRUE='#'
EXEEXT=''
FGREP='/bin/grep -F'
GREP='/bin/grep'
HAVE_LIBMNL_FALSE='#'
HAVE_LIBMNL_TRUE=''
HAVE_LIBNETFILTER_CONNTRACK_FALSE=''
HAVE_LIBNETFILTER_CONNTRACK_TRUE='#'
HAVE_LIBNFNETLINK_FALSE=''
HAVE_LIBNFNETLINK_TRUE='#'
HAVE_LIBNFTNL_FALSE='#'
HAVE_LIBNFTNL_TRUE=''
INSTALL_DATA='${INSTALL} -m 644'
INSTALL_PROGRAM='${INSTALL}'
INSTALL_SCRIPT='${INSTALL}'
INSTALL_STRIP_PROGRAM='$(install_sh) -c -s'
LD='/opt/fuhan/toolchain/arm-fullhanv3-linux-uclibcgnueabi-b6/arm-fullhanv3-linux-uclibcgnueabi/bin/ld'
LDFLAGS=''
LIBOBJS=''
LIBS=''
LIBTOOL='$(SHELL) $(top_builddir)/libtool'
LIPO=''
LN_S='ln -s'
LTLIBOBJS=''
LT_SYS_LIBRARY_PATH=''
MAKEINFO='${SHELL} /home/l/share/unit_testing/iptables/iptables/build-aux/missing makeinfo'
MANIFEST_TOOL=':'
MKDIR_P='/bin/mkdir -p'
NM='nm'
NMEDIT=''
OBJDUMP='objdump'
OBJEXT='o'
OTOOL64=''
OTOOL=''
PACKAGE='iptables'
PACKAGE_BUGREPORT=''
PACKAGE_NAME='iptables'
PACKAGE_STRING='iptables 1.8.10'
PACKAGE_TARNAME='iptables'
PACKAGE_URL=''
PACKAGE_VERSION='1.8.10'
PATH_SEPARATOR=':'
PKG_CONFIG='/usr/bin/pkg-config'
PKG_CONFIG_LIBDIR=''
PKG_CONFIG_PATH='/usr/lib/x86_64-linux-gnu/pkgconfig/:/home/l/share/unit_testing/iptables/libnftnl/build/install/lib/pkgconfig:/home/l/share/unit_testing/iptables/libmnl/build/install/lib/pkgconfig:'
RANLIB='ranlib'
SED='/bin/sed'
SET_MAKE=''
SHELL='/bin/bash'
STRIP='strip'
VERSION='1.8.10'
XT_LOCK_NAME='/run/xtables.lock'
ac_ct_AR='ar'
ac_ct_CC=''
ac_ct_DUMPBIN='link -dump'
am__EXEEXT_FALSE=''
am__EXEEXT_TRUE='#'
am__fastdepCC_FALSE='#'
am__fastdepCC_TRUE=''
am__include='include'
am__isrc=' -I$(srcdir)'
am__leading_dot='.'
am__nodep='_no'
am__quote=''
am__tar='$${TAR-tar} chof - "$$tardir"'
am__untar='$${TAR-tar} xf -'
bindir='${exec_prefix}/bin'
blacklist_4_modules=''
blacklist_6_modules=''
blacklist_a_modules=''
blacklist_b_modules=''
blacklist_modules=' connlabel'
blacklist_x_modules=''
build='x86_64-pc-linux-uclibc'
build_alias=''
build_cpu='x86_64'
build_os='linux-uclibc'
build_vendor='pc'
datadir='${datarootdir}'
datarootdir='${prefix}/share'
docdir='${datarootdir}/doc/${PACKAGE_TARNAME}'
dvidir='${docdir}'
exec_prefix='${prefix}'
host='arm-unknown-linux-gnu'
host_alias='arm-linux'
host_cpu='arm'
host_os='linux-gnu'
host_vendor='unknown'
htmldir='${docdir}'
includedir='${prefix}/include'
infodir='${datarootdir}/info'
install_sh='${SHELL} /home/l/share/unit_testing/iptables/iptables/build-aux/install-sh'
kbuilddir=''
kinclude_CPPFLAGS=''
ksourcedir=''
libdir='${exec_prefix}/lib'
libexecdir='${exec_prefix}/libexec'
libmnl_CFLAGS='-I/home/l/share/unit_testing/iptables/libmnl/build/install/include'
libmnl_LIBS='-L/home/l/share/unit_testing/iptables/libmnl/build/install/lib -lmnl'
libnetfilter_conntrack_CFLAGS=''
libnetfilter_conntrack_LIBS=''
libnfnetlink_CFLAGS=''
libnfnetlink_LIBS=''
libnftnl_CFLAGS='-I/home/l/share/unit_testing/iptables/libnftnl/build/install/include -I/home/l/share/unit_testing/iptables/libmnl/build/install/include'
libnftnl_LIBS='-L/home/l/share/unit_testing/iptables/libnftnl/build/install/lib -lnftnl'
libpcap_CFLAGS=''
libpcap_LIBS=''
libxtables_vage='7'
libxtables_vcurrent='19'
libxtables_vmajor='12'
localedir='${datarootdir}/locale'
localstatedir='${prefix}/var'
mandir='${datarootdir}/man'
mkdir_p='$(MKDIR_P)'
noundef_LDFLAGS='-Wl,--no-undefined'
oldincludedir='/usr/include'
pdfdir='${docdir}'
pkgconfigdir='${libdir}/pkgconfig'
pkgdatadir='${datadir}/xtables'
prefix='/home/l/share/unit_testing/iptables/iptables/build/install'
program_transform_name='s,x,x,'
psdir='${docdir}'
regular_CFLAGS='-Wall -Waggregate-return -Wmissing-declarations 	-Wmissing-prototypes -Wredundant-decls -Wshadow -Wstrict-prototypes 	-Wlogical-op 	-Winline -pipe'
regular_CPPFLAGS=' -D_REENTRANT 	-DXTABLES_LIBDIR=\"${xtlibdir}\" -DXTABLES_INTERNAL'
regular_LDFLAGS=''
runstatedir='${localstatedir}/run'
sbindir='${exec_prefix}/sbin'
sharedstatedir='${prefix}/com'
sysconfdir='${prefix}/etc'
target_alias=''
xtlibdir='${exec_prefix}/lib/xtables'

## ----------- ##
## confdefs.h. ##
## ----------- ##

/* confdefs.h */
#define PACKAGE_NAME "iptables"
#define PACKAGE_TARNAME "iptables"
#define PACKAGE_VERSION "1.8.10"
#define PACKAGE_STRING "iptables 1.8.10"
#define PACKAGE_BUGREPORT ""
#define PACKAGE_URL ""
#define PACKAGE "iptables"
#define VERSION "1.8.10"
#define STDC_HEADERS 1
#define HAVE_SYS_TYPES_H 1
#define HAVE_SYS_STAT_H 1
#define HAVE_STDLIB_H 1
#define HAVE_STRING_H 1
#define HAVE_MEMORY_H 1
#define HAVE_STRINGS_H 1
#define HAVE_INTTYPES_H 1
#define HAVE_STDINT_H 1
#define HAVE_UNISTD_H 1
#define HAVE_DLFCN_H 1
#define LT_OBJDIR ".libs/"
#define HAVE_LINUX_DCCP_H 1
#define HAVE_LINUX_IP_VS_H 1
#define HAVE_LINUX_MAGIC_H 1
#define HAVE_LINUX_BPF_H 1
#define SIZEOF_STRUCT_IP6_HDR 40
#define XT_LOCK_NAME "/run/xtables.lock"

configure: exit 0
