This file contains any messages produced by compilers while
running configure, to aid debugging if configure makes a mistake.

It was created by libmnl configure 1.0.5, which was
generated by GNU Autoconf 2.69.  Invocation command line was

  $ ../configure --host=arm-linux CC=arm-fullhanv3-linux-uclibcgnueabi-gcc LDFLAGS=-static --prefix=/home/l/share/unit_testing/iptables/libmnl/build/install

## --------- ##
## Platform. ##
## --------- ##

hostname = l-VirtualBox
uname -m = x86_64
uname -r = 5.4.0-150-generic
uname -s = Linux
uname -v = #167~18.04.1-Ubuntu SMP Wed May 24 00:51:42 UTC 2023

/usr/bin/uname -p = unknown
/bin/uname -X     = unknown

/bin/arch              = unknown
/usr/bin/arch -k       = unknown
/usr/convex/getsysinfo = unknown
/usr/bin/hostinfo      = unknown
/bin/machine           = unknown
/usr/bin/oslevel       = unknown
/bin/universe          = unknown

PATH: /opt/fuhan/toolchain/arm-fullhanv2-linux-uclibcgnueabi-b2/bin
PATH: /opt/fuhan/toolchain/arm-fullhanv3-linux-uclibcgnueabi-b6/bin
PATH: /usr/local/sbin
PATH: /usr/local/bin
PATH: /usr/sbin
PATH: /usr/bin
PATH: /sbin
PATH: /bin
PATH: /usr/games
PATH: /usr/local/games
PATH: /snap/bin


## ----------- ##
## Core tests. ##
## ----------- ##

configure:2173: checking build system type
configure:2187: result: x86_64-pc-linux-uclibc
configure:2207: checking host system type
configure:2220: result: arm-unknown-linux-gnu
configure:2259: checking for a BSD-compatible install
configure:2327: result: /usr/bin/install -c
configure:2338: checking whether build environment is sane
configure:2393: result: yes
configure:2452: checking for arm-linux-strip
configure:2482: result: no
configure:2492: checking for strip
configure:2508: found /usr/bin/strip
configure:2519: result: strip
configure:2544: checking for a thread-safe mkdir -p
configure:2583: result: /bin/mkdir -p
configure:2590: checking for gawk
configure:2620: result: no
configure:2590: checking for mawk
configure:2606: found /usr/bin/mawk
configure:2617: result: mawk
configure:2628: checking whether make sets $(MAKE)
configure:2650: result: yes
configure:2679: checking whether make supports nested variables
configure:2696: result: yes
configure:2775: checking how to create a pax tar archive
configure:2786: tar --version
tar (GNU tar) 1.29
Copyright (C) 2015 Free Software Foundation, Inc.
License GPLv3+: GNU GPL version 3 or later <http://gnu.org/licenses/gpl.html>.
This is free software: you are free to change and redistribute it.
There is NO WARRANTY, to the extent permitted by law.

Written by John Gilmore and Jay Fenlason.
configure:2789: $? = 0
configure:2829: tardir=conftest.dir && eval tar --format=posix -chf - "$tardir" >conftest.tar
configure:2832: $? = 0
configure:2836: tar -xf - <conftest.tar
configure:2839: $? = 0
configure:2841: cat conftest.dir/file
GrepMe
configure:2844: $? = 0
configure:2857: result: gnutar
configure:2919: checking whether make supports nested variables
configure:2936: result: yes
configure:2956: checking for arm-linux-gcc
configure:2983: result: arm-fullhanv3-linux-uclibcgnueabi-gcc
configure:3252: checking for C compiler version
configure:3261: arm-fullhanv3-linux-uclibcgnueabi-gcc --version >&5
arm-fullhanv3-linux-uclibcgnueabi-gcc (arm_multilib_uclibc_20200924) 6.5.0
Copyright (C) 2017 Free Software Foundation, Inc.
This is free software; see the source for copying conditions.  There is NO
warranty; not even for MERCHANTABILITY or FITNESS FOR A PARTICULAR PURPOSE.

configure:3272: $? = 0
configure:3261: arm-fullhanv3-linux-uclibcgnueabi-gcc -v >&5
Using built-in specs.
COLLECT_GCC=arm-fullhanv3-linux-uclibcgnueabi-gcc
COLLECT_LTO_WRAPPER=/opt/fuhan/toolchain/arm-fullhanv3-linux-uclibcgnueabi-b6/bin/../libexec/gcc/arm-fullhanv3-linux-uclibcgnueabi/6.5.0/lto-wrapper
Target: arm-fullhanv3-linux-uclibcgnueabi
Configured with: /home/panzm/works/gcc/arm-fullhanv3-linux-uclibcgnueabi/arm-fullhanv3-linux-uclibcgnueabi/src/gcc/configure --build=i686-build_pc-linux-gnu --host=i686-build_pc-linux-gnu --target=arm-fullhanv3-linux-uclibcgnueabi --prefix=/home/panzm/projects/toolchains/arm-fullhanv3-linux-uclibcgnueabi-b6 --with-sysroot=/home/panzm/projects/toolchains/arm-fullhanv3-linux-uclibcgnueabi-b6/arm-fullhanv3-linux-uclibcgnueabi/sysroot --enable-languages=c,c++ --with-pkgversion=arm_multilib_uclibc_20200924 --with-bugurl=http://www.fullhan.com --enable-__cxa_atexit --disable-libmudflap --disable-libgomp --disable-libssp --disable-libquadmath --disable-libquadmath-support --disable-libsanitizer --disable-libmpx --with-gmp=/home/panzm/works/gcc/arm-fullhanv3-linux-uclibcgnueabi/arm-fullhanv3-linux-uclibcgnueabi/buildtools --with-mpfr=/home/panzm/works/gcc/arm-fullhanv3-linux-uclibcgnueabi/arm-fullhanv3-linux-uclibcgnueabi/buildtools --with-mpc=/home/panzm/works/gcc/arm-fullhanv3-linux-uclibcgnueabi/arm-fullhanv3-linux-uclibcgnueabi/buildtools --with-isl=/home/panzm/works/gcc/arm-fullhanv3-linux-uclibcgnueabi/arm-fullhanv3-linux-uclibcgnueabi/buildtools --enable-lto --enable-threads=posix --enable-target-optspace --disable-libstdcxx-pch --disable-plugin --disable-nls --enable-multiarch --with-multilib-list=aprofile --with-local-prefix=/home/panzm/projects/toolchains/arm-fullhanv3-linux-uclibcgnueabi-b6/arm-fullhanv3-linux-uclibcgnueabi/sysroot --enable-long-long
Thread model: posix
gcc version 6.5.0 (arm_multilib_uclibc_20200924) 
configure:3272: $? = 0
configure:3261: arm-fullhanv3-linux-uclibcgnueabi-gcc -V >&5
arm-fullhanv3-linux-uclibcgnueabi-gcc: error: unrecognized command line option '-V'
arm-fullhanv3-linux-uclibcgnueabi-gcc: fatal error: no input files
compilation terminated.
configure:3272: $? = 1
configure:3261: arm-fullhanv3-linux-uclibcgnueabi-gcc -qversion >&5
arm-fullhanv3-linux-uclibcgnueabi-gcc: error: unrecognized command line option '-qversion'; did you mean '--version'?
arm-fullhanv3-linux-uclibcgnueabi-gcc: fatal error: no input files
compilation terminated.
configure:3272: $? = 1
configure:3292: checking whether the C compiler works
configure:3314: arm-fullhanv3-linux-uclibcgnueabi-gcc   -static conftest.c  >&5
configure:3318: $? = 0
configure:3366: result: yes
configure:3369: checking for C compiler default output file name
configure:3371: result: a.out
configure:3377: checking for suffix of executables
configure:3384: arm-fullhanv3-linux-uclibcgnueabi-gcc -o conftest   -static conftest.c  >&5
configure:3388: $? = 0
configure:3410: result: 
configure:3432: checking whether we are cross compiling
configure:3440: arm-fullhanv3-linux-uclibcgnueabi-gcc -o conftest   -static conftest.c  >&5
configure:3444: $? = 0
configure:3451: ./conftest
../configure: line 3453: ./conftest: cannot execute binary file: Exec format error
configure:3455: $? = 126
configure:3470: result: yes
configure:3475: checking for suffix of object files
configure:3497: arm-fullhanv3-linux-uclibcgnueabi-gcc -c   conftest.c >&5
configure:3501: $? = 0
configure:3522: result: o
configure:3526: checking whether we are using the GNU C compiler
configure:3545: arm-fullhanv3-linux-uclibcgnueabi-gcc -c   conftest.c >&5
configure:3545: $? = 0
configure:3554: result: yes
configure:3563: checking whether arm-fullhanv3-linux-uclibcgnueabi-gcc accepts -g
configure:3583: arm-fullhanv3-linux-uclibcgnueabi-gcc -c -g  conftest.c >&5
configure:3583: $? = 0
configure:3624: result: yes
configure:3641: checking for arm-fullhanv3-linux-uclibcgnueabi-gcc option to accept ISO C89
configure:3704: arm-fullhanv3-linux-uclibcgnueabi-gcc  -c -g -O2  conftest.c >&5
configure:3704: $? = 0
configure:3717: result: none needed
configure:3742: checking whether arm-fullhanv3-linux-uclibcgnueabi-gcc understands -c and -o together
configure:3764: arm-fullhanv3-linux-uclibcgnueabi-gcc -c conftest.c -o conftest2.o
configure:3767: $? = 0
configure:3764: arm-fullhanv3-linux-uclibcgnueabi-gcc -c conftest.c -o conftest2.o
configure:3767: $? = 0
configure:3779: result: yes
configure:3807: checking for style of include used by make
configure:3835: result: GNU
configure:3861: checking dependency style of arm-fullhanv3-linux-uclibcgnueabi-gcc
configure:3972: result: gcc3
configure:4066: checking how to print strings
configure:4093: result: printf
configure:4114: checking for a sed that does not truncate output
configure:4178: result: /bin/sed
configure:4196: checking for grep that handles long lines and -e
configure:4254: result: /bin/grep
configure:4259: checking for egrep
configure:4321: result: /bin/grep -E
configure:4326: checking for fgrep
configure:4388: result: /bin/grep -F
configure:4423: checking for ld used by arm-fullhanv3-linux-uclibcgnueabi-gcc
configure:4490: result: /opt/fuhan/toolchain/arm-fullhanv3-linux-uclibcgnueabi-b6/arm-fullhanv3-linux-uclibcgnueabi/bin/ld
configure:4497: checking if the linker (/opt/fuhan/toolchain/arm-fullhanv3-linux-uclibcgnueabi-b6/arm-fullhanv3-linux-uclibcgnueabi/bin/ld) is GNU ld
configure:4512: result: yes
configure:4524: checking for BSD- or MS-compatible name lister (nm)
configure:4578: result: no
configure:4592: checking for arm-linux-dumpbin
configure:4622: result: no
configure:4592: checking for arm-linux-link
configure:4622: result: no
configure:4636: checking for dumpbin
configure:4666: result: no
configure:4636: checking for link
configure:4652: found /usr/bin/link
configure:4663: result: link -dump
configure:4679: WARNING: using cross tools not prefixed with host triplet
configure:4708: checking the name lister (nm) interface
configure:4715: arm-fullhanv3-linux-uclibcgnueabi-gcc -c -g -O2  conftest.c >&5
configure:4718: nm "conftest.o"
configure:4721: output
00000000 b $d
00000000 B some_variable
configure:4728: result: BSD nm
configure:4731: checking whether ln -s works
configure:4735: result: yes
configure:4743: checking the maximum length of command line arguments
configure:4874: result: 1572864
configure:4922: checking how to convert x86_64-pc-linux-uclibc file names to arm-unknown-linux-gnu format
configure:4962: result: func_convert_file_noop
configure:4969: checking how to convert x86_64-pc-linux-uclibc file names to toolchain format
configure:4989: result: func_convert_file_noop
configure:4996: checking for /opt/fuhan/toolchain/arm-fullhanv3-linux-uclibcgnueabi-b6/arm-fullhanv3-linux-uclibcgnueabi/bin/ld option to reload object files
configure:5003: result: -r
configure:5037: checking for arm-linux-objdump
configure:5067: result: no
configure:5077: checking for objdump
configure:5093: found /usr/bin/objdump
configure:5104: result: objdump
configure:5136: checking how to recognize dependent libraries
configure:5336: result: pass_all
configure:5381: checking for arm-linux-dlltool
configure:5411: result: no
configure:5421: checking for dlltool
configure:5451: result: no
configure:5481: checking how to associate runtime and link libraries
configure:5508: result: printf %s\n
configure:5525: checking for arm-linux-ar
configure:5555: result: no
configure:5569: checking for ar
configure:5585: found /usr/bin/ar
configure:5596: result: ar
configure:5633: checking for archiver @FILE support
configure:5650: arm-fullhanv3-linux-uclibcgnueabi-gcc -c -g -O2  conftest.c >&5
configure:5650: $? = 0
configure:5653: ar cru libconftest.a @conftest.lst >&5
ar: `u' modifier ignored since `D' is the default (see `U')
configure:5656: $? = 0
configure:5661: ar cru libconftest.a @conftest.lst >&5
ar: `u' modifier ignored since `D' is the default (see `U')
ar: conftest.o: No such file or directory
configure:5664: $? = 1
configure:5676: result: @
configure:5694: checking for arm-linux-strip
configure:5721: result: strip
configure:5793: checking for arm-linux-ranlib
configure:5823: result: no
configure:5833: checking for ranlib
configure:5849: found /usr/bin/ranlib
configure:5860: result: ranlib
configure:5962: checking command to parse nm output from arm-fullhanv3-linux-uclibcgnueabi-gcc object
configure:6115: arm-fullhanv3-linux-uclibcgnueabi-gcc -c -g -O2  conftest.c >&5
configure:6118: $? = 0
configure:6122: nm conftest.o \| sed -n -e 's/^.*[ ]\([ABCDGIRSTW][ABCDGIRSTW]*\)[ ][ ]*\([_A-Za-z][_A-Za-z0-9]*\)$/\1 \2 \2/p' | sed '/ __gnu_lto/d' \> conftest.nm
configure:6125: $? = 0
configure:6191: arm-fullhanv3-linux-uclibcgnueabi-gcc -o conftest -g -O2  -static conftest.c conftstm.o >&5
configure:6194: $? = 0
configure:6232: result: ok
configure:6279: checking for sysroot
configure:6309: result: no
configure:6316: checking for a working dd
configure:6354: result: /bin/dd
configure:6358: checking how to truncate binary pipes
configure:6373: result: /bin/dd bs=4096 count=1
configure:6662: checking for arm-linux-mt
configure:6692: result: no
configure:6702: checking for mt
configure:6718: found /bin/mt
configure:6729: result: mt
configure:6752: checking if mt is a manifest tool
configure:6758: mt '-?'
configure:6766: result: no
configure:7443: checking how to run the C preprocessor
configure:7474: arm-fullhanv3-linux-uclibcgnueabi-gcc -E  conftest.c
configure:7474: $? = 0
configure:7488: arm-fullhanv3-linux-uclibcgnueabi-gcc -E  conftest.c
conftest.c:11:28: fatal error: ac_nonexistent.h: No such file or directory
 #include <ac_nonexistent.h>
                            ^
compilation terminated.
configure:7488: $? = 1
configure: failed program was:
| /* confdefs.h */
| #define PACKAGE_NAME "libmnl"
| #define PACKAGE_TARNAME "libmnl"
| #define PACKAGE_VERSION "1.0.5"
| #define PACKAGE_STRING "libmnl 1.0.5"
| #define PACKAGE_BUGREPORT ""
| #define PACKAGE_URL ""
| #define PACKAGE "libmnl"
| #define VERSION "1.0.5"
| /* end confdefs.h.  */
| #include <ac_nonexistent.h>
configure:7513: result: arm-fullhanv3-linux-uclibcgnueabi-gcc -E
configure:7533: arm-fullhanv3-linux-uclibcgnueabi-gcc -E  conftest.c
configure:7533: $? = 0
configure:7547: arm-fullhanv3-linux-uclibcgnueabi-gcc -E  conftest.c
conftest.c:11:28: fatal error: ac_nonexistent.h: No such file or directory
 #include <ac_nonexistent.h>
                            ^
compilation terminated.
configure:7547: $? = 1
configure: failed program was:
| /* confdefs.h */
| #define PACKAGE_NAME "libmnl"
| #define PACKAGE_TARNAME "libmnl"
| #define PACKAGE_VERSION "1.0.5"
| #define PACKAGE_STRING "libmnl 1.0.5"
| #define PACKAGE_BUGREPORT ""
| #define PACKAGE_URL ""
| #define PACKAGE "libmnl"
| #define VERSION "1.0.5"
| /* end confdefs.h.  */
| #include <ac_nonexistent.h>
configure:7576: checking for ANSI C header files
configure:7596: arm-fullhanv3-linux-uclibcgnueabi-gcc -c -g -O2  conftest.c >&5
configure:7596: $? = 0
configure:7680: result: yes
configure:7693: checking for sys/types.h
configure:7693: arm-fullhanv3-linux-uclibcgnueabi-gcc -c -g -O2  conftest.c >&5
configure:7693: $? = 0
configure:7693: result: yes
configure:7693: checking for sys/stat.h
configure:7693: arm-fullhanv3-linux-uclibcgnueabi-gcc -c -g -O2  conftest.c >&5
configure:7693: $? = 0
configure:7693: result: yes
configure:7693: checking for stdlib.h
configure:7693: arm-fullhanv3-linux-uclibcgnueabi-gcc -c -g -O2  conftest.c >&5
configure:7693: $? = 0
configure:7693: result: yes
configure:7693: checking for string.h
configure:7693: arm-fullhanv3-linux-uclibcgnueabi-gcc -c -g -O2  conftest.c >&5
configure:7693: $? = 0
configure:7693: result: yes
configure:7693: checking for memory.h
configure:7693: arm-fullhanv3-linux-uclibcgnueabi-gcc -c -g -O2  conftest.c >&5
configure:7693: $? = 0
configure:7693: result: yes
configure:7693: checking for strings.h
configure:7693: arm-fullhanv3-linux-uclibcgnueabi-gcc -c -g -O2  conftest.c >&5
configure:7693: $? = 0
configure:7693: result: yes
configure:7693: checking for inttypes.h
configure:7693: arm-fullhanv3-linux-uclibcgnueabi-gcc -c -g -O2  conftest.c >&5
configure:7693: $? = 0
configure:7693: result: yes
configure:7693: checking for stdint.h
configure:7693: arm-fullhanv3-linux-uclibcgnueabi-gcc -c -g -O2  conftest.c >&5
configure:7693: $? = 0
configure:7693: result: yes
configure:7693: checking for unistd.h
configure:7693: arm-fullhanv3-linux-uclibcgnueabi-gcc -c -g -O2  conftest.c >&5
configure:7693: $? = 0
configure:7693: result: yes
configure:7707: checking for dlfcn.h
configure:7707: arm-fullhanv3-linux-uclibcgnueabi-gcc -c -g -O2  conftest.c >&5
configure:7707: $? = 0
configure:7707: result: yes
configure:7933: checking for objdir
configure:7948: result: .libs
configure:8212: checking if arm-fullhanv3-linux-uclibcgnueabi-gcc supports -fno-rtti -fno-exceptions
configure:8230: arm-fullhanv3-linux-uclibcgnueabi-gcc -c -g -O2  -fno-rtti -fno-exceptions conftest.c >&5
cc1: warning: command line option '-fno-rtti' is valid for C++/ObjC++ but not for C
configure:8234: $? = 0
configure:8247: result: no
configure:8605: checking for arm-fullhanv3-linux-uclibcgnueabi-gcc option to produce PIC
configure:8612: result: -fPIC -DPIC
configure:8620: checking if arm-fullhanv3-linux-uclibcgnueabi-gcc PIC flag -fPIC -DPIC works
configure:8638: arm-fullhanv3-linux-uclibcgnueabi-gcc -c -g -O2  -fPIC -DPIC -DPIC conftest.c >&5
configure:8642: $? = 0
configure:8655: result: yes
configure:8684: checking if arm-fullhanv3-linux-uclibcgnueabi-gcc static flag -static works
configure:8712: result: yes
configure:8727: checking if arm-fullhanv3-linux-uclibcgnueabi-gcc supports -c -o file.o
configure:8748: arm-fullhanv3-linux-uclibcgnueabi-gcc -c -g -O2  -o out/conftest2.o conftest.c >&5
configure:8752: $? = 0
configure:8774: result: yes
configure:8782: checking if arm-fullhanv3-linux-uclibcgnueabi-gcc supports -c -o file.o
configure:8829: result: yes
configure:8862: checking whether the arm-fullhanv3-linux-uclibcgnueabi-gcc linker (/opt/fuhan/toolchain/arm-fullhanv3-linux-uclibcgnueabi-b6/arm-fullhanv3-linux-uclibcgnueabi/bin/ld) supports shared libraries
configure:10125: result: yes
configure:10162: checking whether -lc should be explicitly linked in
configure:10170: arm-fullhanv3-linux-uclibcgnueabi-gcc -c -g -O2  conftest.c >&5
configure:10173: $? = 0
configure:10188: arm-fullhanv3-linux-uclibcgnueabi-gcc -shared  -fPIC -DPIC conftest.o  -v -Wl,-soname -Wl,conftest -o conftest 2\>\&1 \| /bin/grep  -lc  \>/dev/null 2\>\&1
configure:10191: $? = 0
configure:10205: result: no
configure:10365: checking dynamic linker characteristics
configure:10946: arm-fullhanv3-linux-uclibcgnueabi-gcc -o conftest -g -O2  -static -Wl,-rpath -Wl,/foo conftest.c  >&5
configure:10946: $? = 0
configure:11195: result: GNU/Linux ld.so
configure:11317: checking how to hardcode library paths into programs
configure:11342: result: immediate
configure:11890: checking whether stripping libraries is possible
configure:11895: result: yes
configure:11930: checking if libtool supports shared libraries
configure:11932: result: yes
configure:11935: checking whether to build shared libraries
configure:11960: result: yes
configure:11963: checking whether to build static libraries
configure:11967: result: no
configure:12013: checking whether compiler accepts -fvisibility=hidden
configure:12022: arm-fullhanv3-linux-uclibcgnueabi-gcc -c -g -O2 -fvisibility=hidden  conftest.c >&5
configure:12022: $? = 0
configure:12030: result: yes
configure:12076: checking for doxygen
configure:12106: result: no
configure:12118: checking for dot
configure:12148: result: no
configure:12179: WARNING: Doxygen not found - continuing without Doxygen support
configure:12295: checking that generated files are newer than configure
configure:12301: result: done
configure:12328: creating ./config.status

## ---------------------- ##
## Running config.status. ##
## ---------------------- ##

This file was extended by libmnl config.status 1.0.5, which was
generated by GNU Autoconf 2.69.  Invocation command line was

  CONFIG_FILES    = 
  CONFIG_HEADERS  = 
  CONFIG_LINKS    = 
  CONFIG_COMMANDS = 
  $ ./config.status 

on l-VirtualBox

config.status:1107: creating Makefile
config.status:1107: creating src/Makefile
config.status:1107: creating include/Makefile
config.status:1107: creating include/libmnl/Makefile
config.status:1107: creating include/linux/Makefile
config.status:1107: creating include/linux/can/Makefile
config.status:1107: creating include/linux/netfilter/Makefile
config.status:1107: creating examples/Makefile
config.status:1107: creating examples/genl/Makefile
config.status:1107: creating examples/kobject/Makefile
config.status:1107: creating examples/netfilter/Makefile
config.status:1107: creating examples/rtnl/Makefile
config.status:1107: creating libmnl.pc
config.status:1107: creating doxygen/doxygen.cfg
config.status:1107: creating doxygen/Makefile
config.status:1107: creating config.h
config.status:1273: config.h is unchanged
config.status:1321: executing depfiles commands
config.status:1321: executing libtool commands

## ---------------- ##
## Cache variables. ##
## ---------------- ##

ac_cv_build=x86_64-pc-linux-uclibc
ac_cv_c_compiler_gnu=yes
ac_cv_env_CC_set=set
ac_cv_env_CC_value=arm-fullhanv3-linux-uclibcgnueabi-gcc
ac_cv_env_CFLAGS_set=
ac_cv_env_CFLAGS_value=
ac_cv_env_CPPFLAGS_set=
ac_cv_env_CPPFLAGS_value=
ac_cv_env_CPP_set=
ac_cv_env_CPP_value=
ac_cv_env_LDFLAGS_set=set
ac_cv_env_LDFLAGS_value=-static
ac_cv_env_LIBS_set=
ac_cv_env_LIBS_value=
ac_cv_env_LT_SYS_LIBRARY_PATH_set=
ac_cv_env_LT_SYS_LIBRARY_PATH_value=
ac_cv_env_build_alias_set=
ac_cv_env_build_alias_value=
ac_cv_env_host_alias_set=set
ac_cv_env_host_alias_value=arm-linux
ac_cv_env_target_alias_set=
ac_cv_env_target_alias_value=
ac_cv_fvisibility_hidden=yes
ac_cv_header_dlfcn_h=yes
ac_cv_header_inttypes_h=yes
ac_cv_header_memory_h=yes
ac_cv_header_stdc=yes
ac_cv_header_stdint_h=yes
ac_cv_header_stdlib_h=yes
ac_cv_header_string_h=yes
ac_cv_header_strings_h=yes
ac_cv_header_sys_stat_h=yes
ac_cv_header_sys_types_h=yes
ac_cv_header_unistd_h=yes
ac_cv_host=arm-unknown-linux-gnu
ac_cv_objext=o
ac_cv_path_EGREP='/bin/grep -E'
ac_cv_path_FGREP='/bin/grep -F'
ac_cv_path_GREP=/bin/grep
ac_cv_path_SED=/bin/sed
ac_cv_path_install='/usr/bin/install -c'
ac_cv_path_lt_DD=/bin/dd
ac_cv_path_mkdir=/bin/mkdir
ac_cv_prog_AWK=mawk
ac_cv_prog_CC=arm-fullhanv3-linux-uclibcgnueabi-gcc
ac_cv_prog_CPP='arm-fullhanv3-linux-uclibcgnueabi-gcc -E'
ac_cv_prog_STRIP=strip
ac_cv_prog_ac_ct_AR=ar
ac_cv_prog_ac_ct_DUMPBIN='link -dump'
ac_cv_prog_ac_ct_MANIFEST_TOOL=mt
ac_cv_prog_ac_ct_OBJDUMP=objdump
ac_cv_prog_ac_ct_RANLIB=ranlib
ac_cv_prog_ac_ct_STRIP=strip
ac_cv_prog_cc_c89=
ac_cv_prog_cc_g=yes
ac_cv_prog_make_make_set=yes
am_cv_CC_dependencies_compiler_type=gcc3
am_cv_make_support_nested_variables=yes
am_cv_prog_cc_c_o=yes
am_cv_prog_tar_pax=gnutar
lt_cv_ar_at_file=@
lt_cv_archive_cmds_need_lc=no
lt_cv_deplibs_check_method=pass_all
lt_cv_file_magic_cmd='$MAGIC_CMD'
lt_cv_file_magic_test_file=
lt_cv_ld_reload_flag=-r
lt_cv_nm_interface='BSD nm'
lt_cv_objdir=.libs
lt_cv_path_LD=/opt/fuhan/toolchain/arm-fullhanv3-linux-uclibcgnueabi-b6/arm-fullhanv3-linux-uclibcgnueabi/bin/ld
lt_cv_path_NM=no
lt_cv_path_mainfest_tool=no
lt_cv_prog_compiler_c_o=yes
lt_cv_prog_compiler_pic='-fPIC -DPIC'
lt_cv_prog_compiler_pic_works=yes
lt_cv_prog_compiler_rtti_exceptions=no
lt_cv_prog_compiler_static_works=yes
lt_cv_prog_gnu_ld=yes
lt_cv_sharedlib_from_linklib_cmd='printf %s\n'
lt_cv_shlibpath_overrides_runpath=no
lt_cv_sys_global_symbol_pipe='sed -n -e '\''s/^.*[	 ]\([ABCDGIRSTW][ABCDGIRSTW]*\)[	 ][	 ]*\([_A-Za-z][_A-Za-z0-9]*\)$/\1 \2 \2/p'\'' | sed '\''/ __gnu_lto/d'\'''
lt_cv_sys_global_symbol_to_c_name_address='sed -n -e '\''s/^: \(.*\) .*$/  {"\1", (void *) 0},/p'\'' -e '\''s/^[ABCDGIRSTW][ABCDGIRSTW]* .* \(.*\)$/  {"\1", (void *) \&\1},/p'\'''
lt_cv_sys_global_symbol_to_c_name_address_lib_prefix='sed -n -e '\''s/^: \(.*\) .*$/  {"\1", (void *) 0},/p'\'' -e '\''s/^[ABCDGIRSTW][ABCDGIRSTW]* .* \(lib.*\)$/  {"\1", (void *) \&\1},/p'\'' -e '\''s/^[ABCDGIRSTW][ABCDGIRSTW]* .* \(.*\)$/  {"lib\1", (void *) \&\1},/p'\'''
lt_cv_sys_global_symbol_to_cdecl='sed -n -e '\''s/^T .* \(.*\)$/extern int \1();/p'\'' -e '\''s/^[ABCDGIRSTW][ABCDGIRSTW]* .* \(.*\)$/extern char \1;/p'\'''
lt_cv_sys_global_symbol_to_import=
lt_cv_sys_max_cmd_len=1572864
lt_cv_to_host_file_cmd=func_convert_file_noop
lt_cv_to_tool_file_cmd=func_convert_file_noop
lt_cv_truncate_bin='/bin/dd bs=4096 count=1'

## ----------------- ##
## Output variables. ##
## ----------------- ##

ACLOCAL='${SHELL} /home/l/share/unit_testing/iptables/libmnl/build-aux/missing aclocal-1.15'
AMDEPBACKSLASH='\'
AMDEP_FALSE='#'
AMDEP_TRUE=''
AMTAR='$${TAR-tar}'
AM_BACKSLASH='\'
AM_DEFAULT_V='$(AM_DEFAULT_VERBOSITY)'
AM_DEFAULT_VERBOSITY='0'
AM_V='$(V)'
AR='ar'
AUTOCONF='${SHELL} /home/l/share/unit_testing/iptables/libmnl/build-aux/missing autoconf'
AUTOHEADER='${SHELL} /home/l/share/unit_testing/iptables/libmnl/build-aux/missing autoheader'
AUTOMAKE='${SHELL} /home/l/share/unit_testing/iptables/libmnl/build-aux/missing automake-1.15'
AWK='mawk'
CC='arm-fullhanv3-linux-uclibcgnueabi-gcc'
CCDEPMODE='depmode=gcc3'
CFLAGS='-g -O2'
CPP='arm-fullhanv3-linux-uclibcgnueabi-gcc -E'
CPPFLAGS=''
CYGPATH_W='echo'
DEFS='-DHAVE_CONFIG_H'
DEPDIR='.deps'
DLLTOOL='false'
DOT=''
DOXYGEN=''
DSYMUTIL=''
DUMPBIN=':'
ECHO_C=''
ECHO_N='-n'
ECHO_T=''
EGREP='/bin/grep -E'
EXEEXT=''
FGREP='/bin/grep -F'
GCC_FVISIBILITY_HIDDEN='-fvisibility=hidden'
GREP='/bin/grep'
HAVE_DOT='NO'
HAVE_DOXYGEN_FALSE=''
HAVE_DOXYGEN_TRUE='#'
INSTALL_DATA='${INSTALL} -m 644'
INSTALL_PROGRAM='${INSTALL}'
INSTALL_SCRIPT='${INSTALL}'
INSTALL_STRIP_PROGRAM='$(install_sh) -c -s'
LD='/opt/fuhan/toolchain/arm-fullhanv3-linux-uclibcgnueabi-b6/arm-fullhanv3-linux-uclibcgnueabi/bin/ld'
LDFLAGS='-static'
LIBOBJS=''
LIBS=''
LIBTOOL='$(SHELL) $(top_builddir)/libtool'
LIPO=''
LN_S='ln -s'
LTLIBOBJS=''
LT_SYS_LIBRARY_PATH=''
MAKEINFO='${SHELL} /home/l/share/unit_testing/iptables/libmnl/build-aux/missing makeinfo'
MANIFEST_TOOL=':'
MKDIR_P='/bin/mkdir -p'
NM='nm'
NMEDIT=''
OBJDUMP='objdump'
OBJEXT='o'
OTOOL64=''
OTOOL=''
PACKAGE='libmnl'
PACKAGE_BUGREPORT=''
PACKAGE_NAME='libmnl'
PACKAGE_STRING='libmnl 1.0.5'
PACKAGE_TARNAME='libmnl'
PACKAGE_URL=''
PACKAGE_VERSION='1.0.5'
PATH_SEPARATOR=':'
RANLIB='ranlib'
SED='/bin/sed'
SET_MAKE=''
SHELL='/bin/bash'
STRIP='strip'
VERSION='1.0.5'
ac_ct_AR='ar'
ac_ct_CC=''
ac_ct_DUMPBIN='link -dump'
am__EXEEXT_FALSE=''
am__EXEEXT_TRUE='#'
am__fastdepCC_FALSE='#'
am__fastdepCC_TRUE=''
am__include='include'
am__isrc=' -I$(srcdir)'
am__leading_dot='.'
am__nodep='_no'
am__quote=''
am__tar='tar --format=posix -chf - "$$tardir"'
am__untar='tar -xf -'
bindir='${exec_prefix}/bin'
build='x86_64-pc-linux-uclibc'
build_alias=''
build_cpu='x86_64'
build_os='linux-uclibc'
build_vendor='pc'
datadir='${datarootdir}'
datarootdir='${prefix}/share'
docdir='${datarootdir}/doc/${PACKAGE_TARNAME}'
dvidir='${docdir}'
exec_prefix='${prefix}'
host='arm-unknown-linux-gnu'
host_alias='arm-linux'
host_cpu='arm'
host_os='linux-gnu'
host_vendor='unknown'
htmldir='${docdir}'
includedir='${prefix}/include'
infodir='${datarootdir}/info'
install_sh='${SHELL} /home/l/share/unit_testing/iptables/libmnl/build-aux/install-sh'
libdir='${exec_prefix}/lib'
libexecdir='${exec_prefix}/libexec'
localedir='${datarootdir}/locale'
localstatedir='${prefix}/var'
mandir='${datarootdir}/man'
mkdir_p='$(MKDIR_P)'
oldincludedir='/usr/include'
pdfdir='${docdir}'
prefix='/home/l/share/unit_testing/iptables/libmnl/build/install'
program_transform_name='s,x,x,'
psdir='${docdir}'
regular_CFLAGS='-Wall -Waggregate-return -Wmissing-declarations 	-Wmissing-prototypes -Wshadow -Wstrict-prototypes 	-Wformat=2 -pipe'
regular_CPPFLAGS='-D_FILE_OFFSET_BITS=64 -D_REENTRANT'
runstatedir='${localstatedir}/run'
sbindir='${exec_prefix}/sbin'
sharedstatedir='${prefix}/com'
sysconfdir='${prefix}/etc'
target_alias=''

## ----------- ##
## confdefs.h. ##
## ----------- ##

/* confdefs.h */
#define PACKAGE_NAME "libmnl"
#define PACKAGE_TARNAME "libmnl"
#define PACKAGE_VERSION "1.0.5"
#define PACKAGE_STRING "libmnl 1.0.5"
#define PACKAGE_BUGREPORT ""
#define PACKAGE_URL ""
#define PACKAGE "libmnl"
#define VERSION "1.0.5"
#define STDC_HEADERS 1
#define HAVE_SYS_TYPES_H 1
#define HAVE_SYS_STAT_H 1
#define HAVE_STDLIB_H 1
#define HAVE_STRING_H 1
#define HAVE_MEMORY_H 1
#define HAVE_STRINGS_H 1
#define HAVE_INTTYPES_H 1
#define HAVE_STDINT_H 1
#define HAVE_UNISTD_H 1
#define HAVE_DLFCN_H 1
#define LT_OBJDIR ".libs/"
#define HAVE_VISIBILITY_HIDDEN 1

configure: exit 0
